ARM GAS  /tmp/cct7v0yO.s 			page 1


   1              		.syntax unified
   2              		.cpu cortex-m3
   3              		.fpu softvfp
   4              		.eabi_attribute 20, 1
   5              		.eabi_attribute 21, 1
   6              		.eabi_attribute 23, 3
   7              		.eabi_attribute 24, 1
   8              		.eabi_attribute 25, 1
   9              		.eabi_attribute 26, 1
  10              		.eabi_attribute 30, 4
  11              		.eabi_attribute 34, 1
  12              		.eabi_attribute 18, 4
  13              		.thumb
  14              		.file	"gpio.c"
  15              		.section	.text.MX_GPIO_Init,"ax",%progbits
  16              		.align	1
  17              		.global	MX_GPIO_Init
  18              		.thumb
  19              		.thumb_func
  21              	MX_GPIO_Init:
  22              		@ args = 0, pretend = 0, frame = 16
  23              		@ frame_needed = 0, uses_anonymous_args = 0
  24              		@ link register save eliminated.
  25 0000 134B     		ldr	r3, .L2
  26 0002 84B0     		sub	sp, sp, #16
  27 0004 9A69     		ldr	r2, [r3, #24]
  28 0006 42F01002 		orr	r2, r2, #16
  29 000a 9A61     		str	r2, [r3, #24]
  30 000c 9A69     		ldr	r2, [r3, #24]
  31 000e 02F01002 		and	r2, r2, #16
  32 0012 0092     		str	r2, [sp]
  33 0014 009A     		ldr	r2, [sp]
  34 0016 9A69     		ldr	r2, [r3, #24]
  35 0018 42F02002 		orr	r2, r2, #32
  36 001c 9A61     		str	r2, [r3, #24]
  37 001e 9A69     		ldr	r2, [r3, #24]
  38 0020 02F02002 		and	r2, r2, #32
  39 0024 0192     		str	r2, [sp, #4]
  40 0026 019A     		ldr	r2, [sp, #4]
  41 0028 9A69     		ldr	r2, [r3, #24]
  42 002a 42F00402 		orr	r2, r2, #4
  43 002e 9A61     		str	r2, [r3, #24]
  44 0030 9A69     		ldr	r2, [r3, #24]
  45 0032 02F00402 		and	r2, r2, #4
  46 0036 0292     		str	r2, [sp, #8]
  47 0038 029A     		ldr	r2, [sp, #8]
  48 003a 9A69     		ldr	r2, [r3, #24]
  49 003c 42F00802 		orr	r2, r2, #8
  50 0040 9A61     		str	r2, [r3, #24]
  51 0042 9B69     		ldr	r3, [r3, #24]
  52 0044 03F00803 		and	r3, r3, #8
  53 0048 0393     		str	r3, [sp, #12]
  54 004a 039B     		ldr	r3, [sp, #12]
  55 004c 04B0     		add	sp, sp, #16
  56              		@ sp needed
  57 004e 7047     		bx	lr
  58              	.L3:
ARM GAS  /tmp/cct7v0yO.s 			page 2


  59              		.align	2
  60              	.L2:
  61 0050 00100240 		.word	1073876992
  63              		.ident	"GCC: (4.9.2-10+14~bpo8+1) 4.9.2"
ARM GAS  /tmp/cct7v0yO.s 			page 3


DEFINED SYMBOLS
                            *ABS*:0000000000000000 gpio.c
     /tmp/cct7v0yO.s:16     .text.MX_GPIO_Init:0000000000000000 $t
     /tmp/cct7v0yO.s:21     .text.MX_GPIO_Init:0000000000000000 MX_GPIO_Init
     /tmp/cct7v0yO.s:61     .text.MX_GPIO_Init:0000000000000050 $d

NO UNDEFINED SYMBOLS
