ARM GAS  /tmp/ccwzMB08.s 			page 1


   1              		.syntax unified
   2              		.cpu cortex-m3
   3              		.fpu softvfp
   4              		.eabi_attribute 20, 1
   5              		.eabi_attribute 21, 1
   6              		.eabi_attribute 23, 3
   7              		.eabi_attribute 24, 1
   8              		.eabi_attribute 25, 1
   9              		.eabi_attribute 26, 1
  10              		.eabi_attribute 30, 4
  11              		.eabi_attribute 34, 1
  12              		.eabi_attribute 18, 4
  13              		.thumb
  14              		.file	"main.c"
  15              		.section	.text.SystemClock_Config,"ax",%progbits
  16              		.align	1
  17              		.global	SystemClock_Config
  18              		.thumb
  19              		.thumb_func
  21              	SystemClock_Config:
  22              		@ args = 0, pretend = 0, frame = 72
  23              		@ frame_needed = 0, uses_anonymous_args = 0
  24 0000 10B5     		push	{r4, lr}
  25 0002 0A23     		movs	r3, #10
  26 0004 92B0     		sub	sp, sp, #72
  27 0006 0893     		str	r3, [sp, #32]
  28 0008 1023     		movs	r3, #16
  29 000a 0124     		movs	r4, #1
  30 000c 0D93     		str	r3, [sp, #52]
  31 000e 08A8     		add	r0, sp, #32
  32 0010 0023     		movs	r3, #0
  33 0012 0C94     		str	r4, [sp, #48]
  34 0014 0E94     		str	r4, [sp, #56]
  35 0016 0F93     		str	r3, [sp, #60]
  36 0018 FFF7FEFF 		bl	HAL_RCC_OscConfig
  37 001c 0146     		mov	r1, r0
  38 001e 00B1     		cbz	r0, .L2
  39              	.L8:
  40 0020 FEE7     		b	.L8
  41              	.L2:
  42 0022 0F23     		movs	r3, #15
  43 0024 0490     		str	r0, [sp, #16]
  44 0026 0590     		str	r0, [sp, #20]
  45 0028 0690     		str	r0, [sp, #24]
  46 002a 0790     		str	r0, [sp, #28]
  47 002c 03A8     		add	r0, sp, #12
  48 002e 0393     		str	r3, [sp, #12]
  49 0030 FFF7FEFF 		bl	HAL_RCC_ClockConfig
  50 0034 00B1     		cbz	r0, .L4
  51              	.L9:
  52 0036 FEE7     		b	.L9
  53              	.L4:
  54 0038 4FF40073 		mov	r3, #512
  55 003c 6846     		mov	r0, sp
  56 003e 0094     		str	r4, [sp]
  57 0040 0193     		str	r3, [sp, #4]
  58 0042 FFF7FEFF 		bl	HAL_RCCEx_PeriphCLKConfig
ARM GAS  /tmp/ccwzMB08.s 			page 2


  59 0046 0446     		mov	r4, r0
  60 0048 00B1     		cbz	r0, .L6
  61              	.L10:
  62 004a FEE7     		b	.L10
  63              	.L6:
  64 004c FFF7FEFF 		bl	HAL_RCC_GetHCLKFreq
  65 0050 4FF47A73 		mov	r3, #1000
  66 0054 B0FBF3F0 		udiv	r0, r0, r3
  67 0058 FFF7FEFF 		bl	HAL_SYSTICK_Config
  68 005c 0420     		movs	r0, #4
  69 005e FFF7FEFF 		bl	HAL_SYSTICK_CLKSourceConfig
  70 0062 4FF0FF30 		mov	r0, #-1
  71 0066 2146     		mov	r1, r4
  72 0068 2246     		mov	r2, r4
  73 006a FFF7FEFF 		bl	HAL_NVIC_SetPriority
  74 006e 12B0     		add	sp, sp, #72
  75              		@ sp needed
  76 0070 10BD     		pop	{r4, pc}
  78              		.section	.text.startup.main,"ax",%progbits
  79              		.align	1
  80              		.global	main
  81              		.thumb
  82              		.thumb_func
  84              	main:
  85              		@ Volatile: function does not return.
  86              		@ args = 0, pretend = 0, frame = 0
  87              		@ frame_needed = 0, uses_anonymous_args = 0
  88 0000 08B5     		push	{r3, lr}
  89 0002 FFF7FEFF 		bl	HAL_Init
  90 0006 FFF7FEFF 		bl	SystemClock_Config
  91 000a FFF7FEFF 		bl	MX_GPIO_Init
  92 000e FFF7FEFF 		bl	MX_RTC_Init
  93 0012 FFF7FEFF 		bl	MX_TIM3_Init
  94 0016 FFF7FEFF 		bl	MX_I2C1_Init
  95              	.L13:
  96 001a FEE7     		b	.L13
  98              		.section	.text.Error_Handler,"ax",%progbits
  99              		.align	1
 100              		.global	Error_Handler
 101              		.thumb
 102              		.thumb_func
 104              	Error_Handler:
 105              		@ Volatile: function does not return.
 106              		@ args = 0, pretend = 0, frame = 0
 107              		@ frame_needed = 0, uses_anonymous_args = 0
 108              		@ link register save eliminated.
 109              	.L15:
 110 0000 FEE7     		b	.L15
 112              		.ident	"GCC: (4.9.2-10+14~bpo8+1) 4.9.2"
ARM GAS  /tmp/ccwzMB08.s 			page 3


DEFINED SYMBOLS
                            *ABS*:0000000000000000 main.c
     /tmp/ccwzMB08.s:16     .text.SystemClock_Config:0000000000000000 $t
     /tmp/ccwzMB08.s:21     .text.SystemClock_Config:0000000000000000 SystemClock_Config
     /tmp/ccwzMB08.s:79     .text.startup.main:0000000000000000 $t
     /tmp/ccwzMB08.s:84     .text.startup.main:0000000000000000 main
     /tmp/ccwzMB08.s:99     .text.Error_Handler:0000000000000000 $t
     /tmp/ccwzMB08.s:104    .text.Error_Handler:0000000000000000 Error_Handler

UNDEFINED SYMBOLS
HAL_RCC_OscConfig
HAL_RCC_ClockConfig
HAL_RCCEx_PeriphCLKConfig
HAL_RCC_GetHCLKFreq
HAL_SYSTICK_Config
HAL_SYSTICK_CLKSourceConfig
HAL_NVIC_SetPriority
HAL_Init
MX_GPIO_Init
MX_RTC_Init
MX_TIM3_Init
MX_I2C1_Init
