ARM GAS  /tmp/ccd8j2CY.s 			page 1


   1              		.syntax unified
   2              		.cpu cortex-m3
   3              		.fpu softvfp
   4              		.eabi_attribute 20, 1
   5              		.eabi_attribute 21, 1
   6              		.eabi_attribute 23, 3
   7              		.eabi_attribute 24, 1
   8              		.eabi_attribute 25, 1
   9              		.eabi_attribute 26, 1
  10              		.eabi_attribute 30, 4
  11              		.eabi_attribute 34, 1
  12              		.eabi_attribute 18, 4
  13              		.thumb
  14              		.file	"stm32f1xx_hal_rtc.c"
  15              		.section	.text.RTC_ReadTimeCounter,"ax",%progbits
  16              		.align	1
  17              		.thumb
  18              		.thumb_func
  20              	RTC_ReadTimeCounter:
  21              		@ args = 0, pretend = 0, frame = 0
  22              		@ frame_needed = 0, uses_anonymous_args = 0
  23 0000 10B5     		push	{r4, lr}
  24 0002 0468     		ldr	r4, [r0]
  25 0004 A069     		ldr	r0, [r4, #24]
  26 0006 E369     		ldr	r3, [r4, #28]
  27 0008 A169     		ldr	r1, [r4, #24]
  28 000a 82B2     		uxth	r2, r0
  29 000c 88B2     		uxth	r0, r1
  30 000e 8242     		cmp	r2, r0
  31 0010 17BF     		itett	ne
  32 0012 E369     		ldrne	r3, [r4, #28]
  33 0014 9BB2     		uxtheq	r3, r3
  34 0016 9BB2     		uxthne	r3, r3
  35 0018 43EA0040 		orrne	r0, r3, r0, lsl #16
  36 001c 08BF     		it	eq
  37 001e 43EA0240 		orreq	r0, r3, r2, lsl #16
  38 0022 10BD     		pop	{r4, pc}
  40              		.section	.text.RTC_ReadAlarmCounter,"ax",%progbits
  41              		.align	1
  42              		.thumb
  43              		.thumb_func
  45              	RTC_ReadAlarmCounter:
  46              		@ args = 0, pretend = 0, frame = 0
  47              		@ frame_needed = 0, uses_anonymous_args = 0
  48              		@ link register save eliminated.
  49 0000 0368     		ldr	r3, [r0]
  50 0002 186A     		ldr	r0, [r3, #32]
  51 0004 5B6A     		ldr	r3, [r3, #36]
  52 0006 9BB2     		uxth	r3, r3
  53 0008 43EA0040 		orr	r0, r3, r0, lsl #16
  54 000c 7047     		bx	lr
  56              		.section	.text.RTC_ByteToBcd2,"ax",%progbits
  57              		.align	1
  58              		.thumb
  59              		.thumb_func
  61              	RTC_ByteToBcd2:
  62              		@ args = 0, pretend = 0, frame = 0
ARM GAS  /tmp/ccd8j2CY.s 			page 2


  63              		@ frame_needed = 0, uses_anonymous_args = 0
  64              		@ link register save eliminated.
  65 0000 0023     		movs	r3, #0
  66              	.L6:
  67 0002 0928     		cmp	r0, #9
  68 0004 03D9     		bls	.L9
  69 0006 0A38     		subs	r0, r0, #10
  70 0008 0133     		adds	r3, r3, #1
  71 000a C0B2     		uxtb	r0, r0
  72 000c F9E7     		b	.L6
  73              	.L9:
  74 000e 40EA0310 		orr	r0, r0, r3, lsl #4
  75 0012 C0B2     		uxtb	r0, r0
  76 0014 7047     		bx	lr
  78              		.section	.text.RTC_Bcd2ToByte,"ax",%progbits
  79              		.align	1
  80              		.thumb
  81              		.thumb_func
  83              	RTC_Bcd2ToByte:
  84              		@ args = 0, pretend = 0, frame = 0
  85              		@ frame_needed = 0, uses_anonymous_args = 0
  86              		@ link register save eliminated.
  87 0000 0309     		lsrs	r3, r0, #4
  88 0002 0A22     		movs	r2, #10
  89 0004 00F00F00 		and	r0, r0, #15
  90 0008 02FB0300 		mla	r0, r2, r3, r0
  91 000c C0B2     		uxtb	r0, r0
  92 000e 7047     		bx	lr
  94              		.section	.text.RTC_WeekDayNum,"ax",%progbits
  95              		.align	1
  96              		.thumb
  97              		.thumb_func
  99              	RTC_WeekDayNum:
 100              		@ args = 0, pretend = 0, frame = 0
 101              		@ frame_needed = 0, uses_anonymous_args = 0
 102 0000 0229     		cmp	r1, #2
 103 0002 10B5     		push	{r4, lr}
 104 0004 1CD8     		bhi	.L12
 105 0006 00F2CF74 		addw	r4, r0, #1999
 106 000a 4FF4C873 		mov	r3, #400
 107 000e B4FBF3F3 		udiv	r3, r4, r3
 108 0012 00F2D470 		addw	r0, r0, #2004
 109 0016 00EB9400 		add	r0, r0, r4, lsr #2
 110 001a 1844     		add	r0, r0, r3
 111 001c 6423     		movs	r3, #100
 112 001e B4FBF3F4 		udiv	r4, r4, r3
 113 0022 1723     		movs	r3, #23
 114 0024 5943     		muls	r1, r3, r1
 115 0026 0923     		movs	r3, #9
 116 0028 91FBF3F1 		sdiv	r1, r1, r3
 117 002c 001B     		subs	r0, r0, r4
 118 002e 0A44     		add	r2, r2, r1
 119 0030 1044     		add	r0, r0, r2
 120 0032 0723     		movs	r3, #7
 121 0034 B0FBF3F3 		udiv	r3, r0, r3
 122 0038 C3EBC303 		rsb	r3, r3, r3, lsl #3
 123 003c C01A     		subs	r0, r0, r3
ARM GAS  /tmp/ccd8j2CY.s 			page 3


 124 003e 1BE0     		b	.L13
 125              	.L12:
 126 0040 00F5FA64 		add	r4, r0, #2000
 127 0044 4FF4C873 		mov	r3, #400
 128 0048 B4FBF3F3 		udiv	r3, r4, r3
 129 004c 00F2D270 		addw	r0, r0, #2002
 130 0050 00EB9400 		add	r0, r0, r4, lsr #2
 131 0054 1844     		add	r0, r0, r3
 132 0056 6423     		movs	r3, #100
 133 0058 B4FBF3F4 		udiv	r4, r4, r3
 134 005c 1723     		movs	r3, #23
 135 005e 5943     		muls	r1, r3, r1
 136 0060 0923     		movs	r3, #9
 137 0062 91FBF3F1 		sdiv	r1, r1, r3
 138 0066 001B     		subs	r0, r0, r4
 139 0068 0A44     		add	r2, r2, r1
 140 006a 0244     		add	r2, r2, r0
 141 006c 0720     		movs	r0, #7
 142 006e B2FBF0F0 		udiv	r0, r2, r0
 143 0072 C0EBC000 		rsb	r0, r0, r0, lsl #3
 144 0076 101A     		subs	r0, r2, r0
 145              	.L13:
 146 0078 C0B2     		uxtb	r0, r0
 147 007a 10BD     		pop	{r4, pc}
 149              		.section	.text.RTC_EnterInitMode,"ax",%progbits
 150              		.align	1
 151              		.thumb
 152              		.thumb_func
 154              	RTC_EnterInitMode:
 155              		@ args = 0, pretend = 0, frame = 0
 156              		@ frame_needed = 0, uses_anonymous_args = 0
 157 0000 38B5     		push	{r3, r4, r5, lr}
 158 0002 0446     		mov	r4, r0
 159 0004 FFF7FEFF 		bl	HAL_GetTick
 160 0008 0546     		mov	r5, r0
 161              	.L15:
 162 000a 2368     		ldr	r3, [r4]
 163 000c 5A68     		ldr	r2, [r3, #4]
 164 000e 9206     		lsls	r2, r2, #26
 165 0010 07D4     		bmi	.L19
 166 0012 FFF7FEFF 		bl	HAL_GetTick
 167 0016 401B     		subs	r0, r0, r5
 168 0018 B0F57A7F 		cmp	r0, #1000
 169 001c F5D9     		bls	.L15
 170 001e 0320     		movs	r0, #3
 171 0020 38BD     		pop	{r3, r4, r5, pc}
 172              	.L19:
 173 0022 5A68     		ldr	r2, [r3, #4]
 174 0024 0020     		movs	r0, #0
 175 0026 42F01002 		orr	r2, r2, #16
 176 002a 5A60     		str	r2, [r3, #4]
 177 002c 38BD     		pop	{r3, r4, r5, pc}
 179              		.section	.text.RTC_ExitInitMode,"ax",%progbits
 180              		.align	1
 181              		.thumb
 182              		.thumb_func
 184              	RTC_ExitInitMode:
ARM GAS  /tmp/ccd8j2CY.s 			page 4


 185              		@ args = 0, pretend = 0, frame = 0
 186              		@ frame_needed = 0, uses_anonymous_args = 0
 187 0000 0268     		ldr	r2, [r0]
 188 0002 38B5     		push	{r3, r4, r5, lr}
 189 0004 5368     		ldr	r3, [r2, #4]
 190 0006 0446     		mov	r4, r0
 191 0008 23F01003 		bic	r3, r3, #16
 192 000c 5360     		str	r3, [r2, #4]
 193 000e FFF7FEFF 		bl	HAL_GetTick
 194 0012 0546     		mov	r5, r0
 195              	.L21:
 196 0014 2368     		ldr	r3, [r4]
 197 0016 5B68     		ldr	r3, [r3, #4]
 198 0018 9B06     		lsls	r3, r3, #26
 199 001a 07D4     		bmi	.L25
 200 001c FFF7FEFF 		bl	HAL_GetTick
 201 0020 401B     		subs	r0, r0, r5
 202 0022 B0F57A7F 		cmp	r0, #1000
 203 0026 F5D9     		bls	.L21
 204 0028 0320     		movs	r0, #3
 205 002a 38BD     		pop	{r3, r4, r5, pc}
 206              	.L25:
 207 002c 0020     		movs	r0, #0
 208 002e 38BD     		pop	{r3, r4, r5, pc}
 210              		.section	.text.RTC_WriteTimeCounter,"ax",%progbits
 211              		.align	1
 212              		.thumb
 213              		.thumb_func
 215              	RTC_WriteTimeCounter:
 216              		@ args = 0, pretend = 0, frame = 0
 217              		@ frame_needed = 0, uses_anonymous_args = 0
 218 0000 38B5     		push	{r3, r4, r5, lr}
 219 0002 0546     		mov	r5, r0
 220 0004 0C46     		mov	r4, r1
 221 0006 FFF7FEFF 		bl	RTC_EnterInitMode
 222 000a 58B9     		cbnz	r0, .L28
 223 000c 2B68     		ldr	r3, [r5]
 224 000e 220C     		lsrs	r2, r4, #16
 225 0010 A4B2     		uxth	r4, r4
 226 0012 9A61     		str	r2, [r3, #24]
 227 0014 2846     		mov	r0, r5
 228 0016 DC61     		str	r4, [r3, #28]
 229 0018 FFF7FEFF 		bl	RTC_ExitInitMode
 230 001c 0030     		adds	r0, r0, #0
 231 001e 18BF     		it	ne
 232 0020 0120     		movne	r0, #1
 233 0022 38BD     		pop	{r3, r4, r5, pc}
 234              	.L28:
 235 0024 0120     		movs	r0, #1
 236 0026 38BD     		pop	{r3, r4, r5, pc}
 238              		.section	.text.RTC_WriteAlarmCounter,"ax",%progbits
 239              		.align	1
 240              		.thumb
 241              		.thumb_func
 243              	RTC_WriteAlarmCounter:
 244              		@ args = 0, pretend = 0, frame = 0
 245              		@ frame_needed = 0, uses_anonymous_args = 0
ARM GAS  /tmp/ccd8j2CY.s 			page 5


 246 0000 38B5     		push	{r3, r4, r5, lr}
 247 0002 0546     		mov	r5, r0
 248 0004 0C46     		mov	r4, r1
 249 0006 FFF7FEFF 		bl	RTC_EnterInitMode
 250 000a 58B9     		cbnz	r0, .L31
 251 000c 2B68     		ldr	r3, [r5]
 252 000e 220C     		lsrs	r2, r4, #16
 253 0010 A4B2     		uxth	r4, r4
 254 0012 1A62     		str	r2, [r3, #32]
 255 0014 2846     		mov	r0, r5
 256 0016 5C62     		str	r4, [r3, #36]
 257 0018 FFF7FEFF 		bl	RTC_ExitInitMode
 258 001c 0030     		adds	r0, r0, #0
 259 001e 18BF     		it	ne
 260 0020 0120     		movne	r0, #1
 261 0022 38BD     		pop	{r3, r4, r5, pc}
 262              	.L31:
 263 0024 0120     		movs	r0, #1
 264 0026 38BD     		pop	{r3, r4, r5, pc}
 266              		.section	.text.HAL_RTC_MspInit,"ax",%progbits
 267              		.align	1
 268              		.weak	HAL_RTC_MspInit
 269              		.thumb
 270              		.thumb_func
 272              	HAL_RTC_MspInit:
 273              		@ args = 0, pretend = 0, frame = 0
 274              		@ frame_needed = 0, uses_anonymous_args = 0
 275              		@ link register save eliminated.
 276 0000 7047     		bx	lr
 278              		.section	.text.HAL_RTC_MspDeInit,"ax",%progbits
 279              		.align	1
 280              		.weak	HAL_RTC_MspDeInit
 281              		.thumb
 282              		.thumb_func
 284              	HAL_RTC_MspDeInit:
 285              		@ args = 0, pretend = 0, frame = 0
 286              		@ frame_needed = 0, uses_anonymous_args = 0
 287              		@ link register save eliminated.
 288 0000 7047     		bx	lr
 290              		.section	.text.HAL_RTC_SetTime,"ax",%progbits
 291              		.align	1
 292              		.global	HAL_RTC_SetTime
 293              		.thumb
 294              		.thumb_func
 296              	HAL_RTC_SetTime:
 297              		@ args = 0, pretend = 0, frame = 0
 298              		@ frame_needed = 0, uses_anonymous_args = 0
 299 0000 F8B5     		push	{r3, r4, r5, r6, r7, lr}
 300 0002 0446     		mov	r4, r0
 301 0004 0028     		cmp	r0, #0
 302 0006 4DD0     		beq	.L41
 303 0008 0029     		cmp	r1, #0
 304 000a 4BD0     		beq	.L41
 305 000c 037C     		ldrb	r3, [r0, #16]	@ zero_extendqisi2
 306 000e 0226     		movs	r6, #2
 307 0010 012B     		cmp	r3, #1
 308 0012 48D0     		beq	.L35
ARM GAS  /tmp/ccd8j2CY.s 			page 6


 309 0014 0123     		movs	r3, #1
 310 0016 0374     		strb	r3, [r0, #16]
 311 0018 4674     		strb	r6, [r0, #17]
 312 001a 0878     		ldrb	r0, [r1]	@ zero_extendqisi2
 313 001c 4D78     		ldrb	r5, [r1, #1]	@ zero_extendqisi2
 314 001e 8F78     		ldrb	r7, [r1, #2]	@ zero_extendqisi2
 315 0020 3AB9     		cbnz	r2, .L36
 316 0022 3C23     		movs	r3, #60
 317 0024 6B43     		muls	r3, r5, r3
 318 0026 4FF46165 		mov	r5, #3600
 319 002a 05FB0030 		mla	r0, r5, r0, r3
 320 002e C519     		adds	r5, r0, r7
 321 0030 0FE0     		b	.L37
 322              	.L36:
 323 0032 FFF7FEFF 		bl	RTC_Bcd2ToByte
 324 0036 0646     		mov	r6, r0
 325 0038 2846     		mov	r0, r5
 326 003a FFF7FEFF 		bl	RTC_Bcd2ToByte
 327 003e 3C23     		movs	r3, #60
 328 0040 5843     		muls	r0, r3, r0
 329 0042 4FF46165 		mov	r5, #3600
 330 0046 05FB0605 		mla	r5, r5, r6, r0
 331 004a 3846     		mov	r0, r7
 332 004c FFF7FEFF 		bl	RTC_Bcd2ToByte
 333 0050 0544     		add	r5, r5, r0
 334              	.L37:
 335 0052 2046     		mov	r0, r4
 336 0054 2946     		mov	r1, r5
 337 0056 FFF7FEFF 		bl	RTC_WriteTimeCounter
 338 005a 0646     		mov	r6, r0
 339 005c 20B1     		cbz	r0, .L38
 340 005e 0423     		movs	r3, #4
 341 0060 6374     		strb	r3, [r4, #17]
 342 0062 0023     		movs	r3, #0
 343 0064 2374     		strb	r3, [r4, #16]
 344 0066 1DE0     		b	.L41
 345              	.L38:
 346 0068 2268     		ldr	r2, [r4]
 347 006a 2046     		mov	r0, r4
 348 006c 5368     		ldr	r3, [r2, #4]
 349 006e 23F00503 		bic	r3, r3, #5
 350 0072 5360     		str	r3, [r2, #4]
 351 0074 FFF7FEFF 		bl	RTC_ReadAlarmCounter
 352 0078 431C     		adds	r3, r0, #1
 353 007a 0146     		mov	r1, r0
 354 007c 0DD0     		beq	.L39
 355 007e A842     		cmp	r0, r5
 356 0080 0BD2     		bcs	.L39
 357 0082 01F5A831 		add	r1, r1, #86016
 358 0086 2046     		mov	r0, r4
 359 0088 01F5C071 		add	r1, r1, #384
 360 008c FFF7FEFF 		bl	RTC_WriteAlarmCounter
 361 0090 18B1     		cbz	r0, .L39
 362 0092 0423     		movs	r3, #4
 363 0094 6374     		strb	r3, [r4, #17]
 364 0096 2674     		strb	r6, [r4, #16]
 365 0098 04E0     		b	.L41
ARM GAS  /tmp/ccd8j2CY.s 			page 7


 366              	.L39:
 367 009a 0123     		movs	r3, #1
 368 009c 6374     		strb	r3, [r4, #17]
 369 009e 0023     		movs	r3, #0
 370 00a0 2374     		strb	r3, [r4, #16]
 371 00a2 00E0     		b	.L35
 372              	.L41:
 373 00a4 0126     		movs	r6, #1
 374              	.L35:
 375 00a6 3046     		mov	r0, r6
 376 00a8 F8BD     		pop	{r3, r4, r5, r6, r7, pc}
 378              		.section	.text.HAL_RTC_GetTime,"ax",%progbits
 379              		.align	1
 380              		.global	HAL_RTC_GetTime
 381              		.thumb
 382              		.thumb_func
 384              	HAL_RTC_GetTime:
 385              		@ args = 0, pretend = 0, frame = 0
 386              		@ frame_needed = 0, uses_anonymous_args = 0
 387 0000 2DE9F843 		push	{r3, r4, r5, r6, r7, r8, r9, lr}
 388 0004 0D46     		mov	r5, r1
 389 0006 1746     		mov	r7, r2
 390 0008 0446     		mov	r4, r0
 391 000a 10B9     		cbnz	r0, .L50
 392              	.L52:
 393 000c 0120     		movs	r0, #1
 394 000e BDE8F883 		pop	{r3, r4, r5, r6, r7, r8, r9, pc}
 395              	.L50:
 396 0012 0029     		cmp	r1, #0
 397 0014 FAD0     		beq	.L52
 398 0016 0368     		ldr	r3, [r0]
 399 0018 5B68     		ldr	r3, [r3, #4]
 400 001a 5E07     		lsls	r6, r3, #29
 401 001c F6D4     		bmi	.L52
 402 001e FFF7FEFF 		bl	RTC_ReadTimeCounter
 403 0022 4FF46162 		mov	r2, #3600
 404 0026 B0FBF2F3 		udiv	r3, r0, r2
 405 002a 02FB1302 		mls	r2, r2, r3, r0
 406 002e 8146     		mov	r9, r0
 407 0030 3C20     		movs	r0, #60
 408 0032 B2FBF0F1 		udiv	r1, r2, r0
 409 0036 00FB1122 		mls	r2, r0, r1, r2
 410 003a 172B     		cmp	r3, #23
 411 003c 6970     		strb	r1, [r5, #1]
 412 003e AA70     		strb	r2, [r5, #2]
 413 0040 72D9     		bls	.L53
 414 0042 1822     		movs	r2, #24
 415 0044 B3FBF2F8 		udiv	r8, r3, r2
 416 0048 02FB1833 		mls	r3, r2, r8, r3
 417 004c 2046     		mov	r0, r4
 418 004e 2B70     		strb	r3, [r5]
 419 0050 FFF7FEFF 		bl	RTC_ReadAlarmCounter
 420 0054 0646     		mov	r6, r0
 421 0056 0130     		adds	r0, r0, #1
 422 0058 05D0     		beq	.L54
 423 005a 4E45     		cmp	r6, r9
 424 005c 8CBF     		ite	hi
ARM GAS  /tmp/ccd8j2CY.s 			page 8


 425 005e C9EB0606 		rsbhi	r6, r9, r6
 426 0062 4FF0FF36 		movls	r6, #-1
 427              	.L54:
 428 0066 3E4B     		ldr	r3, .L106
 429 0068 2046     		mov	r0, r4
 430 006a 03FB1899 		mls	r9, r3, r8, r9
 431 006e 4946     		mov	r1, r9
 432 0070 FFF7FEFF 		bl	RTC_WriteTimeCounter
 433 0074 0028     		cmp	r0, #0
 434 0076 C9D1     		bne	.L52
 435 0078 711C     		adds	r1, r6, #1
 436 007a 2046     		mov	r0, r4
 437 007c 02D0     		beq	.L55
 438 007e 06EB0901 		add	r1, r6, r9
 439 0082 00E0     		b	.L100
 440              	.L55:
 441 0084 3146     		mov	r1, r6
 442              	.L100:
 443 0086 FFF7FEFF 		bl	RTC_WriteAlarmCounter
 444 008a 0028     		cmp	r0, #0
 445 008c BED1     		bne	.L52
 446 008e E07B     		ldrb	r0, [r4, #15]	@ zero_extendqisi2
 447 0090 617B     		ldrb	r1, [r4, #13]	@ zero_extendqisi2
 448 0092 A27B     		ldrb	r2, [r4, #14]	@ zero_extendqisi2
 449 0094 0026     		movs	r6, #0
 450              	.L56:
 451 0096 21F00203 		bic	r3, r1, #2
 452 009a 012B     		cmp	r3, #1
 453 009c 55D0     		beq	.L58
 454 009e 0529     		cmp	r1, #5
 455 00a0 53D0     		beq	.L58
 456 00a2 A1F1070E 		sub	lr, r1, #7
 457 00a6 BEF1010F 		cmp	lr, #1
 458 00aa 4ED9     		bls	.L58
 459 00ac 0A29     		cmp	r1, #10
 460 00ae 4CD0     		beq	.L58
 461 00b0 0C29     		cmp	r1, #12
 462 00b2 4FD0     		beq	.L105
 463 00b4 042B     		cmp	r3, #4
 464 00b6 01D0     		beq	.L62
 465 00b8 092B     		cmp	r3, #9
 466 00ba 01D1     		bne	.L63
 467              	.L62:
 468 00bc 1D2A     		cmp	r2, #29
 469 00be 45E0     		b	.L104
 470              	.L63:
 471 00c0 0229     		cmp	r1, #2
 472 00c2 25D1     		bne	.L61
 473 00c4 1B2A     		cmp	r2, #27
 474 00c6 01D8     		bhi	.L65
 475              	.L101:
 476 00c8 0132     		adds	r2, r2, #1
 477 00ca 21E0     		b	.L61
 478              	.L65:
 479 00cc 1C2A     		cmp	r2, #28
 480 00ce 18D1     		bne	.L66
 481 00d0 83B2     		uxth	r3, r0
ARM GAS  /tmp/ccd8j2CY.s 			page 9


 482 00d2 9A07     		lsls	r2, r3, #30
 483 00d4 1AD1     		bne	.L75
 484 00d6 4FF0640E 		mov	lr, #100
 485 00da B3FBFEF2 		udiv	r2, r3, lr
 486 00de 0EFB1232 		mls	r2, lr, r2, r3
 487 00e2 92B2     		uxth	r2, r2
 488 00e4 82B9     		cbnz	r2, .L73
 489 00e6 4FF4C871 		mov	r1, #400
 490 00ea B3FBF1F2 		udiv	r2, r3, r1
 491 00ee 01FB1233 		mls	r3, r1, r2, r3
 492 00f2 9BB2     		uxth	r3, r3
 493 00f4 002B     		cmp	r3, #0
 494 00f6 13BF     		iteet	ne
 495 00f8 0122     		movne	r2, #1
 496 00fa 1D22     		moveq	r2, #29
 497 00fc 0221     		moveq	r1, #2
 498 00fe 0321     		movne	r1, #3
 499 0100 06E0     		b	.L61
 500              	.L66:
 501 0102 1D2A     		cmp	r2, #29
 502 0104 04D1     		bne	.L61
 503 0106 01E0     		b	.L75
 504              	.L73:
 505 0108 1D22     		movs	r2, #29
 506 010a 01E0     		b	.L61
 507              	.L75:
 508 010c 0122     		movs	r2, #1
 509 010e 0321     		movs	r1, #3
 510              	.L61:
 511 0110 0136     		adds	r6, r6, #1
 512 0112 4645     		cmp	r6, r8
 513 0114 BFD1     		bne	.L56
 514 0116 C9B2     		uxtb	r1, r1
 515 0118 D2B2     		uxtb	r2, r2
 516 011a E073     		strb	r0, [r4, #15]
 517 011c 6173     		strb	r1, [r4, #13]
 518 011e A273     		strb	r2, [r4, #14]
 519 0120 FFF7FEFF 		bl	RTC_WeekDayNum
 520 0124 2073     		strb	r0, [r4, #12]
 521 0126 00E0     		b	.L67
 522              	.L53:
 523 0128 2B70     		strb	r3, [r5]
 524              	.L67:
 525 012a 5FB1     		cbz	r7, .L102
 526 012c 2878     		ldrb	r0, [r5]	@ zero_extendqisi2
 527 012e FFF7FEFF 		bl	RTC_ByteToBcd2
 528 0132 2870     		strb	r0, [r5]
 529 0134 6878     		ldrb	r0, [r5, #1]	@ zero_extendqisi2
 530 0136 FFF7FEFF 		bl	RTC_ByteToBcd2
 531 013a 6870     		strb	r0, [r5, #1]
 532 013c A878     		ldrb	r0, [r5, #2]	@ zero_extendqisi2
 533 013e FFF7FEFF 		bl	RTC_ByteToBcd2
 534 0142 A870     		strb	r0, [r5, #2]
 535              	.L102:
 536 0144 0020     		movs	r0, #0
 537 0146 BDE8F883 		pop	{r3, r4, r5, r6, r7, r8, r9, pc}
 538              	.L58:
ARM GAS  /tmp/ccd8j2CY.s 			page 10


 539 014a 1E2A     		cmp	r2, #30
 540              	.L104:
 541 014c BCD9     		bls	.L101
 542 014e 0131     		adds	r1, r1, #1
 543 0150 0122     		movs	r2, #1
 544 0152 DDE7     		b	.L61
 545              	.L105:
 546 0154 1E2A     		cmp	r2, #30
 547 0156 B7D9     		bls	.L101
 548 0158 0122     		movs	r2, #1
 549 015a 0130     		adds	r0, r0, #1
 550 015c 1146     		mov	r1, r2
 551 015e D7E7     		b	.L61
 552              	.L107:
 553              		.align	2
 554              	.L106:
 555 0160 80510100 		.word	86400
 557              		.section	.text.HAL_RTC_SetDate,"ax",%progbits
 558              		.align	1
 559              		.global	HAL_RTC_SetDate
 560              		.thumb
 561              		.thumb_func
 563              	HAL_RTC_SetDate:
 564              		@ args = 0, pretend = 0, frame = 0
 565              		@ frame_needed = 0, uses_anonymous_args = 0
 566 0000 F8B5     		push	{r3, r4, r5, r6, r7, lr}
 567 0002 0D46     		mov	r5, r1
 568 0004 0446     		mov	r4, r0
 569 0006 0028     		cmp	r0, #0
 570 0008 55D0     		beq	.L115
 571 000a 0029     		cmp	r1, #0
 572 000c 53D0     		beq	.L115
 573 000e 037C     		ldrb	r3, [r0, #16]	@ zero_extendqisi2
 574 0010 0220     		movs	r0, #2
 575 0012 012B     		cmp	r3, #1
 576 0014 50D0     		beq	.L109
 577 0016 0123     		movs	r3, #1
 578 0018 2374     		strb	r3, [r4, #16]
 579 001a 6074     		strb	r0, [r4, #17]
 580 001c C878     		ldrb	r0, [r1, #3]	@ zero_extendqisi2
 581 001e 4F78     		ldrb	r7, [r1, #1]	@ zero_extendqisi2
 582 0020 8E78     		ldrb	r6, [r1, #2]	@ zero_extendqisi2
 583 0022 1AB9     		cbnz	r2, .L110
 584 0024 E073     		strb	r0, [r4, #15]
 585 0026 6773     		strb	r7, [r4, #13]
 586 0028 A673     		strb	r6, [r4, #14]
 587 002a 0AE0     		b	.L111
 588              	.L110:
 589 002c FFF7FEFF 		bl	RTC_Bcd2ToByte
 590 0030 E073     		strb	r0, [r4, #15]
 591 0032 3846     		mov	r0, r7
 592 0034 FFF7FEFF 		bl	RTC_Bcd2ToByte
 593 0038 6073     		strb	r0, [r4, #13]
 594 003a 3046     		mov	r0, r6
 595 003c FFF7FEFF 		bl	RTC_Bcd2ToByte
 596 0040 A073     		strb	r0, [r4, #14]
 597              	.L111:
ARM GAS  /tmp/ccd8j2CY.s 			page 11


 598 0042 E07B     		ldrb	r0, [r4, #15]	@ zero_extendqisi2
 599 0044 617B     		ldrb	r1, [r4, #13]	@ zero_extendqisi2
 600 0046 A27B     		ldrb	r2, [r4, #14]	@ zero_extendqisi2
 601 0048 FFF7FEFF 		bl	RTC_WeekDayNum
 602 004c 2073     		strb	r0, [r4, #12]
 603 004e 2870     		strb	r0, [r5]
 604 0050 2046     		mov	r0, r4
 605 0052 FFF7FEFF 		bl	RTC_ReadTimeCounter
 606 0056 4FF46163 		mov	r3, #3600
 607 005a B0FBF3F3 		udiv	r3, r0, r3
 608 005e 182B     		cmp	r3, #24
 609 0060 24D9     		bls	.L112
 610 0062 1825     		movs	r5, #24
 611 0064 B3FBF5F3 		udiv	r3, r3, r5
 612 0068 144D     		ldr	r5, .L123
 613 006a 05FB1305 		mls	r5, r5, r3, r0
 614 006e 2046     		mov	r0, r4
 615 0070 2946     		mov	r1, r5
 616 0072 FFF7FEFF 		bl	RTC_WriteTimeCounter
 617 0076 0646     		mov	r6, r0
 618 0078 20B1     		cbz	r0, .L113
 619 007a 0423     		movs	r3, #4
 620 007c 6374     		strb	r3, [r4, #17]
 621 007e 0023     		movs	r3, #0
 622 0080 2374     		strb	r3, [r4, #16]
 623 0082 18E0     		b	.L115
 624              	.L113:
 625 0084 2046     		mov	r0, r4
 626 0086 FFF7FEFF 		bl	RTC_ReadAlarmCounter
 627 008a 431C     		adds	r3, r0, #1
 628 008c 0146     		mov	r1, r0
 629 008e 0DD0     		beq	.L112
 630 0090 A842     		cmp	r0, r5
 631 0092 0BD2     		bcs	.L112
 632 0094 01F5A831 		add	r1, r1, #86016
 633 0098 2046     		mov	r0, r4
 634 009a 01F5C071 		add	r1, r1, #384
 635 009e FFF7FEFF 		bl	RTC_WriteAlarmCounter
 636 00a2 18B1     		cbz	r0, .L112
 637 00a4 0423     		movs	r3, #4
 638 00a6 6374     		strb	r3, [r4, #17]
 639 00a8 2674     		strb	r6, [r4, #16]
 640 00aa 04E0     		b	.L115
 641              	.L112:
 642 00ac 0123     		movs	r3, #1
 643 00ae 0020     		movs	r0, #0
 644 00b0 6374     		strb	r3, [r4, #17]
 645 00b2 2074     		strb	r0, [r4, #16]
 646 00b4 F8BD     		pop	{r3, r4, r5, r6, r7, pc}
 647              	.L115:
 648 00b6 0120     		movs	r0, #1
 649              	.L109:
 650 00b8 F8BD     		pop	{r3, r4, r5, r6, r7, pc}
 651              	.L124:
 652 00ba 00BF     		.align	2
 653              	.L123:
 654 00bc 80510100 		.word	86400
ARM GAS  /tmp/ccd8j2CY.s 			page 12


 656              		.section	.text.HAL_RTC_GetDate,"ax",%progbits
 657              		.align	1
 658              		.global	HAL_RTC_GetDate
 659              		.thumb
 660              		.thumb_func
 662              	HAL_RTC_GetDate:
 663              		@ args = 0, pretend = 0, frame = 8
 664              		@ frame_needed = 0, uses_anonymous_args = 0
 665 0000 2DE9F341 		push	{r0, r1, r4, r5, r6, r7, r8, lr}
 666 0004 9046     		mov	r8, r2
 667 0006 0022     		movs	r2, #0
 668 0008 0C46     		mov	r4, r1
 669 000a ADF80420 		strh	r2, [sp, #4]	@ movhi
 670 000e 8DF80620 		strb	r2, [sp, #6]
 671 0012 0546     		mov	r5, r0
 672 0014 08B9     		cbnz	r0, .L126
 673              	.L128:
 674 0016 0126     		movs	r6, #1
 675 0018 1DE0     		b	.L127
 676              	.L126:
 677 001a 0029     		cmp	r1, #0
 678 001c FBD0     		beq	.L128
 679 001e 01A9     		add	r1, sp, #4
 680 0020 FFF7FEFF 		bl	HAL_RTC_GetTime
 681 0024 0646     		mov	r6, r0
 682 0026 0028     		cmp	r0, #0
 683 0028 F5D1     		bne	.L128
 684 002a 2B7B     		ldrb	r3, [r5, #12]	@ zero_extendqisi2
 685 002c E87B     		ldrb	r0, [r5, #15]	@ zero_extendqisi2
 686 002e 6F7B     		ldrb	r7, [r5, #13]	@ zero_extendqisi2
 687 0030 AD7B     		ldrb	r5, [r5, #14]	@ zero_extendqisi2
 688 0032 2370     		strb	r3, [r4]
 689 0034 E070     		strb	r0, [r4, #3]
 690 0036 6770     		strb	r7, [r4, #1]
 691 0038 A570     		strb	r5, [r4, #2]
 692 003a B8F1000F 		cmp	r8, #0
 693 003e 0AD0     		beq	.L127
 694 0040 FFF7FEFF 		bl	RTC_ByteToBcd2
 695 0044 E070     		strb	r0, [r4, #3]
 696 0046 3846     		mov	r0, r7
 697 0048 FFF7FEFF 		bl	RTC_ByteToBcd2
 698 004c 6070     		strb	r0, [r4, #1]
 699 004e 2846     		mov	r0, r5
 700 0050 FFF7FEFF 		bl	RTC_ByteToBcd2
 701 0054 A070     		strb	r0, [r4, #2]
 702              	.L127:
 703 0056 3046     		mov	r0, r6
 704 0058 02B0     		add	sp, sp, #8
 705              		@ sp needed
 706 005a BDE8F081 		pop	{r4, r5, r6, r7, r8, pc}
 708              		.section	.text.HAL_RTC_SetAlarm,"ax",%progbits
 709              		.align	1
 710              		.global	HAL_RTC_SetAlarm
 711              		.thumb
 712              		.thumb_func
 714              	HAL_RTC_SetAlarm:
 715              		@ args = 0, pretend = 0, frame = 8
ARM GAS  /tmp/ccd8j2CY.s 			page 13


 716              		@ frame_needed = 0, uses_anonymous_args = 0
 717 0000 2DE9F74F 		push	{r0, r1, r2, r4, r5, r6, r7, r8, r9, r10, fp, lr}
 718 0004 1446     		mov	r4, r2
 719 0006 0022     		movs	r2, #0
 720 0008 0D46     		mov	r5, r1
 721 000a ADF80420 		strh	r2, [sp, #4]	@ movhi
 722 000e 8DF80620 		strb	r2, [sp, #6]
 723 0012 0646     		mov	r6, r0
 724 0014 0028     		cmp	r0, #0
 725 0016 43D0     		beq	.L147
 726 0018 0029     		cmp	r1, #0
 727 001a 41D0     		beq	.L147
 728 001c 037C     		ldrb	r3, [r0, #16]	@ zero_extendqisi2
 729 001e 012B     		cmp	r3, #1
 730 0020 4FF00203 		mov	r3, #2
 731 0024 42D0     		beq	.L143
 732 0026 0121     		movs	r1, #1
 733 0028 0174     		strb	r1, [r0, #16]
 734 002a 4374     		strb	r3, [r0, #17]
 735 002c 01A9     		add	r1, sp, #4
 736 002e FFF7FEFF 		bl	HAL_RTC_GetTime
 737 0032 A8BB     		cbnz	r0, .L147
 738 0034 9DF80590 		ldrb	r9, [sp, #5]	@ zero_extendqisi2
 739 0038 3C27     		movs	r7, #60
 740 003a 07FB09F9 		mul	r9, r7, r9
 741 003e 9DF80420 		ldrb	r2, [sp, #4]	@ zero_extendqisi2
 742 0042 4FF4616B 		mov	fp, #3600
 743 0046 0BFB0293 		mla	r3, fp, r2, r9
 744 004a 9DF80690 		ldrb	r9, [sp, #6]	@ zero_extendqisi2
 745 004e 2878     		ldrb	r0, [r5]	@ zero_extendqisi2
 746 0050 9944     		add	r9, r9, r3
 747 0052 95F80180 		ldrb	r8, [r5, #1]	@ zero_extendqisi2
 748 0056 95F802A0 		ldrb	r10, [r5, #2]	@ zero_extendqisi2
 749 005a 34B9     		cbnz	r4, .L139
 750 005c 07FB08F7 		mul	r7, r7, r8
 751 0060 0BFB0070 		mla	r0, fp, r0, r7
 752 0064 00EB0A01 		add	r1, r0, r10
 753 0068 0CE0     		b	.L140
 754              	.L139:
 755 006a FFF7FEFF 		bl	RTC_Bcd2ToByte
 756 006e 0546     		mov	r5, r0
 757 0070 4046     		mov	r0, r8
 758 0072 FFF7FEFF 		bl	RTC_Bcd2ToByte
 759 0076 7843     		muls	r0, r7, r0
 760 0078 0BFB0504 		mla	r4, fp, r5, r0
 761 007c 5046     		mov	r0, r10
 762 007e FFF7FEFF 		bl	RTC_Bcd2ToByte
 763 0082 2118     		adds	r1, r4, r0
 764              	.L140:
 765 0084 4945     		cmp	r1, r9
 766 0086 3CBF     		itt	cc
 767 0088 01F5A831 		addcc	r1, r1, #86016
 768 008c 01F5C071 		addcc	r1, r1, #384
 769 0090 3046     		mov	r0, r6
 770 0092 FFF7FEFF 		bl	RTC_WriteAlarmCounter
 771 0096 28B1     		cbz	r0, .L142
 772 0098 0423     		movs	r3, #4
ARM GAS  /tmp/ccd8j2CY.s 			page 14


 773 009a 7374     		strb	r3, [r6, #17]
 774 009c 0023     		movs	r3, #0
 775 009e 3374     		strb	r3, [r6, #16]
 776              	.L147:
 777 00a0 0120     		movs	r0, #1
 778 00a2 04E0     		b	.L137
 779              	.L142:
 780 00a4 0123     		movs	r3, #1
 781 00a6 7374     		strb	r3, [r6, #17]
 782 00a8 3074     		strb	r0, [r6, #16]
 783 00aa 00E0     		b	.L137
 784              	.L143:
 785 00ac 1846     		mov	r0, r3
 786              	.L137:
 787 00ae 03B0     		add	sp, sp, #12
 788              		@ sp needed
 789 00b0 BDE8F08F 		pop	{r4, r5, r6, r7, r8, r9, r10, fp, pc}
 791              		.section	.text.HAL_RTC_SetAlarm_IT,"ax",%progbits
 792              		.align	1
 793              		.global	HAL_RTC_SetAlarm_IT
 794              		.thumb
 795              		.thumb_func
 797              	HAL_RTC_SetAlarm_IT:
 798              		@ args = 0, pretend = 0, frame = 8
 799              		@ frame_needed = 0, uses_anonymous_args = 0
 800 0000 2DE9F74F 		push	{r0, r1, r2, r4, r5, r6, r7, r8, r9, r10, fp, lr}
 801 0004 1446     		mov	r4, r2
 802 0006 0022     		movs	r2, #0
 803 0008 0D46     		mov	r5, r1
 804 000a ADF80420 		strh	r2, [sp, #4]	@ movhi
 805 000e 8DF80620 		strb	r2, [sp, #6]
 806 0012 0646     		mov	r6, r0
 807 0014 0028     		cmp	r0, #0
 808 0016 43D0     		beq	.L160
 809 0018 0029     		cmp	r1, #0
 810 001a 41D0     		beq	.L160
 811 001c 037C     		ldrb	r3, [r0, #16]	@ zero_extendqisi2
 812 001e 012B     		cmp	r3, #1
 813 0020 4FF00203 		mov	r3, #2
 814 0024 53D0     		beq	.L156
 815 0026 0121     		movs	r1, #1
 816 0028 0174     		strb	r1, [r0, #16]
 817 002a 4374     		strb	r3, [r0, #17]
 818 002c 01A9     		add	r1, sp, #4
 819 002e FFF7FEFF 		bl	HAL_RTC_GetTime
 820 0032 A8BB     		cbnz	r0, .L160
 821 0034 9DF80590 		ldrb	r9, [sp, #5]	@ zero_extendqisi2
 822 0038 3C27     		movs	r7, #60
 823 003a 07FB09F9 		mul	r9, r7, r9
 824 003e 9DF80420 		ldrb	r2, [sp, #4]	@ zero_extendqisi2
 825 0042 4FF4616B 		mov	fp, #3600
 826 0046 0BFB0293 		mla	r3, fp, r2, r9
 827 004a 9DF80690 		ldrb	r9, [sp, #6]	@ zero_extendqisi2
 828 004e 2878     		ldrb	r0, [r5]	@ zero_extendqisi2
 829 0050 9944     		add	r9, r9, r3
 830 0052 95F80180 		ldrb	r8, [r5, #1]	@ zero_extendqisi2
 831 0056 95F802A0 		ldrb	r10, [r5, #2]	@ zero_extendqisi2
ARM GAS  /tmp/ccd8j2CY.s 			page 15


 832 005a 34B9     		cbnz	r4, .L152
 833 005c 07FB08F7 		mul	r7, r7, r8
 834 0060 0BFB0070 		mla	r0, fp, r0, r7
 835 0064 00EB0A01 		add	r1, r0, r10
 836 0068 0CE0     		b	.L153
 837              	.L152:
 838 006a FFF7FEFF 		bl	RTC_Bcd2ToByte
 839 006e 0546     		mov	r5, r0
 840 0070 4046     		mov	r0, r8
 841 0072 FFF7FEFF 		bl	RTC_Bcd2ToByte
 842 0076 7843     		muls	r0, r7, r0
 843 0078 0BFB0504 		mla	r4, fp, r5, r0
 844 007c 5046     		mov	r0, r10
 845 007e FFF7FEFF 		bl	RTC_Bcd2ToByte
 846 0082 2118     		adds	r1, r4, r0
 847              	.L153:
 848 0084 4945     		cmp	r1, r9
 849 0086 3CBF     		itt	cc
 850 0088 01F5A831 		addcc	r1, r1, #86016
 851 008c 01F5C071 		addcc	r1, r1, #384
 852 0090 3046     		mov	r0, r6
 853 0092 FFF7FEFF 		bl	RTC_WriteAlarmCounter
 854 0096 28B1     		cbz	r0, .L155
 855 0098 0423     		movs	r3, #4
 856 009a 7374     		strb	r3, [r6, #17]
 857 009c 0023     		movs	r3, #0
 858 009e 3374     		strb	r3, [r6, #16]
 859              	.L160:
 860 00a0 0120     		movs	r0, #1
 861 00a2 15E0     		b	.L150
 862              	.L155:
 863 00a4 3368     		ldr	r3, [r6]
 864 00a6 6FF00202 		mvn	r2, #2
 865 00aa 5A60     		str	r2, [r3, #4]
 866 00ac 1A68     		ldr	r2, [r3]
 867 00ae 42F00202 		orr	r2, r2, #2
 868 00b2 1A60     		str	r2, [r3]
 869 00b4 084B     		ldr	r3, .L161
 870 00b6 1A68     		ldr	r2, [r3]
 871 00b8 42F40032 		orr	r2, r2, #131072
 872 00bc 1A60     		str	r2, [r3]
 873 00be 9A68     		ldr	r2, [r3, #8]
 874 00c0 42F40032 		orr	r2, r2, #131072
 875 00c4 9A60     		str	r2, [r3, #8]
 876 00c6 0123     		movs	r3, #1
 877 00c8 7374     		strb	r3, [r6, #17]
 878 00ca 3074     		strb	r0, [r6, #16]
 879 00cc 00E0     		b	.L150
 880              	.L156:
 881 00ce 1846     		mov	r0, r3
 882              	.L150:
 883 00d0 03B0     		add	sp, sp, #12
 884              		@ sp needed
 885 00d2 BDE8F08F 		pop	{r4, r5, r6, r7, r8, r9, r10, fp, pc}
 886              	.L162:
 887 00d6 00BF     		.align	2
 888              	.L161:
ARM GAS  /tmp/ccd8j2CY.s 			page 16


 889 00d8 00040140 		.word	1073808384
 891              		.section	.text.HAL_RTC_GetAlarm,"ax",%progbits
 892              		.align	1
 893              		.global	HAL_RTC_GetAlarm
 894              		.thumb
 895              		.thumb_func
 897              	HAL_RTC_GetAlarm:
 898              		@ args = 0, pretend = 0, frame = 0
 899              		@ frame_needed = 0, uses_anonymous_args = 0
 900 0000 F8B5     		push	{r3, r4, r5, r6, r7, lr}
 901 0002 0D46     		mov	r5, r1
 902 0004 1C46     		mov	r4, r3
 903 0006 38B3     		cbz	r0, .L166
 904 0008 31B3     		cbz	r1, .L166
 905 000a FFF7FEFF 		bl	RTC_ReadAlarmCounter
 906 000e 4FF46163 		mov	r3, #3600
 907 0012 B0FBF3F1 		udiv	r1, r0, r3
 908 0016 1826     		movs	r6, #24
 909 0018 B1FBF6F2 		udiv	r2, r1, r6
 910 001c 06FB1212 		mls	r2, r6, r2, r1
 911 0020 03FB1101 		mls	r1, r3, r1, r0
 912 0024 3C26     		movs	r6, #60
 913 0026 B1FBF6F3 		udiv	r3, r1, r6
 914 002a 06FB1316 		mls	r6, r6, r3, r1
 915 002e D2B2     		uxtb	r2, r2
 916 0030 DFB2     		uxtb	r7, r3
 917 0032 F6B2     		uxtb	r6, r6
 918 0034 2A70     		strb	r2, [r5]
 919 0036 6F70     		strb	r7, [r5, #1]
 920 0038 AE70     		strb	r6, [r5, #2]
 921 003a 5CB1     		cbz	r4, .L168
 922 003c 1046     		mov	r0, r2
 923 003e FFF7FEFF 		bl	RTC_ByteToBcd2
 924 0042 2870     		strb	r0, [r5]
 925 0044 3846     		mov	r0, r7
 926 0046 FFF7FEFF 		bl	RTC_ByteToBcd2
 927 004a 6870     		strb	r0, [r5, #1]
 928 004c 3046     		mov	r0, r6
 929 004e FFF7FEFF 		bl	RTC_ByteToBcd2
 930 0052 A870     		strb	r0, [r5, #2]
 931              	.L168:
 932 0054 0020     		movs	r0, #0
 933 0056 F8BD     		pop	{r3, r4, r5, r6, r7, pc}
 934              	.L166:
 935 0058 0120     		movs	r0, #1
 936 005a F8BD     		pop	{r3, r4, r5, r6, r7, pc}
 938              		.section	.text.HAL_RTC_DeactivateAlarm,"ax",%progbits
 939              		.align	1
 940              		.global	HAL_RTC_DeactivateAlarm
 941              		.thumb
 942              		.thumb_func
 944              	HAL_RTC_DeactivateAlarm:
 945              		@ args = 0, pretend = 0, frame = 0
 946              		@ frame_needed = 0, uses_anonymous_args = 0
 947 0000 70B5     		push	{r4, r5, r6, lr}
 948 0002 0446     		mov	r4, r0
 949 0004 88B3     		cbz	r0, .L173
ARM GAS  /tmp/ccd8j2CY.s 			page 17


 950 0006 037C     		ldrb	r3, [r0, #16]	@ zero_extendqisi2
 951 0008 012B     		cmp	r3, #1
 952 000a 4FF00203 		mov	r3, #2
 953 000e 2ED0     		beq	.L174
 954 0010 0268     		ldr	r2, [r0]
 955 0012 4374     		strb	r3, [r0, #17]
 956 0014 1368     		ldr	r3, [r2]
 957 0016 0125     		movs	r5, #1
 958 0018 23F00203 		bic	r3, r3, #2
 959 001c 0574     		strb	r5, [r0, #16]
 960 001e 1360     		str	r3, [r2]
 961 0020 FFF7FEFF 		bl	RTC_EnterInitMode
 962 0024 0646     		mov	r6, r0
 963 0026 20B1     		cbz	r0, .L171
 964 0028 0423     		movs	r3, #4
 965 002a 6374     		strb	r3, [r4, #17]
 966 002c 0023     		movs	r3, #0
 967 002e 2374     		strb	r3, [r4, #16]
 968 0030 16E0     		b	.L175
 969              	.L171:
 970 0032 2368     		ldr	r3, [r4]
 971 0034 6FF00202 		mvn	r2, #2
 972 0038 5A60     		str	r2, [r3, #4]
 973 003a 4FF6FF72 		movw	r2, #65535
 974 003e 1A62     		str	r2, [r3, #32]
 975 0040 5A62     		str	r2, [r3, #36]
 976 0042 02F18042 		add	r2, r2, #1073741824
 977 0046 02F20142 		addw	r2, r2, #1025
 978 004a 1368     		ldr	r3, [r2]
 979 004c 2046     		mov	r0, r4
 980 004e 23F40033 		bic	r3, r3, #131072
 981 0052 1360     		str	r3, [r2]
 982 0054 FFF7FEFF 		bl	RTC_ExitInitMode
 983 0058 20B1     		cbz	r0, .L172
 984 005a 0423     		movs	r3, #4
 985 005c 6374     		strb	r3, [r4, #17]
 986 005e 2674     		strb	r6, [r4, #16]
 987              	.L175:
 988 0060 2846     		mov	r0, r5
 989 0062 70BD     		pop	{r4, r5, r6, pc}
 990              	.L172:
 991 0064 6574     		strb	r5, [r4, #17]
 992 0066 2074     		strb	r0, [r4, #16]
 993 0068 70BD     		pop	{r4, r5, r6, pc}
 994              	.L173:
 995 006a 0120     		movs	r0, #1
 996 006c 70BD     		pop	{r4, r5, r6, pc}
 997              	.L174:
 998 006e 1846     		mov	r0, r3
 999 0070 70BD     		pop	{r4, r5, r6, pc}
 1001              		.section	.text.HAL_RTC_AlarmAEventCallback,"ax",%progbits
 1002              		.align	1
 1003              		.weak	HAL_RTC_AlarmAEventCallback
 1004              		.thumb
 1005              		.thumb_func
 1007              	HAL_RTC_AlarmAEventCallback:
 1008              		@ args = 0, pretend = 0, frame = 0
ARM GAS  /tmp/ccd8j2CY.s 			page 18


 1009              		@ frame_needed = 0, uses_anonymous_args = 0
 1010              		@ link register save eliminated.
 1011 0000 7047     		bx	lr
 1013              		.section	.text.HAL_RTC_AlarmIRQHandler,"ax",%progbits
 1014              		.align	1
 1015              		.global	HAL_RTC_AlarmIRQHandler
 1016              		.thumb
 1017              		.thumb_func
 1019              	HAL_RTC_AlarmIRQHandler:
 1020              		@ args = 0, pretend = 0, frame = 0
 1021              		@ frame_needed = 0, uses_anonymous_args = 0
 1022 0000 0368     		ldr	r3, [r0]
 1023 0002 10B5     		push	{r4, lr}
 1024 0004 1A68     		ldr	r2, [r3]
 1025 0006 0446     		mov	r4, r0
 1026 0008 9207     		lsls	r2, r2, #30
 1027 000a 08D5     		bpl	.L178
 1028 000c 5B68     		ldr	r3, [r3, #4]
 1029 000e 9B07     		lsls	r3, r3, #30
 1030 0010 05D5     		bpl	.L178
 1031 0012 FFF7FEFF 		bl	HAL_RTC_AlarmAEventCallback
 1032 0016 2368     		ldr	r3, [r4]
 1033 0018 6FF00202 		mvn	r2, #2
 1034 001c 5A60     		str	r2, [r3, #4]
 1035              	.L178:
 1036 001e 034B     		ldr	r3, .L185
 1037 0020 4FF40032 		mov	r2, #131072
 1038 0024 5A61     		str	r2, [r3, #20]
 1039 0026 0123     		movs	r3, #1
 1040 0028 6374     		strb	r3, [r4, #17]
 1041 002a 10BD     		pop	{r4, pc}
 1042              	.L186:
 1043              		.align	2
 1044              	.L185:
 1045 002c 00040140 		.word	1073808384
 1047              		.section	.text.HAL_RTC_PollForAlarmAEvent,"ax",%progbits
 1048              		.align	1
 1049              		.global	HAL_RTC_PollForAlarmAEvent
 1050              		.thumb
 1051              		.thumb_func
 1053              	HAL_RTC_PollForAlarmAEvent:
 1054              		@ args = 0, pretend = 0, frame = 0
 1055              		@ frame_needed = 0, uses_anonymous_args = 0
 1056 0000 70B5     		push	{r4, r5, r6, lr}
 1057 0002 0446     		mov	r4, r0
 1058 0004 0D46     		mov	r5, r1
 1059 0006 FFF7FEFF 		bl	HAL_GetTick
 1060 000a 0646     		mov	r6, r0
 1061 000c B4B1     		cbz	r4, .L197
 1062              	.L189:
 1063 000e 2368     		ldr	r3, [r4]
 1064              	.L190:
 1065 0010 5A68     		ldr	r2, [r3, #4]
 1066 0012 9207     		lsls	r2, r2, #30
 1067 0014 0BD4     		bmi	.L198
 1068 0016 691C     		adds	r1, r5, #1
 1069 0018 FAD0     		beq	.L190
ARM GAS  /tmp/ccd8j2CY.s 			page 19


 1070 001a 15B9     		cbnz	r5, .L191
 1071              	.L192:
 1072 001c 0320     		movs	r0, #3
 1073 001e 6074     		strb	r0, [r4, #17]
 1074 0020 70BD     		pop	{r4, r5, r6, pc}
 1075              	.L191:
 1076 0022 FFF7FEFF 		bl	HAL_GetTick
 1077 0026 801B     		subs	r0, r0, r6
 1078 0028 A842     		cmp	r0, r5
 1079 002a F0D9     		bls	.L189
 1080 002c F6E7     		b	.L192
 1081              	.L198:
 1082 002e 6FF00202 		mvn	r2, #2
 1083 0032 5A60     		str	r2, [r3, #4]
 1084 0034 0123     		movs	r3, #1
 1085 0036 6374     		strb	r3, [r4, #17]
 1086 0038 0020     		movs	r0, #0
 1087 003a 70BD     		pop	{r4, r5, r6, pc}
 1088              	.L197:
 1089 003c 0120     		movs	r0, #1
 1090 003e 70BD     		pop	{r4, r5, r6, pc}
 1092              		.section	.text.HAL_RTC_GetState,"ax",%progbits
 1093              		.align	1
 1094              		.global	HAL_RTC_GetState
 1095              		.thumb
 1096              		.thumb_func
 1098              	HAL_RTC_GetState:
 1099              		@ args = 0, pretend = 0, frame = 0
 1100              		@ frame_needed = 0, uses_anonymous_args = 0
 1101              		@ link register save eliminated.
 1102 0000 407C     		ldrb	r0, [r0, #17]	@ zero_extendqisi2
 1103 0002 7047     		bx	lr
 1105              		.section	.text.HAL_RTC_WaitForSynchro,"ax",%progbits
 1106              		.align	1
 1107              		.global	HAL_RTC_WaitForSynchro
 1108              		.thumb
 1109              		.thumb_func
 1111              	HAL_RTC_WaitForSynchro:
 1112              		@ args = 0, pretend = 0, frame = 0
 1113              		@ frame_needed = 0, uses_anonymous_args = 0
 1114 0000 38B5     		push	{r3, r4, r5, lr}
 1115 0002 0446     		mov	r4, r0
 1116 0004 A8B1     		cbz	r0, .L204
 1117 0006 0268     		ldr	r2, [r0]
 1118 0008 5368     		ldr	r3, [r2, #4]
 1119 000a 23F00803 		bic	r3, r3, #8
 1120 000e 5360     		str	r3, [r2, #4]
 1121 0010 FFF7FEFF 		bl	HAL_GetTick
 1122 0014 0546     		mov	r5, r0
 1123              	.L202:
 1124 0016 2368     		ldr	r3, [r4]
 1125 0018 5B68     		ldr	r3, [r3, #4]
 1126 001a 1B07     		lsls	r3, r3, #28
 1127 001c 07D4     		bmi	.L206
 1128 001e FFF7FEFF 		bl	HAL_GetTick
 1129 0022 401B     		subs	r0, r0, r5
 1130 0024 B0F57A7F 		cmp	r0, #1000
ARM GAS  /tmp/ccd8j2CY.s 			page 20


 1131 0028 F5D9     		bls	.L202
 1132 002a 0320     		movs	r0, #3
 1133 002c 38BD     		pop	{r3, r4, r5, pc}
 1134              	.L206:
 1135 002e 0020     		movs	r0, #0
 1136 0030 38BD     		pop	{r3, r4, r5, pc}
 1137              	.L204:
 1138 0032 0120     		movs	r0, #1
 1139 0034 38BD     		pop	{r3, r4, r5, pc}
 1141              		.section	.text.HAL_RTC_Init,"ax",%progbits
 1142              		.align	1
 1143              		.global	HAL_RTC_Init
 1144              		.thumb
 1145              		.thumb_func
 1147              	HAL_RTC_Init:
 1148              		@ args = 0, pretend = 0, frame = 0
 1149              		@ frame_needed = 0, uses_anonymous_args = 0
 1150 0000 10B5     		push	{r4, lr}
 1151 0002 0446     		mov	r4, r0
 1152 0004 0028     		cmp	r0, #0
 1153 0006 47D0     		beq	.L216
 1154 0008 437C     		ldrb	r3, [r0, #17]	@ zero_extendqisi2
 1155 000a 03F0FF02 		and	r2, r3, #255
 1156 000e 13B9     		cbnz	r3, .L209
 1157 0010 0274     		strb	r2, [r0, #16]
 1158 0012 FFF7FEFF 		bl	HAL_RTC_MspInit
 1159              	.L209:
 1160 0016 0223     		movs	r3, #2
 1161 0018 6374     		strb	r3, [r4, #17]
 1162 001a 2046     		mov	r0, r4
 1163 001c FFF7FEFF 		bl	HAL_RTC_WaitForSynchro
 1164 0020 D8B9     		cbnz	r0, .L221
 1165 0022 2046     		mov	r0, r4
 1166 0024 FFF7FEFF 		bl	RTC_EnterInitMode
 1167 0028 B8B9     		cbnz	r0, .L221
 1168 002a 2268     		ldr	r2, [r4]
 1169 002c 5368     		ldr	r3, [r2, #4]
 1170 002e 23F00703 		bic	r3, r3, #7
 1171 0032 5360     		str	r3, [r2, #4]
 1172 0034 A268     		ldr	r2, [r4, #8]
 1173 0036 194B     		ldr	r3, .L222
 1174 0038 1AB1     		cbz	r2, .L212
 1175 003a 196B     		ldr	r1, [r3, #48]
 1176 003c 21F00101 		bic	r1, r1, #1
 1177 0040 1963     		str	r1, [r3, #48]
 1178              	.L212:
 1179 0042 D96A     		ldr	r1, [r3, #44]
 1180 0044 21F46071 		bic	r1, r1, #896
 1181 0048 0A43     		orrs	r2, r2, r1
 1182 004a DA62     		str	r2, [r3, #44]
 1183 004c 6068     		ldr	r0, [r4, #4]
 1184 004e 431C     		adds	r3, r0, #1
 1185 0050 07D1     		bne	.L213
 1186 0052 0120     		movs	r0, #1
 1187 0054 FFF7FEFF 		bl	HAL_RCCEx_GetPeriphCLKFreq
 1188 0058 10B9     		cbnz	r0, .L214
 1189              	.L221:
ARM GAS  /tmp/ccd8j2CY.s 			page 21


 1190 005a 0423     		movs	r3, #4
 1191 005c 6374     		strb	r3, [r4, #17]
 1192 005e 1BE0     		b	.L216
 1193              	.L214:
 1194 0060 0138     		subs	r0, r0, #1
 1195              	.L213:
 1196 0062 2268     		ldr	r2, [r4]
 1197 0064 9368     		ldr	r3, [r2, #8]
 1198 0066 23F00F03 		bic	r3, r3, #15
 1199 006a 43EA1043 		orr	r3, r3, r0, lsr #16
 1200 006e 9360     		str	r3, [r2, #8]
 1201 0070 D368     		ldr	r3, [r2, #12]
 1202 0072 80B2     		uxth	r0, r0
 1203 0074 1B0C     		lsrs	r3, r3, #16
 1204 0076 1B04     		lsls	r3, r3, #16
 1205 0078 1843     		orrs	r0, r0, r3
 1206 007a D060     		str	r0, [r2, #12]
 1207 007c 2046     		mov	r0, r4
 1208 007e FFF7FEFF 		bl	RTC_ExitInitMode
 1209 0082 0123     		movs	r3, #1
 1210 0084 18B1     		cbz	r0, .L215
 1211 0086 0422     		movs	r2, #4
 1212 0088 6274     		strb	r2, [r4, #17]
 1213 008a 1846     		mov	r0, r3
 1214 008c 10BD     		pop	{r4, pc}
 1215              	.L215:
 1216 008e E073     		strb	r0, [r4, #15]
 1217 0090 6373     		strb	r3, [r4, #13]
 1218 0092 A373     		strb	r3, [r4, #14]
 1219 0094 6374     		strb	r3, [r4, #17]
 1220 0096 10BD     		pop	{r4, pc}
 1221              	.L216:
 1222 0098 0120     		movs	r0, #1
 1223 009a 10BD     		pop	{r4, pc}
 1224              	.L223:
 1225              		.align	2
 1226              	.L222:
 1227 009c 006C0040 		.word	1073769472
 1229              		.section	.text.HAL_RTC_DeInit,"ax",%progbits
 1230              		.align	1
 1231              		.global	HAL_RTC_DeInit
 1232              		.thumb
 1233              		.thumb_func
 1235              	HAL_RTC_DeInit:
 1236              		@ args = 0, pretend = 0, frame = 0
 1237              		@ frame_needed = 0, uses_anonymous_args = 0
 1238 0000 70B5     		push	{r4, r5, r6, lr}
 1239 0002 0446     		mov	r4, r0
 1240 0004 50B3     		cbz	r0, .L228
 1241 0006 0223     		movs	r3, #2
 1242 0008 4374     		strb	r3, [r0, #17]
 1243 000a FFF7FEFF 		bl	RTC_EnterInitMode
 1244 000e 0646     		mov	r6, r0
 1245 0010 20B1     		cbz	r0, .L226
 1246 0012 0423     		movs	r3, #4
 1247 0014 6374     		strb	r3, [r4, #17]
 1248 0016 0023     		movs	r3, #0
ARM GAS  /tmp/ccd8j2CY.s 			page 22


 1249 0018 2374     		strb	r3, [r4, #16]
 1250 001a 1FE0     		b	.L228
 1251              	.L226:
 1252 001c 2368     		ldr	r3, [r4]
 1253 001e 4FF40042 		mov	r2, #32768
 1254 0022 D861     		str	r0, [r3, #28]
 1255 0024 9861     		str	r0, [r3, #24]
 1256 0026 DA60     		str	r2, [r3, #12]
 1257 0028 9860     		str	r0, [r3, #8]
 1258 002a 1860     		str	r0, [r3]
 1259 002c 5860     		str	r0, [r3, #4]
 1260 002e 2046     		mov	r0, r4
 1261 0030 FFF7FEFF 		bl	RTC_ExitInitMode
 1262 0034 0546     		mov	r5, r0
 1263 0036 18B1     		cbz	r0, .L227
 1264 0038 0423     		movs	r3, #4
 1265 003a 6374     		strb	r3, [r4, #17]
 1266 003c 2674     		strb	r6, [r4, #16]
 1267 003e 0DE0     		b	.L228
 1268              	.L227:
 1269 0040 2046     		mov	r0, r4
 1270 0042 FFF7FEFF 		bl	HAL_RTC_WaitForSynchro
 1271 0046 2268     		ldr	r2, [r4]
 1272 0048 2046     		mov	r0, r4
 1273 004a 5368     		ldr	r3, [r2, #4]
 1274 004c 23F00803 		bic	r3, r3, #8
 1275 0050 5360     		str	r3, [r2, #4]
 1276 0052 FFF7FEFF 		bl	HAL_RTC_MspDeInit
 1277 0056 6574     		strb	r5, [r4, #17]
 1278 0058 2574     		strb	r5, [r4, #16]
 1279 005a 00E0     		b	.L225
 1280              	.L228:
 1281 005c 0125     		movs	r5, #1
 1282              	.L225:
 1283 005e 2846     		mov	r0, r5
 1284 0060 70BD     		pop	{r4, r5, r6, pc}
 1286              		.ident	"GCC: (4.9.2-10+14~bpo8+1) 4.9.2"
ARM GAS  /tmp/ccd8j2CY.s 			page 23


DEFINED SYMBOLS
                            *ABS*:0000000000000000 stm32f1xx_hal_rtc.c
     /tmp/ccd8j2CY.s:16     .text.RTC_ReadTimeCounter:0000000000000000 $t
     /tmp/ccd8j2CY.s:20     .text.RTC_ReadTimeCounter:0000000000000000 RTC_ReadTimeCounter
     /tmp/ccd8j2CY.s:41     .text.RTC_ReadAlarmCounter:0000000000000000 $t
     /tmp/ccd8j2CY.s:45     .text.RTC_ReadAlarmCounter:0000000000000000 RTC_ReadAlarmCounter
     /tmp/ccd8j2CY.s:57     .text.RTC_ByteToBcd2:0000000000000000 $t
     /tmp/ccd8j2CY.s:61     .text.RTC_ByteToBcd2:0000000000000000 RTC_ByteToBcd2
     /tmp/ccd8j2CY.s:79     .text.RTC_Bcd2ToByte:0000000000000000 $t
     /tmp/ccd8j2CY.s:83     .text.RTC_Bcd2ToByte:0000000000000000 RTC_Bcd2ToByte
     /tmp/ccd8j2CY.s:95     .text.RTC_WeekDayNum:0000000000000000 $t
     /tmp/ccd8j2CY.s:99     .text.RTC_WeekDayNum:0000000000000000 RTC_WeekDayNum
     /tmp/ccd8j2CY.s:150    .text.RTC_EnterInitMode:0000000000000000 $t
     /tmp/ccd8j2CY.s:154    .text.RTC_EnterInitMode:0000000000000000 RTC_EnterInitMode
     /tmp/ccd8j2CY.s:180    .text.RTC_ExitInitMode:0000000000000000 $t
     /tmp/ccd8j2CY.s:184    .text.RTC_ExitInitMode:0000000000000000 RTC_ExitInitMode
     /tmp/ccd8j2CY.s:211    .text.RTC_WriteTimeCounter:0000000000000000 $t
     /tmp/ccd8j2CY.s:215    .text.RTC_WriteTimeCounter:0000000000000000 RTC_WriteTimeCounter
     /tmp/ccd8j2CY.s:239    .text.RTC_WriteAlarmCounter:0000000000000000 $t
     /tmp/ccd8j2CY.s:243    .text.RTC_WriteAlarmCounter:0000000000000000 RTC_WriteAlarmCounter
     /tmp/ccd8j2CY.s:267    .text.HAL_RTC_MspInit:0000000000000000 $t
     /tmp/ccd8j2CY.s:272    .text.HAL_RTC_MspInit:0000000000000000 HAL_RTC_MspInit
     /tmp/ccd8j2CY.s:279    .text.HAL_RTC_MspDeInit:0000000000000000 $t
     /tmp/ccd8j2CY.s:284    .text.HAL_RTC_MspDeInit:0000000000000000 HAL_RTC_MspDeInit
     /tmp/ccd8j2CY.s:291    .text.HAL_RTC_SetTime:0000000000000000 $t
     /tmp/ccd8j2CY.s:296    .text.HAL_RTC_SetTime:0000000000000000 HAL_RTC_SetTime
     /tmp/ccd8j2CY.s:379    .text.HAL_RTC_GetTime:0000000000000000 $t
     /tmp/ccd8j2CY.s:384    .text.HAL_RTC_GetTime:0000000000000000 HAL_RTC_GetTime
     /tmp/ccd8j2CY.s:555    .text.HAL_RTC_GetTime:0000000000000160 $d
     /tmp/ccd8j2CY.s:558    .text.HAL_RTC_SetDate:0000000000000000 $t
     /tmp/ccd8j2CY.s:563    .text.HAL_RTC_SetDate:0000000000000000 HAL_RTC_SetDate
     /tmp/ccd8j2CY.s:654    .text.HAL_RTC_SetDate:00000000000000bc $d
     /tmp/ccd8j2CY.s:657    .text.HAL_RTC_GetDate:0000000000000000 $t
     /tmp/ccd8j2CY.s:662    .text.HAL_RTC_GetDate:0000000000000000 HAL_RTC_GetDate
     /tmp/ccd8j2CY.s:709    .text.HAL_RTC_SetAlarm:0000000000000000 $t
     /tmp/ccd8j2CY.s:714    .text.HAL_RTC_SetAlarm:0000000000000000 HAL_RTC_SetAlarm
     /tmp/ccd8j2CY.s:792    .text.HAL_RTC_SetAlarm_IT:0000000000000000 $t
     /tmp/ccd8j2CY.s:797    .text.HAL_RTC_SetAlarm_IT:0000000000000000 HAL_RTC_SetAlarm_IT
     /tmp/ccd8j2CY.s:889    .text.HAL_RTC_SetAlarm_IT:00000000000000d8 $d
     /tmp/ccd8j2CY.s:892    .text.HAL_RTC_GetAlarm:0000000000000000 $t
     /tmp/ccd8j2CY.s:897    .text.HAL_RTC_GetAlarm:0000000000000000 HAL_RTC_GetAlarm
     /tmp/ccd8j2CY.s:939    .text.HAL_RTC_DeactivateAlarm:0000000000000000 $t
     /tmp/ccd8j2CY.s:944    .text.HAL_RTC_DeactivateAlarm:0000000000000000 HAL_RTC_DeactivateAlarm
     /tmp/ccd8j2CY.s:1002   .text.HAL_RTC_AlarmAEventCallback:0000000000000000 $t
     /tmp/ccd8j2CY.s:1007   .text.HAL_RTC_AlarmAEventCallback:0000000000000000 HAL_RTC_AlarmAEventCallback
     /tmp/ccd8j2CY.s:1014   .text.HAL_RTC_AlarmIRQHandler:0000000000000000 $t
     /tmp/ccd8j2CY.s:1019   .text.HAL_RTC_AlarmIRQHandler:0000000000000000 HAL_RTC_AlarmIRQHandler
     /tmp/ccd8j2CY.s:1045   .text.HAL_RTC_AlarmIRQHandler:000000000000002c $d
     /tmp/ccd8j2CY.s:1048   .text.HAL_RTC_PollForAlarmAEvent:0000000000000000 $t
     /tmp/ccd8j2CY.s:1053   .text.HAL_RTC_PollForAlarmAEvent:0000000000000000 HAL_RTC_PollForAlarmAEvent
     /tmp/ccd8j2CY.s:1093   .text.HAL_RTC_GetState:0000000000000000 $t
     /tmp/ccd8j2CY.s:1098   .text.HAL_RTC_GetState:0000000000000000 HAL_RTC_GetState
     /tmp/ccd8j2CY.s:1106   .text.HAL_RTC_WaitForSynchro:0000000000000000 $t
     /tmp/ccd8j2CY.s:1111   .text.HAL_RTC_WaitForSynchro:0000000000000000 HAL_RTC_WaitForSynchro
     /tmp/ccd8j2CY.s:1142   .text.HAL_RTC_Init:0000000000000000 $t
     /tmp/ccd8j2CY.s:1147   .text.HAL_RTC_Init:0000000000000000 HAL_RTC_Init
     /tmp/ccd8j2CY.s:1227   .text.HAL_RTC_Init:000000000000009c $d
ARM GAS  /tmp/ccd8j2CY.s 			page 24


     /tmp/ccd8j2CY.s:1230   .text.HAL_RTC_DeInit:0000000000000000 $t
     /tmp/ccd8j2CY.s:1235   .text.HAL_RTC_DeInit:0000000000000000 HAL_RTC_DeInit

UNDEFINED SYMBOLS
HAL_GetTick
HAL_RCCEx_GetPeriphCLKFreq
