ARM GAS  /tmp/ccuhIxfe.s 			page 1


   1              		.syntax unified
   2              		.cpu cortex-m3
   3              		.fpu softvfp
   4              		.eabi_attribute 20, 1
   5              		.eabi_attribute 21, 1
   6              		.eabi_attribute 23, 3
   7              		.eabi_attribute 24, 1
   8              		.eabi_attribute 25, 1
   9              		.eabi_attribute 26, 1
  10              		.eabi_attribute 30, 4
  11              		.eabi_attribute 34, 1
  12              		.eabi_attribute 18, 4
  13              		.thumb
  14              		.file	"stm32f1xx_hal_flash_ex.c"
  15              		.section	.text.FLASH_MassErase.isra.0,"ax",%progbits
  16              		.align	1
  17              		.thumb
  18              		.thumb_func
  20              	FLASH_MassErase.isra.0:
  21              		@ args = 0, pretend = 0, frame = 0
  22              		@ frame_needed = 0, uses_anonymous_args = 0
  23              		@ link register save eliminated.
  24 0000 064B     		ldr	r3, .L2
  25 0002 0022     		movs	r2, #0
  26 0004 DA61     		str	r2, [r3, #28]
  27 0006 064B     		ldr	r3, .L2+4
  28 0008 1A69     		ldr	r2, [r3, #16]
  29 000a 42F00402 		orr	r2, r2, #4
  30 000e 1A61     		str	r2, [r3, #16]
  31 0010 1A69     		ldr	r2, [r3, #16]
  32 0012 42F04002 		orr	r2, r2, #64
  33 0016 1A61     		str	r2, [r3, #16]
  34 0018 7047     		bx	lr
  35              	.L3:
  36 001a 00BF     		.align	2
  37              	.L2:
  38 001c 00000000 		.word	pFlash
  39 0020 00200240 		.word	1073881088
  41              		.section	.text.FLASH_OB_RDP_LevelConfig,"ax",%progbits
  42              		.align	1
  43              		.thumb
  44              		.thumb_func
  46              	FLASH_OB_RDP_LevelConfig:
  47              		@ args = 0, pretend = 0, frame = 0
  48              		@ frame_needed = 0, uses_anonymous_args = 0
  49 0000 38B5     		push	{r3, r4, r5, lr}
  50 0002 0546     		mov	r5, r0
  51 0004 4CF25030 		movw	r0, #50000
  52 0008 FFF7FEFF 		bl	FLASH_WaitForLastOperation
  53 000c 10BB     		cbnz	r0, .L5
  54 000e 124B     		ldr	r3, .L7
  55 0010 124C     		ldr	r4, .L7+4
  56 0012 D861     		str	r0, [r3, #28]
  57 0014 2369     		ldr	r3, [r4, #16]
  58 0016 4CF25030 		movw	r0, #50000
  59 001a 43F02003 		orr	r3, r3, #32
  60 001e 2361     		str	r3, [r4, #16]
ARM GAS  /tmp/ccuhIxfe.s 			page 2


  61 0020 2369     		ldr	r3, [r4, #16]
  62 0022 43F04003 		orr	r3, r3, #64
  63 0026 2361     		str	r3, [r4, #16]
  64 0028 FFF7FEFF 		bl	FLASH_WaitForLastOperation
  65 002c 2369     		ldr	r3, [r4, #16]
  66 002e 23F02003 		bic	r3, r3, #32
  67 0032 2361     		str	r3, [r4, #16]
  68 0034 70B9     		cbnz	r0, .L5
  69 0036 2369     		ldr	r3, [r4, #16]
  70 0038 ADB2     		uxth	r5, r5
  71 003a 43F01003 		orr	r3, r3, #16
  72 003e 2361     		str	r3, [r4, #16]
  73 0040 074B     		ldr	r3, .L7+8
  74 0042 4CF25030 		movw	r0, #50000
  75 0046 1D80     		strh	r5, [r3]	@ movhi
  76 0048 FFF7FEFF 		bl	FLASH_WaitForLastOperation
  77 004c 2369     		ldr	r3, [r4, #16]
  78 004e 23F01003 		bic	r3, r3, #16
  79 0052 2361     		str	r3, [r4, #16]
  80              	.L5:
  81 0054 38BD     		pop	{r3, r4, r5, pc}
  82              	.L8:
  83 0056 00BF     		.align	2
  84              	.L7:
  85 0058 00000000 		.word	pFlash
  86 005c 00200240 		.word	1073881088
  87 0060 00F8FF1F 		.word	536868864
  89              		.section	.text.HAL_FLASHEx_OBErase,"ax",%progbits
  90              		.align	1
  91              		.global	HAL_FLASHEx_OBErase
  92              		.thumb
  93              		.thumb_func
  95              	HAL_FLASHEx_OBErase:
  96              		@ args = 0, pretend = 0, frame = 0
  97              		@ frame_needed = 0, uses_anonymous_args = 0
  98 0000 38B5     		push	{r3, r4, r5, lr}
  99 0002 134C     		ldr	r4, .L13
 100 0004 4CF25030 		movw	r0, #50000
 101 0008 E369     		ldr	r3, [r4, #28]
 102 000a 13F0020F 		tst	r3, #2
 103 000e 14BF     		ite	ne
 104 0010 0025     		movne	r5, #0
 105 0012 A525     		moveq	r5, #165
 106 0014 FFF7FEFF 		bl	FLASH_WaitForLastOperation
 107 0018 0346     		mov	r3, r0
 108 001a BBB9     		cbnz	r3, .L11
 109 001c 0D4A     		ldr	r2, .L13+4
 110 001e 4CF25030 		movw	r0, #50000
 111 0022 D361     		str	r3, [r2, #28]
 112 0024 2369     		ldr	r3, [r4, #16]
 113 0026 43F02003 		orr	r3, r3, #32
 114 002a 2361     		str	r3, [r4, #16]
 115 002c 2369     		ldr	r3, [r4, #16]
 116 002e 43F04003 		orr	r3, r3, #64
 117 0032 2361     		str	r3, [r4, #16]
 118 0034 FFF7FEFF 		bl	FLASH_WaitForLastOperation
 119 0038 2369     		ldr	r3, [r4, #16]
ARM GAS  /tmp/ccuhIxfe.s 			page 3


 120 003a 23F02003 		bic	r3, r3, #32
 121 003e 2361     		str	r3, [r4, #16]
 122 0040 20B9     		cbnz	r0, .L11
 123 0042 2846     		mov	r0, r5
 124 0044 BDE83840 		pop	{r3, r4, r5, lr}
 125 0048 FFF7FEBF 		b	FLASH_OB_RDP_LevelConfig
 126              	.L11:
 127 004c 38BD     		pop	{r3, r4, r5, pc}
 128              	.L14:
 129 004e 00BF     		.align	2
 130              	.L13:
 131 0050 00200240 		.word	1073881088
 132 0054 00000000 		.word	pFlash
 134              		.section	.text.HAL_FLASHEx_OBProgram,"ax",%progbits
 135              		.align	1
 136              		.global	HAL_FLASHEx_OBProgram
 137              		.thumb
 138              		.thumb_func
 140              	HAL_FLASHEx_OBProgram:
 141              		@ args = 0, pretend = 0, frame = 0
 142              		@ frame_needed = 0, uses_anonymous_args = 0
 143 0000 2DE9F843 		push	{r3, r4, r5, r6, r7, r8, r9, lr}
 144 0004 834F     		ldr	r7, .L90
 145 0006 8046     		mov	r8, r0
 146 0008 3B7E     		ldrb	r3, [r7, #24]	@ zero_extendqisi2
 147 000a 012B     		cmp	r3, #1
 148 000c 00F0FE80 		beq	.L45
 149 0010 D8F80030 		ldr	r3, [r8]
 150 0014 0120     		movs	r0, #1
 151 0016 DC07     		lsls	r4, r3, #31
 152 0018 3876     		strb	r0, [r7, #24]
 153 001a 40F1A680 		bpl	.L46
 154 001e D8F80430 		ldr	r3, [r8, #4]
 155 0022 DFF8F891 		ldr	r9, .L90+8
 156 0026 8342     		cmp	r3, r0
 157 0028 D8F80860 		ldr	r6, [r8, #8]
 158 002c D9F82050 		ldr	r5, [r9, #32]
 159 0030 4CF25030 		movw	r0, #50000
 160 0034 46D1     		bne	.L18
 161 0036 FFF7FEFF 		bl	FLASH_WaitForLastOperation
 162 003a 0446     		mov	r4, r0
 163 003c 0028     		cmp	r0, #0
 164 003e 40F0E080 		bne	.L42
 165 0042 F861     		str	r0, [r7, #28]
 166 0044 FFF7FEFF 		bl	HAL_FLASHEx_OBErase
 167 0048 0446     		mov	r4, r0
 168 004a 0028     		cmp	r0, #0
 169 004c 40F0D980 		bne	.L42
 170 0050 D9F81020 		ldr	r2, [r9, #16]
 171 0054 25EA0605 		bic	r5, r5, r6
 172 0058 E9B2     		uxtb	r1, r5
 173 005a 42F01002 		orr	r2, r2, #16
 174 005e FF29     		cmp	r1, #255
 175 0060 C9F81020 		str	r2, [r9, #16]
 176 0064 04D1     		bne	.L20
 177              	.L23:
 178 0066 C5F30721 		ubfx	r1, r5, #8, #8
ARM GAS  /tmp/ccuhIxfe.s 			page 4


 179 006a FF29     		cmp	r1, #255
 180 006c 0BD1     		bne	.L21
 181 006e 14E0     		b	.L22
 182              	.L20:
 183 0070 694A     		ldr	r2, .L90+4
 184 0072 4CF25030 		movw	r0, #50000
 185 0076 1389     		ldrh	r3, [r2, #8]
 186 0078 0B40     		ands	r3, r3, r1
 187 007a 1381     		strh	r3, [r2, #8]	@ movhi
 188 007c FFF7FEFF 		bl	FLASH_WaitForLastOperation
 189 0080 0028     		cmp	r0, #0
 190 0082 6AD1     		bne	.L88
 191 0084 EFE7     		b	.L23
 192              	.L21:
 193 0086 644A     		ldr	r2, .L90+4
 194 0088 4CF25030 		movw	r0, #50000
 195 008c 5389     		ldrh	r3, [r2, #10]
 196 008e 0B40     		ands	r3, r3, r1
 197 0090 5381     		strh	r3, [r2, #10]	@ movhi
 198 0092 FFF7FEFF 		bl	FLASH_WaitForLastOperation
 199 0096 0028     		cmp	r0, #0
 200 0098 5FD1     		bne	.L88
 201              	.L22:
 202 009a C5F30741 		ubfx	r1, r5, #16, #8
 203 009e FF29     		cmp	r1, #255
 204 00a0 09D0     		beq	.L26
 205 00a2 5D4A     		ldr	r2, .L90+4
 206 00a4 4CF25030 		movw	r0, #50000
 207 00a8 9389     		ldrh	r3, [r2, #12]
 208 00aa 0B40     		ands	r3, r3, r1
 209 00ac 9381     		strh	r3, [r2, #12]	@ movhi
 210 00ae FFF7FEFF 		bl	FLASH_WaitForLastOperation
 211 00b2 0028     		cmp	r0, #0
 212 00b4 51D1     		bne	.L88
 213              	.L26:
 214 00b6 2D0E     		lsrs	r5, r5, #24
 215 00b8 FF2D     		cmp	r5, #255
 216 00ba 4FD0     		beq	.L38
 217 00bc 564A     		ldr	r2, .L90+4
 218 00be D389     		ldrh	r3, [r2, #14]
 219 00c0 1D40     		ands	r5, r5, r3
 220 00c2 45E0     		b	.L89
 221              	.L18:
 222 00c4 FFF7FEFF 		bl	FLASH_WaitForLastOperation
 223 00c8 0446     		mov	r4, r0
 224 00ca 0028     		cmp	r0, #0
 225 00cc 40F09980 		bne	.L42
 226 00d0 F861     		str	r0, [r7, #28]
 227 00d2 FFF7FEFF 		bl	HAL_FLASHEx_OBErase
 228 00d6 0446     		mov	r4, r0
 229 00d8 0028     		cmp	r0, #0
 230 00da 40F09280 		bne	.L42
 231 00de D9F81020 		ldr	r2, [r9, #16]
 232 00e2 3543     		orrs	r5, r5, r6
 233 00e4 E9B2     		uxtb	r1, r5
 234 00e6 42F01002 		orr	r2, r2, #16
 235 00ea FF29     		cmp	r1, #255
ARM GAS  /tmp/ccuhIxfe.s 			page 5


 236 00ec C9F81020 		str	r2, [r9, #16]
 237 00f0 04D1     		bne	.L30
 238              	.L33:
 239 00f2 C5F30723 		ubfx	r3, r5, #8, #8
 240 00f6 FF2B     		cmp	r3, #255
 241 00f8 0BD1     		bne	.L31
 242 00fa 14E0     		b	.L32
 243              	.L30:
 244 00fc 464A     		ldr	r2, .L90+4
 245 00fe 4CF25030 		movw	r0, #50000
 246 0102 1389     		ldrh	r3, [r2, #8]
 247 0104 9BB2     		uxth	r3, r3
 248 0106 0B43     		orrs	r3, r3, r1
 249 0108 1381     		strh	r3, [r2, #8]	@ movhi
 250 010a FFF7FEFF 		bl	FLASH_WaitForLastOperation
 251 010e 20BB     		cbnz	r0, .L88
 252 0110 EFE7     		b	.L33
 253              	.L31:
 254 0112 4149     		ldr	r1, .L90+4
 255 0114 4CF25030 		movw	r0, #50000
 256 0118 4A89     		ldrh	r2, [r1, #10]
 257 011a 92B2     		uxth	r2, r2
 258 011c 1343     		orrs	r3, r3, r2
 259 011e 4B81     		strh	r3, [r1, #10]	@ movhi
 260 0120 FFF7FEFF 		bl	FLASH_WaitForLastOperation
 261 0124 C8B9     		cbnz	r0, .L88
 262              	.L32:
 263 0126 C5F30743 		ubfx	r3, r5, #16, #8
 264 012a FF2B     		cmp	r3, #255
 265 012c 09D0     		beq	.L36
 266 012e 3A49     		ldr	r1, .L90+4
 267 0130 4CF25030 		movw	r0, #50000
 268 0134 8A89     		ldrh	r2, [r1, #12]
 269 0136 92B2     		uxth	r2, r2
 270 0138 1343     		orrs	r3, r3, r2
 271 013a 8B81     		strh	r3, [r1, #12]	@ movhi
 272 013c FFF7FEFF 		bl	FLASH_WaitForLastOperation
 273 0140 58B9     		cbnz	r0, .L88
 274              	.L36:
 275 0142 2D0E     		lsrs	r5, r5, #24
 276 0144 FF2D     		cmp	r5, #255
 277 0146 09D0     		beq	.L38
 278 0148 334A     		ldr	r2, .L90+4
 279 014a D389     		ldrh	r3, [r2, #14]
 280 014c 9BB2     		uxth	r3, r3
 281 014e 1D43     		orrs	r5, r5, r3
 282              	.L89:
 283 0150 D581     		strh	r5, [r2, #14]	@ movhi
 284 0152 4CF25030 		movw	r0, #50000
 285 0156 FFF7FEFF 		bl	FLASH_WaitForLastOperation
 286              	.L88:
 287 015a 0446     		mov	r4, r0
 288              	.L38:
 289 015c 2F4A     		ldr	r2, .L90+8
 290 015e 1369     		ldr	r3, [r2, #16]
 291 0160 23F01003 		bic	r3, r3, #16
 292 0164 1361     		str	r3, [r2, #16]
ARM GAS  /tmp/ccuhIxfe.s 			page 6


 293 0166 0CB1     		cbz	r4, .L17
 294 0168 4BE0     		b	.L42
 295              	.L46:
 296 016a 0446     		mov	r4, r0
 297              	.L17:
 298 016c D8F80030 		ldr	r3, [r8]
 299 0170 9907     		lsls	r1, r3, #30
 300 0172 06D5     		bpl	.L39
 301 0174 98F81000 		ldrb	r0, [r8, #16]	@ zero_extendqisi2
 302 0178 FFF7FEFF 		bl	FLASH_OB_RDP_LevelConfig
 303 017c 0446     		mov	r4, r0
 304 017e 0028     		cmp	r0, #0
 305 0180 3FD1     		bne	.L42
 306              	.L39:
 307 0182 D8F80030 		ldr	r3, [r8]
 308 0186 5A07     		lsls	r2, r3, #29
 309 0188 1CD5     		bpl	.L40
 310 018a 4CF25030 		movw	r0, #50000
 311 018e 98F81150 		ldrb	r5, [r8, #17]	@ zero_extendqisi2
 312 0192 FFF7FEFF 		bl	FLASH_WaitForLastOperation
 313 0196 0446     		mov	r4, r0
 314 0198 0028     		cmp	r0, #0
 315 019a 32D1     		bne	.L42
 316 019c 1F4C     		ldr	r4, .L90+8
 317 019e F861     		str	r0, [r7, #28]
 318 01a0 2369     		ldr	r3, [r4, #16]
 319 01a2 45F08805 		orr	r5, r5, #136
 320 01a6 43F01003 		orr	r3, r3, #16
 321 01aa 2361     		str	r3, [r4, #16]
 322 01ac 1A4B     		ldr	r3, .L90+4
 323 01ae 4CF25030 		movw	r0, #50000
 324 01b2 5D80     		strh	r5, [r3, #2]	@ movhi
 325 01b4 FFF7FEFF 		bl	FLASH_WaitForLastOperation
 326 01b8 2369     		ldr	r3, [r4, #16]
 327 01ba 23F01003 		bic	r3, r3, #16
 328 01be 2361     		str	r3, [r4, #16]
 329 01c0 0446     		mov	r4, r0
 330 01c2 F0B9     		cbnz	r0, .L42
 331              	.L40:
 332 01c4 D8F80030 		ldr	r3, [r8]
 333 01c8 1B07     		lsls	r3, r3, #28
 334 01ca 1AD5     		bpl	.L42
 335 01cc 4CF25030 		movw	r0, #50000
 336 01d0 D8F81460 		ldr	r6, [r8, #20]
 337 01d4 98F81850 		ldrb	r5, [r8, #24]	@ zero_extendqisi2
 338 01d8 FFF7FEFF 		bl	FLASH_WaitForLastOperation
 339 01dc 0446     		mov	r4, r0
 340 01de 80B9     		cbnz	r0, .L42
 341 01e0 0E4C     		ldr	r4, .L90+8
 342 01e2 F861     		str	r0, [r7, #28]
 343 01e4 2369     		ldr	r3, [r4, #16]
 344 01e6 ADB2     		uxth	r5, r5
 345 01e8 43F01003 		orr	r3, r3, #16
 346 01ec 2361     		str	r3, [r4, #16]
 347 01ee 4CF25030 		movw	r0, #50000
 348 01f2 3580     		strh	r5, [r6]	@ movhi
 349 01f4 FFF7FEFF 		bl	FLASH_WaitForLastOperation
ARM GAS  /tmp/ccuhIxfe.s 			page 7


 350 01f8 2369     		ldr	r3, [r4, #16]
 351 01fa 23F01003 		bic	r3, r3, #16
 352 01fe 2361     		str	r3, [r4, #16]
 353 0200 0446     		mov	r4, r0
 354              	.L42:
 355 0202 0023     		movs	r3, #0
 356 0204 3B76     		strb	r3, [r7, #24]
 357 0206 2046     		mov	r0, r4
 358 0208 BDE8F883 		pop	{r3, r4, r5, r6, r7, r8, r9, pc}
 359              	.L45:
 360 020c 0220     		movs	r0, #2
 361 020e BDE8F883 		pop	{r3, r4, r5, r6, r7, r8, r9, pc}
 362              	.L91:
 363 0212 00BF     		.align	2
 364              	.L90:
 365 0214 00000000 		.word	pFlash
 366 0218 00F8FF1F 		.word	536868864
 367 021c 00200240 		.word	1073881088
 369              		.section	.text.HAL_FLASHEx_OBGetConfig,"ax",%progbits
 370              		.align	1
 371              		.global	HAL_FLASHEx_OBGetConfig
 372              		.thumb
 373              		.thumb_func
 375              	HAL_FLASHEx_OBGetConfig:
 376              		@ args = 0, pretend = 0, frame = 0
 377              		@ frame_needed = 0, uses_anonymous_args = 0
 378              		@ link register save eliminated.
 379 0000 0723     		movs	r3, #7
 380 0002 0360     		str	r3, [r0]
 381 0004 0A4B     		ldr	r3, .L95
 382 0006 1A6A     		ldr	r2, [r3, #32]
 383 0008 8260     		str	r2, [r0, #8]
 384 000a DA69     		ldr	r2, [r3, #28]
 385 000c 12F0020F 		tst	r2, #2
 386 0010 14BF     		ite	ne
 387 0012 0022     		movne	r2, #0
 388 0014 A522     		moveq	r2, #165
 389 0016 0274     		strb	r2, [r0, #16]
 390 0018 DB69     		ldr	r3, [r3, #28]
 391 001a 0422     		movs	r2, #4
 392              	@ 531 "Drivers/CMSIS/Include/cmsis_gcc.h" 1
 393 001c 92FAA2F2 		rbit r2, r2
 394              	@ 0 "" 2
 395              		.thumb
 396 0020 B2FA82F2 		clz	r2, r2
 397 0024 03F01C03 		and	r3, r3, #28
 398 0028 D340     		lsrs	r3, r3, r2
 399 002a 4374     		strb	r3, [r0, #17]
 400 002c 7047     		bx	lr
 401              	.L96:
 402 002e 00BF     		.align	2
 403              	.L95:
 404 0030 00200240 		.word	1073881088
 406              		.section	.text.HAL_FLASHEx_OBGetUserData,"ax",%progbits
 407              		.align	1
 408              		.global	HAL_FLASHEx_OBGetUserData
 409              		.thumb
ARM GAS  /tmp/ccuhIxfe.s 			page 8


 410              		.thumb_func
 412              	HAL_FLASHEx_OBGetUserData:
 413              		@ args = 0, pretend = 0, frame = 0
 414              		@ frame_needed = 0, uses_anonymous_args = 0
 415              		@ link register save eliminated.
 416 0000 0B4B     		ldr	r3, .L101
 417 0002 9842     		cmp	r0, r3
 418 0004 0B4B     		ldr	r3, .L101+4
 419 0006 D869     		ldr	r0, [r3, #28]
 420 0008 08D1     		bne	.L98
 421 000a 4FF47F33 		mov	r3, #261120
 422              	@ 531 "Drivers/CMSIS/Include/cmsis_gcc.h" 1
 423 000e 93FAA3F3 		rbit r3, r3
 424              	@ 0 "" 2
 425              		.thumb
 426 0012 B3FA83F3 		clz	r3, r3
 427 0016 00F47F30 		and	r0, r0, #261120
 428 001a 07E0     		b	.L100
 429              	.L98:
 430 001c 4FF07F73 		mov	r3, #66846720
 431              	@ 531 "Drivers/CMSIS/Include/cmsis_gcc.h" 1
 432 0020 93FAA3F3 		rbit r3, r3
 433              	@ 0 "" 2
 434              		.thumb
 435 0024 B3FA83F3 		clz	r3, r3
 436 0028 00F07F70 		and	r0, r0, #66846720
 437              	.L100:
 438 002c D840     		lsrs	r0, r0, r3
 439 002e 7047     		bx	lr
 440              	.L102:
 441              		.align	2
 442              	.L101:
 443 0030 04F8FF1F 		.word	536868868
 444 0034 00200240 		.word	1073881088
 446              		.section	.text.FLASH_PageErase,"ax",%progbits
 447              		.align	1
 448              		.global	FLASH_PageErase
 449              		.thumb
 450              		.thumb_func
 452              	FLASH_PageErase:
 453              		@ args = 0, pretend = 0, frame = 0
 454              		@ frame_needed = 0, uses_anonymous_args = 0
 455              		@ link register save eliminated.
 456 0000 064B     		ldr	r3, .L104
 457 0002 0022     		movs	r2, #0
 458 0004 DA61     		str	r2, [r3, #28]
 459 0006 064B     		ldr	r3, .L104+4
 460 0008 1A69     		ldr	r2, [r3, #16]
 461 000a 42F00202 		orr	r2, r2, #2
 462 000e 1A61     		str	r2, [r3, #16]
 463 0010 5861     		str	r0, [r3, #20]
 464 0012 1A69     		ldr	r2, [r3, #16]
 465 0014 42F04002 		orr	r2, r2, #64
 466 0018 1A61     		str	r2, [r3, #16]
 467 001a 7047     		bx	lr
 468              	.L105:
 469              		.align	2
ARM GAS  /tmp/ccuhIxfe.s 			page 9


 470              	.L104:
 471 001c 00000000 		.word	pFlash
 472 0020 00200240 		.word	1073881088
 474              		.section	.text.HAL_FLASHEx_Erase,"ax",%progbits
 475              		.align	1
 476              		.global	HAL_FLASHEx_Erase
 477              		.thumb
 478              		.thumb_func
 480              	HAL_FLASHEx_Erase:
 481              		@ args = 0, pretend = 0, frame = 0
 482              		@ frame_needed = 0, uses_anonymous_args = 0
 483 0000 2DE9F041 		push	{r4, r5, r6, r7, r8, lr}
 484 0004 234D     		ldr	r5, .L116
 485 0006 0746     		mov	r7, r0
 486 0008 2B7E     		ldrb	r3, [r5, #24]	@ zero_extendqisi2
 487 000a 8846     		mov	r8, r1
 488 000c 012B     		cmp	r3, #1
 489 000e 3ED0     		beq	.L115
 490 0010 0368     		ldr	r3, [r0]
 491 0012 0124     		movs	r4, #1
 492 0014 022B     		cmp	r3, #2
 493 0016 2C76     		strb	r4, [r5, #24]
 494 0018 4CF25030 		movw	r0, #50000
 495 001c 10D1     		bne	.L108
 496 001e FFF7FEFF 		bl	FLASH_WaitForLastOperation
 497 0022 08B1     		cbz	r0, .L109
 498              	.L111:
 499 0024 0120     		movs	r0, #1
 500 0026 2EE0     		b	.L110
 501              	.L109:
 502 0028 FFF7FEFF 		bl	FLASH_MassErase.isra.0
 503 002c 4CF25030 		movw	r0, #50000
 504 0030 FFF7FEFF 		bl	FLASH_WaitForLastOperation
 505 0034 184A     		ldr	r2, .L116+4
 506 0036 1369     		ldr	r3, [r2, #16]
 507 0038 23F00403 		bic	r3, r3, #4
 508 003c 1361     		str	r3, [r2, #16]
 509 003e 22E0     		b	.L110
 510              	.L108:
 511 0040 FFF7FEFF 		bl	FLASH_WaitForLastOperation
 512 0044 0028     		cmp	r0, #0
 513 0046 EDD1     		bne	.L111
 514 0048 2046     		mov	r0, r4
 515 004a 4FF0FF33 		mov	r3, #-1
 516 004e C8F80030 		str	r3, [r8]
 517 0052 BE68     		ldr	r6, [r7, #8]
 518              	.L112:
 519 0054 FA68     		ldr	r2, [r7, #12]
 520 0056 BB68     		ldr	r3, [r7, #8]
 521 0058 03EB8223 		add	r3, r3, r2, lsl #10
 522 005c 9E42     		cmp	r6, r3
 523 005e 12D2     		bcs	.L110
 524 0060 3046     		mov	r0, r6
 525 0062 FFF7FEFF 		bl	FLASH_PageErase
 526 0066 4CF25030 		movw	r0, #50000
 527 006a FFF7FEFF 		bl	FLASH_WaitForLastOperation
 528 006e 0A4A     		ldr	r2, .L116+4
ARM GAS  /tmp/ccuhIxfe.s 			page 10


 529 0070 1369     		ldr	r3, [r2, #16]
 530 0072 23F00203 		bic	r3, r3, #2
 531 0076 1361     		str	r3, [r2, #16]
 532 0078 10B1     		cbz	r0, .L113
 533 007a C8F80060 		str	r6, [r8]
 534 007e 02E0     		b	.L110
 535              	.L113:
 536 0080 06F58066 		add	r6, r6, #1024
 537 0084 E6E7     		b	.L112
 538              	.L110:
 539 0086 0023     		movs	r3, #0
 540 0088 2B76     		strb	r3, [r5, #24]
 541 008a BDE8F081 		pop	{r4, r5, r6, r7, r8, pc}
 542              	.L115:
 543 008e 0220     		movs	r0, #2
 544 0090 BDE8F081 		pop	{r4, r5, r6, r7, r8, pc}
 545              	.L117:
 546              		.align	2
 547              	.L116:
 548 0094 00000000 		.word	pFlash
 549 0098 00200240 		.word	1073881088
 551              		.section	.text.HAL_FLASHEx_Erase_IT,"ax",%progbits
 552              		.align	1
 553              		.global	HAL_FLASHEx_Erase_IT
 554              		.thumb
 555              		.thumb_func
 557              	HAL_FLASHEx_Erase_IT:
 558              		@ args = 0, pretend = 0, frame = 0
 559              		@ frame_needed = 0, uses_anonymous_args = 0
 560 0000 114A     		ldr	r2, .L124
 561 0002 38B5     		push	{r3, r4, r5, lr}
 562 0004 137E     		ldrb	r3, [r2, #24]	@ zero_extendqisi2
 563 0006 012B     		cmp	r3, #1
 564 0008 1AD0     		beq	.L121
 565 000a 1178     		ldrb	r1, [r2]	@ zero_extendqisi2
 566 000c 0123     		movs	r3, #1
 567 000e 1376     		strb	r3, [r2, #24]
 568 0010 01F0FF04 		and	r4, r1, #255
 569 0014 B1B9     		cbnz	r1, .L122
 570 0016 0D4D     		ldr	r5, .L124+4
 571 0018 2969     		ldr	r1, [r5, #16]
 572 001a 41F4A051 		orr	r1, r1, #5120
 573 001e 2961     		str	r1, [r5, #16]
 574 0020 0168     		ldr	r1, [r0]
 575 0022 0229     		cmp	r1, #2
 576 0024 03D1     		bne	.L120
 577 0026 1170     		strb	r1, [r2]
 578 0028 FFF7FEFF 		bl	FLASH_MassErase.isra.0
 579 002c 06E0     		b	.L123
 580              	.L120:
 581 002e 1370     		strb	r3, [r2]
 582 0030 C368     		ldr	r3, [r0, #12]
 583 0032 8068     		ldr	r0, [r0, #8]
 584 0034 5360     		str	r3, [r2, #4]
 585 0036 9060     		str	r0, [r2, #8]
 586 0038 FFF7FEFF 		bl	FLASH_PageErase
 587              	.L123:
ARM GAS  /tmp/ccuhIxfe.s 			page 11


 588 003c 2046     		mov	r0, r4
 589 003e 38BD     		pop	{r3, r4, r5, pc}
 590              	.L121:
 591 0040 0220     		movs	r0, #2
 592 0042 38BD     		pop	{r3, r4, r5, pc}
 593              	.L122:
 594 0044 1846     		mov	r0, r3
 595 0046 38BD     		pop	{r3, r4, r5, pc}
 596              	.L125:
 597              		.align	2
 598              	.L124:
 599 0048 00000000 		.word	pFlash
 600 004c 00200240 		.word	1073881088
 602              		.ident	"GCC: (4.9.2-10+14~bpo8+1) 4.9.2"
ARM GAS  /tmp/ccuhIxfe.s 			page 12


DEFINED SYMBOLS
                            *ABS*:0000000000000000 stm32f1xx_hal_flash_ex.c
     /tmp/ccuhIxfe.s:16     .text.FLASH_MassErase.isra.0:0000000000000000 $t
     /tmp/ccuhIxfe.s:20     .text.FLASH_MassErase.isra.0:0000000000000000 FLASH_MassErase.isra.0
     /tmp/ccuhIxfe.s:38     .text.FLASH_MassErase.isra.0:000000000000001c $d
     /tmp/ccuhIxfe.s:42     .text.FLASH_OB_RDP_LevelConfig:0000000000000000 $t
     /tmp/ccuhIxfe.s:46     .text.FLASH_OB_RDP_LevelConfig:0000000000000000 FLASH_OB_RDP_LevelConfig
     /tmp/ccuhIxfe.s:85     .text.FLASH_OB_RDP_LevelConfig:0000000000000058 $d
     /tmp/ccuhIxfe.s:90     .text.HAL_FLASHEx_OBErase:0000000000000000 $t
     /tmp/ccuhIxfe.s:95     .text.HAL_FLASHEx_OBErase:0000000000000000 HAL_FLASHEx_OBErase
     /tmp/ccuhIxfe.s:131    .text.HAL_FLASHEx_OBErase:0000000000000050 $d
     /tmp/ccuhIxfe.s:135    .text.HAL_FLASHEx_OBProgram:0000000000000000 $t
     /tmp/ccuhIxfe.s:140    .text.HAL_FLASHEx_OBProgram:0000000000000000 HAL_FLASHEx_OBProgram
     /tmp/ccuhIxfe.s:365    .text.HAL_FLASHEx_OBProgram:0000000000000214 $d
     /tmp/ccuhIxfe.s:370    .text.HAL_FLASHEx_OBGetConfig:0000000000000000 $t
     /tmp/ccuhIxfe.s:375    .text.HAL_FLASHEx_OBGetConfig:0000000000000000 HAL_FLASHEx_OBGetConfig
     /tmp/ccuhIxfe.s:404    .text.HAL_FLASHEx_OBGetConfig:0000000000000030 $d
     /tmp/ccuhIxfe.s:407    .text.HAL_FLASHEx_OBGetUserData:0000000000000000 $t
     /tmp/ccuhIxfe.s:412    .text.HAL_FLASHEx_OBGetUserData:0000000000000000 HAL_FLASHEx_OBGetUserData
     /tmp/ccuhIxfe.s:443    .text.HAL_FLASHEx_OBGetUserData:0000000000000030 $d
     /tmp/ccuhIxfe.s:447    .text.FLASH_PageErase:0000000000000000 $t
     /tmp/ccuhIxfe.s:452    .text.FLASH_PageErase:0000000000000000 FLASH_PageErase
     /tmp/ccuhIxfe.s:471    .text.FLASH_PageErase:000000000000001c $d
     /tmp/ccuhIxfe.s:475    .text.HAL_FLASHEx_Erase:0000000000000000 $t
     /tmp/ccuhIxfe.s:480    .text.HAL_FLASHEx_Erase:0000000000000000 HAL_FLASHEx_Erase
     /tmp/ccuhIxfe.s:548    .text.HAL_FLASHEx_Erase:0000000000000094 $d
     /tmp/ccuhIxfe.s:552    .text.HAL_FLASHEx_Erase_IT:0000000000000000 $t
     /tmp/ccuhIxfe.s:557    .text.HAL_FLASHEx_Erase_IT:0000000000000000 HAL_FLASHEx_Erase_IT
     /tmp/ccuhIxfe.s:599    .text.HAL_FLASHEx_Erase_IT:0000000000000048 $d

UNDEFINED SYMBOLS
pFlash
FLASH_WaitForLastOperation
