ARM GAS  /tmp/ccEpj8MC.s 			page 1


   1              		.syntax unified
   2              		.cpu cortex-m3
   3              		.fpu softvfp
   4              		.eabi_attribute 20, 1
   5              		.eabi_attribute 21, 1
   6              		.eabi_attribute 23, 3
   7              		.eabi_attribute 24, 1
   8              		.eabi_attribute 25, 1
   9              		.eabi_attribute 26, 1
  10              		.eabi_attribute 30, 4
  11              		.eabi_attribute 34, 1
  12              		.eabi_attribute 18, 4
  13              		.thumb
  14              		.file	"system_stm32f1xx.c"
  15              		.section	.text.SystemInit,"ax",%progbits
  16              		.align	1
  17              		.global	SystemInit
  18              		.thumb
  19              		.thumb_func
  21              	SystemInit:
  22              		@ args = 0, pretend = 0, frame = 0
  23              		@ frame_needed = 0, uses_anonymous_args = 0
  24              		@ link register save eliminated.
  25 0000 104B     		ldr	r3, .L2
  26 0002 1A68     		ldr	r2, [r3]
  27 0004 42F00102 		orr	r2, r2, #1
  28 0008 1A60     		str	r2, [r3]
  29 000a 5968     		ldr	r1, [r3, #4]
  30 000c 0E4A     		ldr	r2, .L2+4
  31 000e 0A40     		ands	r2, r2, r1
  32 0010 5A60     		str	r2, [r3, #4]
  33 0012 1A68     		ldr	r2, [r3]
  34 0014 22F08472 		bic	r2, r2, #17301504
  35 0018 22F48032 		bic	r2, r2, #65536
  36 001c 1A60     		str	r2, [r3]
  37 001e 1A68     		ldr	r2, [r3]
  38 0020 22F48022 		bic	r2, r2, #262144
  39 0024 1A60     		str	r2, [r3]
  40 0026 5A68     		ldr	r2, [r3, #4]
  41 0028 22F4FE02 		bic	r2, r2, #8323072
  42 002c 5A60     		str	r2, [r3, #4]
  43 002e 4FF41F02 		mov	r2, #10420224
  44 0032 9A60     		str	r2, [r3, #8]
  45 0034 0022     		movs	r2, #0
  46 0036 DA62     		str	r2, [r3, #44]
  47 0038 044B     		ldr	r3, .L2+8
  48 003a 4FF00062 		mov	r2, #134217728
  49 003e 9A60     		str	r2, [r3, #8]
  50 0040 7047     		bx	lr
  51              	.L3:
  52 0042 00BF     		.align	2
  53              	.L2:
  54 0044 00100240 		.word	1073876992
  55 0048 0000FFF8 		.word	-117506048
  56 004c 00ED00E0 		.word	-536810240
  58              		.section	.text.SystemCoreClockUpdate,"ax",%progbits
  59              		.align	1
ARM GAS  /tmp/ccEpj8MC.s 			page 2


  60              		.global	SystemCoreClockUpdate
  61              		.thumb
  62              		.thumb_func
  64              	SystemCoreClockUpdate:
  65              		@ args = 0, pretend = 0, frame = 0
  66              		@ frame_needed = 0, uses_anonymous_args = 0
  67 0000 134A     		ldr	r2, .L14
  68 0002 10B5     		push	{r4, lr}
  69 0004 5368     		ldr	r3, [r2, #4]
  70 0006 1349     		ldr	r1, .L14+4
  71 0008 03F00C03 		and	r3, r3, #12
  72 000c 042B     		cmp	r3, #4
  73 000e 01D0     		beq	.L6
  74 0010 082B     		cmp	r3, #8
  75 0012 01D0     		beq	.L7
  76              	.L6:
  77 0014 104B     		ldr	r3, .L14+8
  78 0016 10E0     		b	.L11
  79              	.L7:
  80 0018 5368     		ldr	r3, [r2, #4]
  81 001a 5068     		ldr	r0, [r2, #4]
  82 001c C3F38343 		ubfx	r3, r3, #18, #4
  83 0020 C003     		lsls	r0, r0, #15
  84 0022 41BF     		itttt	mi
  85 0024 D06A     		ldrmi	r0, [r2, #44]
  86 0026 0C4C     		ldrmi	r4, .L14+8
  87 0028 00F00F00 		andmi	r0, r0, #15
  88 002c 0130     		addmi	r0, r0, #1
  89 002e 4CBF     		ite	mi
  90 0030 B4FBF0F0 		udivmi	r0, r4, r0
  91 0034 0948     		ldrpl	r0, .L14+12
  92 0036 0233     		adds	r3, r3, #2
  93 0038 4343     		muls	r3, r0, r3
  94              	.L11:
  95 003a 0B60     		str	r3, [r1]
  96 003c 5368     		ldr	r3, [r2, #4]
  97 003e 084A     		ldr	r2, .L14+16
  98 0040 C3F30313 		ubfx	r3, r3, #4, #4
  99 0044 D25C     		ldrb	r2, [r2, r3]	@ zero_extendqisi2
 100 0046 0B68     		ldr	r3, [r1]
 101 0048 D340     		lsrs	r3, r3, r2
 102 004a 0B60     		str	r3, [r1]
 103 004c 10BD     		pop	{r4, pc}
 104              	.L15:
 105 004e 00BF     		.align	2
 106              	.L14:
 107 0050 00100240 		.word	1073876992
 108 0054 00000000 		.word	.LANCHOR0
 109 0058 00127A00 		.word	8000000
 110 005c 00093D00 		.word	4000000
 111 0060 00000000 		.word	.LANCHOR1
 113              		.global	APBPrescTable
 114              		.global	AHBPrescTable
 115              		.global	SystemCoreClock
 116              		.section	.rodata.AHBPrescTable,"a",%progbits
 117              		.set	.LANCHOR1,. + 0
 120              	AHBPrescTable:
ARM GAS  /tmp/ccEpj8MC.s 			page 3


 121 0000 00       		.byte	0
 122 0001 00       		.byte	0
 123 0002 00       		.byte	0
 124 0003 00       		.byte	0
 125 0004 00       		.byte	0
 126 0005 00       		.byte	0
 127 0006 00       		.byte	0
 128 0007 00       		.byte	0
 129 0008 01       		.byte	1
 130 0009 02       		.byte	2
 131 000a 03       		.byte	3
 132 000b 04       		.byte	4
 133 000c 06       		.byte	6
 134 000d 07       		.byte	7
 135 000e 08       		.byte	8
 136 000f 09       		.byte	9
 137              		.section	.rodata.APBPrescTable,"a",%progbits
 140              	APBPrescTable:
 141 0000 00       		.byte	0
 142 0001 00       		.byte	0
 143 0002 00       		.byte	0
 144 0003 00       		.byte	0
 145 0004 01       		.byte	1
 146 0005 02       		.byte	2
 147 0006 03       		.byte	3
 148 0007 04       		.byte	4
 149              		.section	.data.SystemCoreClock,"aw",%progbits
 150              		.align	2
 151              		.set	.LANCHOR0,. + 0
 154              	SystemCoreClock:
 155 0000 00366E01 		.word	24000000
 156              		.ident	"GCC: (4.9.2-10+14~bpo8+1) 4.9.2"
ARM GAS  /tmp/ccEpj8MC.s 			page 4


DEFINED SYMBOLS
                            *ABS*:0000000000000000 system_stm32f1xx.c
     /tmp/ccEpj8MC.s:16     .text.SystemInit:0000000000000000 $t
     /tmp/ccEpj8MC.s:21     .text.SystemInit:0000000000000000 SystemInit
     /tmp/ccEpj8MC.s:54     .text.SystemInit:0000000000000044 $d
     /tmp/ccEpj8MC.s:59     .text.SystemCoreClockUpdate:0000000000000000 $t
     /tmp/ccEpj8MC.s:64     .text.SystemCoreClockUpdate:0000000000000000 SystemCoreClockUpdate
     /tmp/ccEpj8MC.s:107    .text.SystemCoreClockUpdate:0000000000000050 $d
     /tmp/ccEpj8MC.s:140    .rodata.APBPrescTable:0000000000000000 APBPrescTable
     /tmp/ccEpj8MC.s:120    .rodata.AHBPrescTable:0000000000000000 AHBPrescTable
     /tmp/ccEpj8MC.s:154    .data.SystemCoreClock:0000000000000000 SystemCoreClock
     /tmp/ccEpj8MC.s:150    .data.SystemCoreClock:0000000000000000 $d

NO UNDEFINED SYMBOLS
