ARM GAS  /tmp/ccVfgdt4.s 			page 1


   1              		.syntax unified
   2              		.cpu cortex-m3
   3              		.fpu softvfp
   4              		.eabi_attribute 20, 1
   5              		.eabi_attribute 21, 1
   6              		.eabi_attribute 23, 3
   7              		.eabi_attribute 24, 1
   8              		.eabi_attribute 25, 1
   9              		.eabi_attribute 26, 1
  10              		.eabi_attribute 30, 6
  11              		.eabi_attribute 34, 1
  12              		.eabi_attribute 18, 4
  13              		.thumb
  14              		.file	"printf.c"
  15              		.text
  16              	.Ltext0:
  17              		.cfi_sections	.debug_frame
  18              		.section	.text._write,"ax",%progbits
  19              		.align	2
  20              		.global	_write
  21              		.thumb
  22              		.thumb_func
  24              	_write:
  25              	.LFB63:
  26              		.file 1 "Src/printf.c"
   1:Src/printf.c  **** #include <stdio.h>
   2:Src/printf.c  **** #include "usart.h"
   3:Src/printf.c  **** /***************************************************************************/
   4:Src/printf.c  **** 
   5:Src/printf.c  **** /* For GCC compiler revise _write() function for printf functionality */
   6:Src/printf.c  **** int _write(int file, char *ptr, int len)
   7:Src/printf.c  **** {
  27              		.loc 1 7 0
  28              		.cfi_startproc
  29              		@ args = 0, pretend = 0, frame = 16
  30              		@ frame_needed = 1, uses_anonymous_args = 0
  31 0000 80B5     		push	{r7, lr}
  32              	.LCFI0:
  33              		.cfi_def_cfa_offset 8
  34              		.cfi_offset 7, -8
  35              		.cfi_offset 14, -4
  36 0002 84B0     		sub	sp, sp, #16
  37              	.LCFI1:
  38              		.cfi_def_cfa_offset 24
  39 0004 00AF     		add	r7, sp, #0
  40              	.LCFI2:
  41              		.cfi_def_cfa_register 7
  42 0006 F860     		str	r0, [r7, #12]
  43 0008 B960     		str	r1, [r7, #8]
  44 000a 7A60     		str	r2, [r7, #4]
   8:Src/printf.c  ****     file = file;
   9:Src/printf.c  ****     HAL_UART_Transmit(&huart1, (uint8_t*)ptr, len, 10);
  45              		.loc 1 9 0
  46 000c 7B68     		ldr	r3, [r7, #4]
  47 000e 9BB2     		uxth	r3, r3
  48 0010 0548     		ldr	r0, .L3
  49 0012 B968     		ldr	r1, [r7, #8]
ARM GAS  /tmp/ccVfgdt4.s 			page 2


  50 0014 1A46     		mov	r2, r3
  51 0016 0A23     		movs	r3, #10
  52 0018 FFF7FEFF 		bl	HAL_UART_Transmit
  10:Src/printf.c  ****     return len;
  53              		.loc 1 10 0
  54 001c 7B68     		ldr	r3, [r7, #4]
  11:Src/printf.c  **** }
  55              		.loc 1 11 0
  56 001e 1846     		mov	r0, r3
  57 0020 1037     		adds	r7, r7, #16
  58              	.LCFI3:
  59              		.cfi_def_cfa_offset 8
  60 0022 BD46     		mov	sp, r7
  61              	.LCFI4:
  62              		.cfi_def_cfa_register 13
  63              		@ sp needed
  64 0024 80BD     		pop	{r7, pc}
  65              	.L4:
  66 0026 00BF     		.align	2
  67              	.L3:
  68 0028 00000000 		.word	huart1
  69              		.cfi_endproc
  70              	.LFE63:
  72              		.text
  73              	.Letext0:
  74              		.file 2 "/usr/include/newlib/machine/_default_types.h"
  75              		.file 3 "/usr/include/newlib/stdint.h"
  76              		.file 4 "Drivers/CMSIS/Device/ST/STM32F1xx/Include/stm32f103xb.h"
  77              		.file 5 "Drivers/STM32F1xx_HAL_Driver/Inc/stm32f1xx_hal_def.h"
  78              		.file 6 "Drivers/STM32F1xx_HAL_Driver/Inc/stm32f1xx_hal_dma.h"
  79              		.file 7 "Drivers/STM32F1xx_HAL_Driver/Inc/stm32f1xx_hal_uart.h"
  80              		.file 8 "Drivers/CMSIS/Include/core_cm3.h"
  81              		.file 9 "Inc/usart.h"
ARM GAS  /tmp/ccVfgdt4.s 			page 3


DEFINED SYMBOLS
                            *ABS*:0000000000000000 printf.c
     /tmp/ccVfgdt4.s:19     .text._write:0000000000000000 $t
     /tmp/ccVfgdt4.s:24     .text._write:0000000000000000 _write
     /tmp/ccVfgdt4.s:68     .text._write:0000000000000028 $d
                     .debug_frame:0000000000000010 $d

UNDEFINED SYMBOLS
HAL_UART_Transmit
huart1
