ARM GAS  /tmp/ccin9CG8.s 			page 1


   1              		.syntax unified
   2              		.cpu cortex-m3
   3              		.fpu softvfp
   4              		.eabi_attribute 20, 1
   5              		.eabi_attribute 21, 1
   6              		.eabi_attribute 23, 3
   7              		.eabi_attribute 24, 1
   8              		.eabi_attribute 25, 1
   9              		.eabi_attribute 26, 1
  10              		.eabi_attribute 30, 6
  11              		.eabi_attribute 34, 1
  12              		.eabi_attribute 18, 4
  13              		.thumb
  14              		.file	"rtc.c"
  15              		.text
  16              	.Ltext0:
  17              		.cfi_sections	.debug_frame
  18              		.comm	hrtc,20,4
  19              		.section	.text.MX_RTC_Init,"ax",%progbits
  20              		.align	2
  21              		.global	MX_RTC_Init
  22              		.thumb
  23              		.thumb_func
  25              	MX_RTC_Init:
  26              	.LFB63:
  27              		.file 1 "Src/rtc.c"
   1:Src/rtc.c     **** /**
   2:Src/rtc.c     ****   ******************************************************************************
   3:Src/rtc.c     ****   * File Name          : RTC.c
   4:Src/rtc.c     ****   * Description        : This file provides code for the configuration
   5:Src/rtc.c     ****   *                      of the RTC instances.
   6:Src/rtc.c     ****   ******************************************************************************
   7:Src/rtc.c     ****   *
   8:Src/rtc.c     ****   * COPYRIGHT(c) 2016 STMicroelectronics
   9:Src/rtc.c     ****   *
  10:Src/rtc.c     ****   * Redistribution and use in source and binary forms, with or without modification,
  11:Src/rtc.c     ****   * are permitted provided that the following conditions are met:
  12:Src/rtc.c     ****   *   1. Redistributions of source code must retain the above copyright notice,
  13:Src/rtc.c     ****   *      this list of conditions and the following disclaimer.
  14:Src/rtc.c     ****   *   2. Redistributions in binary form must reproduce the above copyright notice,
  15:Src/rtc.c     ****   *      this list of conditions and the following disclaimer in the documentation
  16:Src/rtc.c     ****   *      and/or other materials provided with the distribution.
  17:Src/rtc.c     ****   *   3. Neither the name of STMicroelectronics nor the names of its contributors
  18:Src/rtc.c     ****   *      may be used to endorse or promote products derived from this software
  19:Src/rtc.c     ****   *      without specific prior written permission.
  20:Src/rtc.c     ****   *
  21:Src/rtc.c     ****   * THIS SOFTWARE IS PROVIDED BY THE COPYRIGHT HOLDERS AND CONTRIBUTORS "AS IS"
  22:Src/rtc.c     ****   * AND ANY EXPRESS OR IMPLIED WARRANTIES, INCLUDING, BUT NOT LIMITED TO, THE
  23:Src/rtc.c     ****   * IMPLIED WARRANTIES OF MERCHANTABILITY AND FITNESS FOR A PARTICULAR PURPOSE ARE
  24:Src/rtc.c     ****   * DISCLAIMED. IN NO EVENT SHALL THE COPYRIGHT HOLDER OR CONTRIBUTORS BE LIABLE
  25:Src/rtc.c     ****   * FOR ANY DIRECT, INDIRECT, INCIDENTAL, SPECIAL, EXEMPLARY, OR CONSEQUENTIAL
  26:Src/rtc.c     ****   * DAMAGES (INCLUDING, BUT NOT LIMITED TO, PROCUREMENT OF SUBSTITUTE GOODS OR
  27:Src/rtc.c     ****   * SERVICES; LOSS OF USE, DATA, OR PROFITS; OR BUSINESS INTERRUPTION) HOWEVER
  28:Src/rtc.c     ****   * CAUSED AND ON ANY THEORY OF LIABILITY, WHETHER IN CONTRACT, STRICT LIABILITY,
  29:Src/rtc.c     ****   * OR TORT (INCLUDING NEGLIGENCE OR OTHERWISE) ARISING IN ANY WAY OUT OF THE USE
  30:Src/rtc.c     ****   * OF THIS SOFTWARE, EVEN IF ADVISED OF THE POSSIBILITY OF SUCH DAMAGE.
  31:Src/rtc.c     ****   *
ARM GAS  /tmp/ccin9CG8.s 			page 2


  32:Src/rtc.c     ****   ******************************************************************************
  33:Src/rtc.c     ****   */
  34:Src/rtc.c     **** 
  35:Src/rtc.c     **** /* Includes ------------------------------------------------------------------*/
  36:Src/rtc.c     **** #include "rtc.h"
  37:Src/rtc.c     **** 
  38:Src/rtc.c     **** /* USER CODE BEGIN 0 */
  39:Src/rtc.c     **** 
  40:Src/rtc.c     **** /* USER CODE END 0 */
  41:Src/rtc.c     **** 
  42:Src/rtc.c     **** RTC_HandleTypeDef hrtc;
  43:Src/rtc.c     **** 
  44:Src/rtc.c     **** /* RTC init function */
  45:Src/rtc.c     **** void MX_RTC_Init(void)
  46:Src/rtc.c     **** {
  28              		.loc 1 46 0
  29              		.cfi_startproc
  30              		@ args = 0, pretend = 0, frame = 0
  31              		@ frame_needed = 1, uses_anonymous_args = 0
  32 0000 80B5     		push	{r7, lr}
  33              	.LCFI0:
  34              		.cfi_def_cfa_offset 8
  35              		.cfi_offset 7, -8
  36              		.cfi_offset 14, -4
  37 0002 00AF     		add	r7, sp, #0
  38              	.LCFI1:
  39              		.cfi_def_cfa_register 7
  47:Src/rtc.c     ****     //RTC_TimeTypeDef sTime;
  48:Src/rtc.c     ****     //RTC_DateTypeDef DateToUpdate;
  49:Src/rtc.c     **** 
  50:Src/rtc.c     ****     /**Initialize RTC and set the Time and Date 
  51:Src/rtc.c     ****     */
  52:Src/rtc.c     ****   hrtc.Instance = RTC;
  40              		.loc 1 52 0
  41 0004 094B     		ldr	r3, .L3
  42 0006 0A4A     		ldr	r2, .L3+4
  43 0008 1A60     		str	r2, [r3]
  53:Src/rtc.c     ****   hrtc.Init.AsynchPrediv = RTC_AUTO_1_SECOND;
  44              		.loc 1 53 0
  45 000a 084B     		ldr	r3, .L3
  46 000c 4FF0FF32 		mov	r2, #-1
  47 0010 5A60     		str	r2, [r3, #4]
  54:Src/rtc.c     ****   hrtc.Init.OutPut = RTC_OUTPUTSOURCE_NONE;
  48              		.loc 1 54 0
  49 0012 064B     		ldr	r3, .L3
  50 0014 0022     		movs	r2, #0
  51 0016 9A60     		str	r2, [r3, #8]
  55:Src/rtc.c     ****   if (HAL_RTC_Init(&hrtc) != HAL_OK)
  52              		.loc 1 55 0
  53 0018 0448     		ldr	r0, .L3
  54 001a FFF7FEFF 		bl	HAL_RTC_Init
  55 001e 0346     		mov	r3, r0
  56 0020 002B     		cmp	r3, #0
  57 0022 01D0     		beq	.L1
  56:Src/rtc.c     ****   {
  57:Src/rtc.c     ****     Error_Handler();
  58              		.loc 1 57 0
ARM GAS  /tmp/ccin9CG8.s 			page 3


  59 0024 FFF7FEFF 		bl	Error_Handler
  60              	.L1:
  58:Src/rtc.c     ****   }
  59:Src/rtc.c     **** 
  60:Src/rtc.c     ****   /************************************************************************/
  61:Src/rtc.c     ****   /* sTime.Hours = 0x1;							  */
  62:Src/rtc.c     ****   /* sTime.Minutes = 0x0;						  */
  63:Src/rtc.c     ****   /* sTime.Seconds = 0x0;						  */
  64:Src/rtc.c     ****   /* 									  */
  65:Src/rtc.c     ****   /* if (HAL_RTC_SetTime(&hrtc, &sTime, RTC_FORMAT_BCD) != HAL_OK)	  */
  66:Src/rtc.c     ****   /* {									  */
  67:Src/rtc.c     ****   /*   Error_Handler();							  */
  68:Src/rtc.c     ****   /* }									  */
  69:Src/rtc.c     ****   /* 									  */
  70:Src/rtc.c     ****   /* DateToUpdate.WeekDay = RTC_WEEKDAY_MONDAY;				  */
  71:Src/rtc.c     ****   /* DateToUpdate.Month = RTC_MONTH_JANUARY;				  */
  72:Src/rtc.c     ****   /* DateToUpdate.Date = 0x1;						  */
  73:Src/rtc.c     ****   /* DateToUpdate.Year = 0x0;						  */
  74:Src/rtc.c     ****   /* 									  */
  75:Src/rtc.c     ****   /* if (HAL_RTC_SetDate(&hrtc, &DateToUpdate, RTC_FORMAT_BCD) != HAL_OK) */
  76:Src/rtc.c     ****   /* {									  */
  77:Src/rtc.c     ****   /*   Error_Handler();							  */
  78:Src/rtc.c     ****   /* }									  */
  79:Src/rtc.c     ****   /************************************************************************/
  80:Src/rtc.c     **** 
  81:Src/rtc.c     **** }
  61              		.loc 1 81 0
  62 0028 80BD     		pop	{r7, pc}
  63              	.L4:
  64 002a 00BF     		.align	2
  65              	.L3:
  66 002c 00000000 		.word	hrtc
  67 0030 00280040 		.word	1073752064
  68              		.cfi_endproc
  69              	.LFE63:
  71              		.section	.text.HAL_RTC_MspInit,"ax",%progbits
  72              		.align	2
  73              		.global	HAL_RTC_MspInit
  74              		.thumb
  75              		.thumb_func
  77              	HAL_RTC_MspInit:
  78              	.LFB64:
  82:Src/rtc.c     **** 
  83:Src/rtc.c     **** void HAL_RTC_MspInit(RTC_HandleTypeDef* rtcHandle)
  84:Src/rtc.c     **** {
  79              		.loc 1 84 0
  80              		.cfi_startproc
  81              		@ args = 0, pretend = 0, frame = 24
  82              		@ frame_needed = 1, uses_anonymous_args = 0
  83 0000 80B5     		push	{r7, lr}
  84              	.LCFI2:
  85              		.cfi_def_cfa_offset 8
  86              		.cfi_offset 7, -8
  87              		.cfi_offset 14, -4
  88 0002 86B0     		sub	sp, sp, #24
  89              	.LCFI3:
  90              		.cfi_def_cfa_offset 32
ARM GAS  /tmp/ccin9CG8.s 			page 4


  91 0004 00AF     		add	r7, sp, #0
  92              	.LCFI4:
  93              		.cfi_def_cfa_register 7
  94 0006 7860     		str	r0, [r7, #4]
  85:Src/rtc.c     **** 
  86:Src/rtc.c     ****   if(rtcHandle->Instance==RTC)
  95              		.loc 1 86 0
  96 0008 7B68     		ldr	r3, [r7, #4]
  97 000a 1B68     		ldr	r3, [r3]
  98 000c 124A     		ldr	r2, .L8
  99 000e 9342     		cmp	r3, r2
 100 0010 1ED1     		bne	.L5
  87:Src/rtc.c     ****   {
  88:Src/rtc.c     ****   /* USER CODE BEGIN RTC_MspInit 0 */
  89:Src/rtc.c     **** 
  90:Src/rtc.c     ****   /* USER CODE END RTC_MspInit 0 */
  91:Src/rtc.c     ****     HAL_PWR_EnableBkUpAccess();
 101              		.loc 1 91 0
 102 0012 FFF7FEFF 		bl	HAL_PWR_EnableBkUpAccess
 103              	.LBB7:
  92:Src/rtc.c     ****     /* Enable BKP CLK enable for backup registers */
  93:Src/rtc.c     ****     __HAL_RCC_BKP_CLK_ENABLE();
 104              		.loc 1 93 0
 105 0016 114A     		ldr	r2, .L8+4
 106 0018 104B     		ldr	r3, .L8+4
 107 001a DB69     		ldr	r3, [r3, #28]
 108 001c 43F00063 		orr	r3, r3, #134217728
 109 0020 D361     		str	r3, [r2, #28]
 110 0022 0E4B     		ldr	r3, .L8+4
 111 0024 DB69     		ldr	r3, [r3, #28]
 112 0026 03F00063 		and	r3, r3, #134217728
 113 002a FB60     		str	r3, [r7, #12]
 114 002c FB68     		ldr	r3, [r7, #12]
 115 002e 4FF40043 		mov	r3, #32768
 116 0032 7B61     		str	r3, [r7, #20]
 117              	.LBE7:
 118              	.LBB8:
 119              	.LBB9:
 120              		.file 2 "Drivers/CMSIS/Include/cmsis_gcc.h"
   1:Drivers/CMSIS/Include/cmsis_gcc.h **** /**************************************************************************//**
   2:Drivers/CMSIS/Include/cmsis_gcc.h ****  * @file     cmsis_gcc.h
   3:Drivers/CMSIS/Include/cmsis_gcc.h ****  * @brief    CMSIS Cortex-M Core Function/Instruction Header File
   4:Drivers/CMSIS/Include/cmsis_gcc.h ****  * @version  V4.30
   5:Drivers/CMSIS/Include/cmsis_gcc.h ****  * @date     20. October 2015
   6:Drivers/CMSIS/Include/cmsis_gcc.h ****  ******************************************************************************/
   7:Drivers/CMSIS/Include/cmsis_gcc.h **** /* Copyright (c) 2009 - 2015 ARM LIMITED
   8:Drivers/CMSIS/Include/cmsis_gcc.h **** 
   9:Drivers/CMSIS/Include/cmsis_gcc.h ****    All rights reserved.
  10:Drivers/CMSIS/Include/cmsis_gcc.h ****    Redistribution and use in source and binary forms, with or without
  11:Drivers/CMSIS/Include/cmsis_gcc.h ****    modification, are permitted provided that the following conditions are met:
  12:Drivers/CMSIS/Include/cmsis_gcc.h ****    - Redistributions of source code must retain the above copyright
  13:Drivers/CMSIS/Include/cmsis_gcc.h ****      notice, this list of conditions and the following disclaimer.
  14:Drivers/CMSIS/Include/cmsis_gcc.h ****    - Redistributions in binary form must reproduce the above copyright
  15:Drivers/CMSIS/Include/cmsis_gcc.h ****      notice, this list of conditions and the following disclaimer in the
  16:Drivers/CMSIS/Include/cmsis_gcc.h ****      documentation and/or other materials provided with the distribution.
  17:Drivers/CMSIS/Include/cmsis_gcc.h ****    - Neither the name of ARM nor the names of its contributors may be used
  18:Drivers/CMSIS/Include/cmsis_gcc.h ****      to endorse or promote products derived from this software without
ARM GAS  /tmp/ccin9CG8.s 			page 5


  19:Drivers/CMSIS/Include/cmsis_gcc.h ****      specific prior written permission.
  20:Drivers/CMSIS/Include/cmsis_gcc.h ****    *
  21:Drivers/CMSIS/Include/cmsis_gcc.h ****    THIS SOFTWARE IS PROVIDED BY THE COPYRIGHT HOLDERS AND CONTRIBUTORS "AS IS"
  22:Drivers/CMSIS/Include/cmsis_gcc.h ****    AND ANY EXPRESS OR IMPLIED WARRANTIES, INCLUDING, BUT NOT LIMITED TO, THE
  23:Drivers/CMSIS/Include/cmsis_gcc.h ****    IMPLIED WARRANTIES OF MERCHANTABILITY AND FITNESS FOR A PARTICULAR PURPOSE
  24:Drivers/CMSIS/Include/cmsis_gcc.h ****    ARE DISCLAIMED. IN NO EVENT SHALL COPYRIGHT HOLDERS AND CONTRIBUTORS BE
  25:Drivers/CMSIS/Include/cmsis_gcc.h ****    LIABLE FOR ANY DIRECT, INDIRECT, INCIDENTAL, SPECIAL, EXEMPLARY, OR
  26:Drivers/CMSIS/Include/cmsis_gcc.h ****    CONSEQUENTIAL DAMAGES (INCLUDING, BUT NOT LIMITED TO, PROCUREMENT OF
  27:Drivers/CMSIS/Include/cmsis_gcc.h ****    SUBSTITUTE GOODS OR SERVICES; LOSS OF USE, DATA, OR PROFITS; OR BUSINESS
  28:Drivers/CMSIS/Include/cmsis_gcc.h ****    INTERRUPTION) HOWEVER CAUSED AND ON ANY THEORY OF LIABILITY, WHETHER IN
  29:Drivers/CMSIS/Include/cmsis_gcc.h ****    CONTRACT, STRICT LIABILITY, OR TORT (INCLUDING NEGLIGENCE OR OTHERWISE)
  30:Drivers/CMSIS/Include/cmsis_gcc.h ****    ARISING IN ANY WAY OUT OF THE USE OF THIS SOFTWARE, EVEN IF ADVISED OF THE
  31:Drivers/CMSIS/Include/cmsis_gcc.h ****    POSSIBILITY OF SUCH DAMAGE.
  32:Drivers/CMSIS/Include/cmsis_gcc.h ****    ---------------------------------------------------------------------------*/
  33:Drivers/CMSIS/Include/cmsis_gcc.h **** 
  34:Drivers/CMSIS/Include/cmsis_gcc.h **** 
  35:Drivers/CMSIS/Include/cmsis_gcc.h **** #ifndef __CMSIS_GCC_H
  36:Drivers/CMSIS/Include/cmsis_gcc.h **** #define __CMSIS_GCC_H
  37:Drivers/CMSIS/Include/cmsis_gcc.h **** 
  38:Drivers/CMSIS/Include/cmsis_gcc.h **** /* ignore some GCC warnings */
  39:Drivers/CMSIS/Include/cmsis_gcc.h **** #if defined ( __GNUC__ )
  40:Drivers/CMSIS/Include/cmsis_gcc.h **** #pragma GCC diagnostic push
  41:Drivers/CMSIS/Include/cmsis_gcc.h **** #pragma GCC diagnostic ignored "-Wsign-conversion"
  42:Drivers/CMSIS/Include/cmsis_gcc.h **** #pragma GCC diagnostic ignored "-Wconversion"
  43:Drivers/CMSIS/Include/cmsis_gcc.h **** #pragma GCC diagnostic ignored "-Wunused-parameter"
  44:Drivers/CMSIS/Include/cmsis_gcc.h **** #endif
  45:Drivers/CMSIS/Include/cmsis_gcc.h **** 
  46:Drivers/CMSIS/Include/cmsis_gcc.h **** 
  47:Drivers/CMSIS/Include/cmsis_gcc.h **** /* ###########################  Core Function Access  ########################### */
  48:Drivers/CMSIS/Include/cmsis_gcc.h **** /** \ingroup  CMSIS_Core_FunctionInterface
  49:Drivers/CMSIS/Include/cmsis_gcc.h ****     \defgroup CMSIS_Core_RegAccFunctions CMSIS Core Register Access Functions
  50:Drivers/CMSIS/Include/cmsis_gcc.h ****   @{
  51:Drivers/CMSIS/Include/cmsis_gcc.h ****  */
  52:Drivers/CMSIS/Include/cmsis_gcc.h **** 
  53:Drivers/CMSIS/Include/cmsis_gcc.h **** /**
  54:Drivers/CMSIS/Include/cmsis_gcc.h ****   \brief   Enable IRQ Interrupts
  55:Drivers/CMSIS/Include/cmsis_gcc.h ****   \details Enables IRQ interrupts by clearing the I-bit in the CPSR.
  56:Drivers/CMSIS/Include/cmsis_gcc.h ****            Can only be executed in Privileged modes.
  57:Drivers/CMSIS/Include/cmsis_gcc.h ****  */
  58:Drivers/CMSIS/Include/cmsis_gcc.h **** __attribute__( ( always_inline ) ) __STATIC_INLINE void __enable_irq(void)
  59:Drivers/CMSIS/Include/cmsis_gcc.h **** {
  60:Drivers/CMSIS/Include/cmsis_gcc.h ****   __ASM volatile ("cpsie i" : : : "memory");
  61:Drivers/CMSIS/Include/cmsis_gcc.h **** }
  62:Drivers/CMSIS/Include/cmsis_gcc.h **** 
  63:Drivers/CMSIS/Include/cmsis_gcc.h **** 
  64:Drivers/CMSIS/Include/cmsis_gcc.h **** /**
  65:Drivers/CMSIS/Include/cmsis_gcc.h ****   \brief   Disable IRQ Interrupts
  66:Drivers/CMSIS/Include/cmsis_gcc.h ****   \details Disables IRQ interrupts by setting the I-bit in the CPSR.
  67:Drivers/CMSIS/Include/cmsis_gcc.h ****   Can only be executed in Privileged modes.
  68:Drivers/CMSIS/Include/cmsis_gcc.h ****  */
  69:Drivers/CMSIS/Include/cmsis_gcc.h **** __attribute__( ( always_inline ) ) __STATIC_INLINE void __disable_irq(void)
  70:Drivers/CMSIS/Include/cmsis_gcc.h **** {
  71:Drivers/CMSIS/Include/cmsis_gcc.h ****   __ASM volatile ("cpsid i" : : : "memory");
  72:Drivers/CMSIS/Include/cmsis_gcc.h **** }
  73:Drivers/CMSIS/Include/cmsis_gcc.h **** 
  74:Drivers/CMSIS/Include/cmsis_gcc.h **** 
  75:Drivers/CMSIS/Include/cmsis_gcc.h **** /**
ARM GAS  /tmp/ccin9CG8.s 			page 6


  76:Drivers/CMSIS/Include/cmsis_gcc.h ****   \brief   Get Control Register
  77:Drivers/CMSIS/Include/cmsis_gcc.h ****   \details Returns the content of the Control Register.
  78:Drivers/CMSIS/Include/cmsis_gcc.h ****   \return               Control Register value
  79:Drivers/CMSIS/Include/cmsis_gcc.h ****  */
  80:Drivers/CMSIS/Include/cmsis_gcc.h **** __attribute__( ( always_inline ) ) __STATIC_INLINE uint32_t __get_CONTROL(void)
  81:Drivers/CMSIS/Include/cmsis_gcc.h **** {
  82:Drivers/CMSIS/Include/cmsis_gcc.h ****   uint32_t result;
  83:Drivers/CMSIS/Include/cmsis_gcc.h **** 
  84:Drivers/CMSIS/Include/cmsis_gcc.h ****   __ASM volatile ("MRS %0, control" : "=r" (result) );
  85:Drivers/CMSIS/Include/cmsis_gcc.h ****   return(result);
  86:Drivers/CMSIS/Include/cmsis_gcc.h **** }
  87:Drivers/CMSIS/Include/cmsis_gcc.h **** 
  88:Drivers/CMSIS/Include/cmsis_gcc.h **** 
  89:Drivers/CMSIS/Include/cmsis_gcc.h **** /**
  90:Drivers/CMSIS/Include/cmsis_gcc.h ****   \brief   Set Control Register
  91:Drivers/CMSIS/Include/cmsis_gcc.h ****   \details Writes the given value to the Control Register.
  92:Drivers/CMSIS/Include/cmsis_gcc.h ****   \param [in]    control  Control Register value to set
  93:Drivers/CMSIS/Include/cmsis_gcc.h ****  */
  94:Drivers/CMSIS/Include/cmsis_gcc.h **** __attribute__( ( always_inline ) ) __STATIC_INLINE void __set_CONTROL(uint32_t control)
  95:Drivers/CMSIS/Include/cmsis_gcc.h **** {
  96:Drivers/CMSIS/Include/cmsis_gcc.h ****   __ASM volatile ("MSR control, %0" : : "r" (control) : "memory");
  97:Drivers/CMSIS/Include/cmsis_gcc.h **** }
  98:Drivers/CMSIS/Include/cmsis_gcc.h **** 
  99:Drivers/CMSIS/Include/cmsis_gcc.h **** 
 100:Drivers/CMSIS/Include/cmsis_gcc.h **** /**
 101:Drivers/CMSIS/Include/cmsis_gcc.h ****   \brief   Get IPSR Register
 102:Drivers/CMSIS/Include/cmsis_gcc.h ****   \details Returns the content of the IPSR Register.
 103:Drivers/CMSIS/Include/cmsis_gcc.h ****   \return               IPSR Register value
 104:Drivers/CMSIS/Include/cmsis_gcc.h ****  */
 105:Drivers/CMSIS/Include/cmsis_gcc.h **** __attribute__( ( always_inline ) ) __STATIC_INLINE uint32_t __get_IPSR(void)
 106:Drivers/CMSIS/Include/cmsis_gcc.h **** {
 107:Drivers/CMSIS/Include/cmsis_gcc.h ****   uint32_t result;
 108:Drivers/CMSIS/Include/cmsis_gcc.h **** 
 109:Drivers/CMSIS/Include/cmsis_gcc.h ****   __ASM volatile ("MRS %0, ipsr" : "=r" (result) );
 110:Drivers/CMSIS/Include/cmsis_gcc.h ****   return(result);
 111:Drivers/CMSIS/Include/cmsis_gcc.h **** }
 112:Drivers/CMSIS/Include/cmsis_gcc.h **** 
 113:Drivers/CMSIS/Include/cmsis_gcc.h **** 
 114:Drivers/CMSIS/Include/cmsis_gcc.h **** /**
 115:Drivers/CMSIS/Include/cmsis_gcc.h ****   \brief   Get APSR Register
 116:Drivers/CMSIS/Include/cmsis_gcc.h ****   \details Returns the content of the APSR Register.
 117:Drivers/CMSIS/Include/cmsis_gcc.h ****   \return               APSR Register value
 118:Drivers/CMSIS/Include/cmsis_gcc.h ****  */
 119:Drivers/CMSIS/Include/cmsis_gcc.h **** __attribute__( ( always_inline ) ) __STATIC_INLINE uint32_t __get_APSR(void)
 120:Drivers/CMSIS/Include/cmsis_gcc.h **** {
 121:Drivers/CMSIS/Include/cmsis_gcc.h ****   uint32_t result;
 122:Drivers/CMSIS/Include/cmsis_gcc.h **** 
 123:Drivers/CMSIS/Include/cmsis_gcc.h ****   __ASM volatile ("MRS %0, apsr" : "=r" (result) );
 124:Drivers/CMSIS/Include/cmsis_gcc.h ****   return(result);
 125:Drivers/CMSIS/Include/cmsis_gcc.h **** }
 126:Drivers/CMSIS/Include/cmsis_gcc.h **** 
 127:Drivers/CMSIS/Include/cmsis_gcc.h **** 
 128:Drivers/CMSIS/Include/cmsis_gcc.h **** /**
 129:Drivers/CMSIS/Include/cmsis_gcc.h ****   \brief   Get xPSR Register
 130:Drivers/CMSIS/Include/cmsis_gcc.h ****   \details Returns the content of the xPSR Register.
 131:Drivers/CMSIS/Include/cmsis_gcc.h **** 
 132:Drivers/CMSIS/Include/cmsis_gcc.h ****     \return               xPSR Register value
ARM GAS  /tmp/ccin9CG8.s 			page 7


 133:Drivers/CMSIS/Include/cmsis_gcc.h ****  */
 134:Drivers/CMSIS/Include/cmsis_gcc.h **** __attribute__( ( always_inline ) ) __STATIC_INLINE uint32_t __get_xPSR(void)
 135:Drivers/CMSIS/Include/cmsis_gcc.h **** {
 136:Drivers/CMSIS/Include/cmsis_gcc.h ****   uint32_t result;
 137:Drivers/CMSIS/Include/cmsis_gcc.h **** 
 138:Drivers/CMSIS/Include/cmsis_gcc.h ****   __ASM volatile ("MRS %0, xpsr" : "=r" (result) );
 139:Drivers/CMSIS/Include/cmsis_gcc.h ****   return(result);
 140:Drivers/CMSIS/Include/cmsis_gcc.h **** }
 141:Drivers/CMSIS/Include/cmsis_gcc.h **** 
 142:Drivers/CMSIS/Include/cmsis_gcc.h **** 
 143:Drivers/CMSIS/Include/cmsis_gcc.h **** /**
 144:Drivers/CMSIS/Include/cmsis_gcc.h ****   \brief   Get Process Stack Pointer
 145:Drivers/CMSIS/Include/cmsis_gcc.h ****   \details Returns the current value of the Process Stack Pointer (PSP).
 146:Drivers/CMSIS/Include/cmsis_gcc.h ****   \return               PSP Register value
 147:Drivers/CMSIS/Include/cmsis_gcc.h ****  */
 148:Drivers/CMSIS/Include/cmsis_gcc.h **** __attribute__( ( always_inline ) ) __STATIC_INLINE uint32_t __get_PSP(void)
 149:Drivers/CMSIS/Include/cmsis_gcc.h **** {
 150:Drivers/CMSIS/Include/cmsis_gcc.h ****   register uint32_t result;
 151:Drivers/CMSIS/Include/cmsis_gcc.h **** 
 152:Drivers/CMSIS/Include/cmsis_gcc.h ****   __ASM volatile ("MRS %0, psp\n"  : "=r" (result) );
 153:Drivers/CMSIS/Include/cmsis_gcc.h ****   return(result);
 154:Drivers/CMSIS/Include/cmsis_gcc.h **** }
 155:Drivers/CMSIS/Include/cmsis_gcc.h **** 
 156:Drivers/CMSIS/Include/cmsis_gcc.h **** 
 157:Drivers/CMSIS/Include/cmsis_gcc.h **** /**
 158:Drivers/CMSIS/Include/cmsis_gcc.h ****   \brief   Set Process Stack Pointer
 159:Drivers/CMSIS/Include/cmsis_gcc.h ****   \details Assigns the given value to the Process Stack Pointer (PSP).
 160:Drivers/CMSIS/Include/cmsis_gcc.h ****   \param [in]    topOfProcStack  Process Stack Pointer value to set
 161:Drivers/CMSIS/Include/cmsis_gcc.h ****  */
 162:Drivers/CMSIS/Include/cmsis_gcc.h **** __attribute__( ( always_inline ) ) __STATIC_INLINE void __set_PSP(uint32_t topOfProcStack)
 163:Drivers/CMSIS/Include/cmsis_gcc.h **** {
 164:Drivers/CMSIS/Include/cmsis_gcc.h ****   __ASM volatile ("MSR psp, %0\n" : : "r" (topOfProcStack) : "sp");
 165:Drivers/CMSIS/Include/cmsis_gcc.h **** }
 166:Drivers/CMSIS/Include/cmsis_gcc.h **** 
 167:Drivers/CMSIS/Include/cmsis_gcc.h **** 
 168:Drivers/CMSIS/Include/cmsis_gcc.h **** /**
 169:Drivers/CMSIS/Include/cmsis_gcc.h ****   \brief   Get Main Stack Pointer
 170:Drivers/CMSIS/Include/cmsis_gcc.h ****   \details Returns the current value of the Main Stack Pointer (MSP).
 171:Drivers/CMSIS/Include/cmsis_gcc.h ****   \return               MSP Register value
 172:Drivers/CMSIS/Include/cmsis_gcc.h ****  */
 173:Drivers/CMSIS/Include/cmsis_gcc.h **** __attribute__( ( always_inline ) ) __STATIC_INLINE uint32_t __get_MSP(void)
 174:Drivers/CMSIS/Include/cmsis_gcc.h **** {
 175:Drivers/CMSIS/Include/cmsis_gcc.h ****   register uint32_t result;
 176:Drivers/CMSIS/Include/cmsis_gcc.h **** 
 177:Drivers/CMSIS/Include/cmsis_gcc.h ****   __ASM volatile ("MRS %0, msp\n" : "=r" (result) );
 178:Drivers/CMSIS/Include/cmsis_gcc.h ****   return(result);
 179:Drivers/CMSIS/Include/cmsis_gcc.h **** }
 180:Drivers/CMSIS/Include/cmsis_gcc.h **** 
 181:Drivers/CMSIS/Include/cmsis_gcc.h **** 
 182:Drivers/CMSIS/Include/cmsis_gcc.h **** /**
 183:Drivers/CMSIS/Include/cmsis_gcc.h ****   \brief   Set Main Stack Pointer
 184:Drivers/CMSIS/Include/cmsis_gcc.h ****   \details Assigns the given value to the Main Stack Pointer (MSP).
 185:Drivers/CMSIS/Include/cmsis_gcc.h **** 
 186:Drivers/CMSIS/Include/cmsis_gcc.h ****     \param [in]    topOfMainStack  Main Stack Pointer value to set
 187:Drivers/CMSIS/Include/cmsis_gcc.h ****  */
 188:Drivers/CMSIS/Include/cmsis_gcc.h **** __attribute__( ( always_inline ) ) __STATIC_INLINE void __set_MSP(uint32_t topOfMainStack)
 189:Drivers/CMSIS/Include/cmsis_gcc.h **** {
ARM GAS  /tmp/ccin9CG8.s 			page 8


 190:Drivers/CMSIS/Include/cmsis_gcc.h ****   __ASM volatile ("MSR msp, %0\n" : : "r" (topOfMainStack) : "sp");
 191:Drivers/CMSIS/Include/cmsis_gcc.h **** }
 192:Drivers/CMSIS/Include/cmsis_gcc.h **** 
 193:Drivers/CMSIS/Include/cmsis_gcc.h **** 
 194:Drivers/CMSIS/Include/cmsis_gcc.h **** /**
 195:Drivers/CMSIS/Include/cmsis_gcc.h ****   \brief   Get Priority Mask
 196:Drivers/CMSIS/Include/cmsis_gcc.h ****   \details Returns the current state of the priority mask bit from the Priority Mask Register.
 197:Drivers/CMSIS/Include/cmsis_gcc.h ****   \return               Priority Mask value
 198:Drivers/CMSIS/Include/cmsis_gcc.h ****  */
 199:Drivers/CMSIS/Include/cmsis_gcc.h **** __attribute__( ( always_inline ) ) __STATIC_INLINE uint32_t __get_PRIMASK(void)
 200:Drivers/CMSIS/Include/cmsis_gcc.h **** {
 201:Drivers/CMSIS/Include/cmsis_gcc.h ****   uint32_t result;
 202:Drivers/CMSIS/Include/cmsis_gcc.h **** 
 203:Drivers/CMSIS/Include/cmsis_gcc.h ****   __ASM volatile ("MRS %0, primask" : "=r" (result) );
 204:Drivers/CMSIS/Include/cmsis_gcc.h ****   return(result);
 205:Drivers/CMSIS/Include/cmsis_gcc.h **** }
 206:Drivers/CMSIS/Include/cmsis_gcc.h **** 
 207:Drivers/CMSIS/Include/cmsis_gcc.h **** 
 208:Drivers/CMSIS/Include/cmsis_gcc.h **** /**
 209:Drivers/CMSIS/Include/cmsis_gcc.h ****   \brief   Set Priority Mask
 210:Drivers/CMSIS/Include/cmsis_gcc.h ****   \details Assigns the given value to the Priority Mask Register.
 211:Drivers/CMSIS/Include/cmsis_gcc.h ****   \param [in]    priMask  Priority Mask
 212:Drivers/CMSIS/Include/cmsis_gcc.h ****  */
 213:Drivers/CMSIS/Include/cmsis_gcc.h **** __attribute__( ( always_inline ) ) __STATIC_INLINE void __set_PRIMASK(uint32_t priMask)
 214:Drivers/CMSIS/Include/cmsis_gcc.h **** {
 215:Drivers/CMSIS/Include/cmsis_gcc.h ****   __ASM volatile ("MSR primask, %0" : : "r" (priMask) : "memory");
 216:Drivers/CMSIS/Include/cmsis_gcc.h **** }
 217:Drivers/CMSIS/Include/cmsis_gcc.h **** 
 218:Drivers/CMSIS/Include/cmsis_gcc.h **** 
 219:Drivers/CMSIS/Include/cmsis_gcc.h **** #if       (__CORTEX_M >= 0x03U)
 220:Drivers/CMSIS/Include/cmsis_gcc.h **** 
 221:Drivers/CMSIS/Include/cmsis_gcc.h **** /**
 222:Drivers/CMSIS/Include/cmsis_gcc.h ****   \brief   Enable FIQ
 223:Drivers/CMSIS/Include/cmsis_gcc.h ****   \details Enables FIQ interrupts by clearing the F-bit in the CPSR.
 224:Drivers/CMSIS/Include/cmsis_gcc.h ****            Can only be executed in Privileged modes.
 225:Drivers/CMSIS/Include/cmsis_gcc.h ****  */
 226:Drivers/CMSIS/Include/cmsis_gcc.h **** __attribute__( ( always_inline ) ) __STATIC_INLINE void __enable_fault_irq(void)
 227:Drivers/CMSIS/Include/cmsis_gcc.h **** {
 228:Drivers/CMSIS/Include/cmsis_gcc.h ****   __ASM volatile ("cpsie f" : : : "memory");
 229:Drivers/CMSIS/Include/cmsis_gcc.h **** }
 230:Drivers/CMSIS/Include/cmsis_gcc.h **** 
 231:Drivers/CMSIS/Include/cmsis_gcc.h **** 
 232:Drivers/CMSIS/Include/cmsis_gcc.h **** /**
 233:Drivers/CMSIS/Include/cmsis_gcc.h ****   \brief   Disable FIQ
 234:Drivers/CMSIS/Include/cmsis_gcc.h ****   \details Disables FIQ interrupts by setting the F-bit in the CPSR.
 235:Drivers/CMSIS/Include/cmsis_gcc.h ****            Can only be executed in Privileged modes.
 236:Drivers/CMSIS/Include/cmsis_gcc.h ****  */
 237:Drivers/CMSIS/Include/cmsis_gcc.h **** __attribute__( ( always_inline ) ) __STATIC_INLINE void __disable_fault_irq(void)
 238:Drivers/CMSIS/Include/cmsis_gcc.h **** {
 239:Drivers/CMSIS/Include/cmsis_gcc.h ****   __ASM volatile ("cpsid f" : : : "memory");
 240:Drivers/CMSIS/Include/cmsis_gcc.h **** }
 241:Drivers/CMSIS/Include/cmsis_gcc.h **** 
 242:Drivers/CMSIS/Include/cmsis_gcc.h **** 
 243:Drivers/CMSIS/Include/cmsis_gcc.h **** /**
 244:Drivers/CMSIS/Include/cmsis_gcc.h ****   \brief   Get Base Priority
 245:Drivers/CMSIS/Include/cmsis_gcc.h ****   \details Returns the current value of the Base Priority register.
 246:Drivers/CMSIS/Include/cmsis_gcc.h ****   \return               Base Priority register value
ARM GAS  /tmp/ccin9CG8.s 			page 9


 247:Drivers/CMSIS/Include/cmsis_gcc.h ****  */
 248:Drivers/CMSIS/Include/cmsis_gcc.h **** __attribute__( ( always_inline ) ) __STATIC_INLINE uint32_t __get_BASEPRI(void)
 249:Drivers/CMSIS/Include/cmsis_gcc.h **** {
 250:Drivers/CMSIS/Include/cmsis_gcc.h ****   uint32_t result;
 251:Drivers/CMSIS/Include/cmsis_gcc.h **** 
 252:Drivers/CMSIS/Include/cmsis_gcc.h ****   __ASM volatile ("MRS %0, basepri" : "=r" (result) );
 253:Drivers/CMSIS/Include/cmsis_gcc.h ****   return(result);
 254:Drivers/CMSIS/Include/cmsis_gcc.h **** }
 255:Drivers/CMSIS/Include/cmsis_gcc.h **** 
 256:Drivers/CMSIS/Include/cmsis_gcc.h **** 
 257:Drivers/CMSIS/Include/cmsis_gcc.h **** /**
 258:Drivers/CMSIS/Include/cmsis_gcc.h ****   \brief   Set Base Priority
 259:Drivers/CMSIS/Include/cmsis_gcc.h ****   \details Assigns the given value to the Base Priority register.
 260:Drivers/CMSIS/Include/cmsis_gcc.h ****   \param [in]    basePri  Base Priority value to set
 261:Drivers/CMSIS/Include/cmsis_gcc.h ****  */
 262:Drivers/CMSIS/Include/cmsis_gcc.h **** __attribute__( ( always_inline ) ) __STATIC_INLINE void __set_BASEPRI(uint32_t value)
 263:Drivers/CMSIS/Include/cmsis_gcc.h **** {
 264:Drivers/CMSIS/Include/cmsis_gcc.h ****   __ASM volatile ("MSR basepri, %0" : : "r" (value) : "memory");
 265:Drivers/CMSIS/Include/cmsis_gcc.h **** }
 266:Drivers/CMSIS/Include/cmsis_gcc.h **** 
 267:Drivers/CMSIS/Include/cmsis_gcc.h **** 
 268:Drivers/CMSIS/Include/cmsis_gcc.h **** /**
 269:Drivers/CMSIS/Include/cmsis_gcc.h ****   \brief   Set Base Priority with condition
 270:Drivers/CMSIS/Include/cmsis_gcc.h ****   \details Assigns the given value to the Base Priority register only if BASEPRI masking is disable
 271:Drivers/CMSIS/Include/cmsis_gcc.h ****            or the new value increases the BASEPRI priority level.
 272:Drivers/CMSIS/Include/cmsis_gcc.h ****   \param [in]    basePri  Base Priority value to set
 273:Drivers/CMSIS/Include/cmsis_gcc.h ****  */
 274:Drivers/CMSIS/Include/cmsis_gcc.h **** __attribute__( ( always_inline ) ) __STATIC_INLINE void __set_BASEPRI_MAX(uint32_t value)
 275:Drivers/CMSIS/Include/cmsis_gcc.h **** {
 276:Drivers/CMSIS/Include/cmsis_gcc.h ****   __ASM volatile ("MSR basepri_max, %0" : : "r" (value) : "memory");
 277:Drivers/CMSIS/Include/cmsis_gcc.h **** }
 278:Drivers/CMSIS/Include/cmsis_gcc.h **** 
 279:Drivers/CMSIS/Include/cmsis_gcc.h **** 
 280:Drivers/CMSIS/Include/cmsis_gcc.h **** /**
 281:Drivers/CMSIS/Include/cmsis_gcc.h ****   \brief   Get Fault Mask
 282:Drivers/CMSIS/Include/cmsis_gcc.h ****   \details Returns the current value of the Fault Mask register.
 283:Drivers/CMSIS/Include/cmsis_gcc.h ****   \return               Fault Mask register value
 284:Drivers/CMSIS/Include/cmsis_gcc.h ****  */
 285:Drivers/CMSIS/Include/cmsis_gcc.h **** __attribute__( ( always_inline ) ) __STATIC_INLINE uint32_t __get_FAULTMASK(void)
 286:Drivers/CMSIS/Include/cmsis_gcc.h **** {
 287:Drivers/CMSIS/Include/cmsis_gcc.h ****   uint32_t result;
 288:Drivers/CMSIS/Include/cmsis_gcc.h **** 
 289:Drivers/CMSIS/Include/cmsis_gcc.h ****   __ASM volatile ("MRS %0, faultmask" : "=r" (result) );
 290:Drivers/CMSIS/Include/cmsis_gcc.h ****   return(result);
 291:Drivers/CMSIS/Include/cmsis_gcc.h **** }
 292:Drivers/CMSIS/Include/cmsis_gcc.h **** 
 293:Drivers/CMSIS/Include/cmsis_gcc.h **** 
 294:Drivers/CMSIS/Include/cmsis_gcc.h **** /**
 295:Drivers/CMSIS/Include/cmsis_gcc.h ****   \brief   Set Fault Mask
 296:Drivers/CMSIS/Include/cmsis_gcc.h ****   \details Assigns the given value to the Fault Mask register.
 297:Drivers/CMSIS/Include/cmsis_gcc.h ****   \param [in]    faultMask  Fault Mask value to set
 298:Drivers/CMSIS/Include/cmsis_gcc.h ****  */
 299:Drivers/CMSIS/Include/cmsis_gcc.h **** __attribute__( ( always_inline ) ) __STATIC_INLINE void __set_FAULTMASK(uint32_t faultMask)
 300:Drivers/CMSIS/Include/cmsis_gcc.h **** {
 301:Drivers/CMSIS/Include/cmsis_gcc.h ****   __ASM volatile ("MSR faultmask, %0" : : "r" (faultMask) : "memory");
 302:Drivers/CMSIS/Include/cmsis_gcc.h **** }
 303:Drivers/CMSIS/Include/cmsis_gcc.h **** 
ARM GAS  /tmp/ccin9CG8.s 			page 10


 304:Drivers/CMSIS/Include/cmsis_gcc.h **** #endif /* (__CORTEX_M >= 0x03U) */
 305:Drivers/CMSIS/Include/cmsis_gcc.h **** 
 306:Drivers/CMSIS/Include/cmsis_gcc.h **** 
 307:Drivers/CMSIS/Include/cmsis_gcc.h **** #if       (__CORTEX_M == 0x04U) || (__CORTEX_M == 0x07U)
 308:Drivers/CMSIS/Include/cmsis_gcc.h **** 
 309:Drivers/CMSIS/Include/cmsis_gcc.h **** /**
 310:Drivers/CMSIS/Include/cmsis_gcc.h ****   \brief   Get FPSCR
 311:Drivers/CMSIS/Include/cmsis_gcc.h ****   \details Returns the current value of the Floating Point Status/Control register.
 312:Drivers/CMSIS/Include/cmsis_gcc.h ****   \return               Floating Point Status/Control register value
 313:Drivers/CMSIS/Include/cmsis_gcc.h ****  */
 314:Drivers/CMSIS/Include/cmsis_gcc.h **** __attribute__( ( always_inline ) ) __STATIC_INLINE uint32_t __get_FPSCR(void)
 315:Drivers/CMSIS/Include/cmsis_gcc.h **** {
 316:Drivers/CMSIS/Include/cmsis_gcc.h **** #if (__FPU_PRESENT == 1U) && (__FPU_USED == 1U)
 317:Drivers/CMSIS/Include/cmsis_gcc.h ****   uint32_t result;
 318:Drivers/CMSIS/Include/cmsis_gcc.h **** 
 319:Drivers/CMSIS/Include/cmsis_gcc.h ****   /* Empty asm statement works as a scheduling barrier */
 320:Drivers/CMSIS/Include/cmsis_gcc.h ****   __ASM volatile ("");
 321:Drivers/CMSIS/Include/cmsis_gcc.h ****   __ASM volatile ("VMRS %0, fpscr" : "=r" (result) );
 322:Drivers/CMSIS/Include/cmsis_gcc.h ****   __ASM volatile ("");
 323:Drivers/CMSIS/Include/cmsis_gcc.h ****   return(result);
 324:Drivers/CMSIS/Include/cmsis_gcc.h **** #else
 325:Drivers/CMSIS/Include/cmsis_gcc.h ****    return(0);
 326:Drivers/CMSIS/Include/cmsis_gcc.h **** #endif
 327:Drivers/CMSIS/Include/cmsis_gcc.h **** }
 328:Drivers/CMSIS/Include/cmsis_gcc.h **** 
 329:Drivers/CMSIS/Include/cmsis_gcc.h **** 
 330:Drivers/CMSIS/Include/cmsis_gcc.h **** /**
 331:Drivers/CMSIS/Include/cmsis_gcc.h ****   \brief   Set FPSCR
 332:Drivers/CMSIS/Include/cmsis_gcc.h ****   \details Assigns the given value to the Floating Point Status/Control register.
 333:Drivers/CMSIS/Include/cmsis_gcc.h ****   \param [in]    fpscr  Floating Point Status/Control value to set
 334:Drivers/CMSIS/Include/cmsis_gcc.h ****  */
 335:Drivers/CMSIS/Include/cmsis_gcc.h **** __attribute__( ( always_inline ) ) __STATIC_INLINE void __set_FPSCR(uint32_t fpscr)
 336:Drivers/CMSIS/Include/cmsis_gcc.h **** {
 337:Drivers/CMSIS/Include/cmsis_gcc.h **** #if (__FPU_PRESENT == 1U) && (__FPU_USED == 1U)
 338:Drivers/CMSIS/Include/cmsis_gcc.h ****   /* Empty asm statement works as a scheduling barrier */
 339:Drivers/CMSIS/Include/cmsis_gcc.h ****   __ASM volatile ("");
 340:Drivers/CMSIS/Include/cmsis_gcc.h ****   __ASM volatile ("VMSR fpscr, %0" : : "r" (fpscr) : "vfpcc");
 341:Drivers/CMSIS/Include/cmsis_gcc.h ****   __ASM volatile ("");
 342:Drivers/CMSIS/Include/cmsis_gcc.h **** #endif
 343:Drivers/CMSIS/Include/cmsis_gcc.h **** }
 344:Drivers/CMSIS/Include/cmsis_gcc.h **** 
 345:Drivers/CMSIS/Include/cmsis_gcc.h **** #endif /* (__CORTEX_M == 0x04U) || (__CORTEX_M == 0x07U) */
 346:Drivers/CMSIS/Include/cmsis_gcc.h **** 
 347:Drivers/CMSIS/Include/cmsis_gcc.h **** 
 348:Drivers/CMSIS/Include/cmsis_gcc.h **** 
 349:Drivers/CMSIS/Include/cmsis_gcc.h **** /*@} end of CMSIS_Core_RegAccFunctions */
 350:Drivers/CMSIS/Include/cmsis_gcc.h **** 
 351:Drivers/CMSIS/Include/cmsis_gcc.h **** 
 352:Drivers/CMSIS/Include/cmsis_gcc.h **** /* ##########################  Core Instruction Access  ######################### */
 353:Drivers/CMSIS/Include/cmsis_gcc.h **** /** \defgroup CMSIS_Core_InstructionInterface CMSIS Core Instruction Interface
 354:Drivers/CMSIS/Include/cmsis_gcc.h ****   Access to dedicated instructions
 355:Drivers/CMSIS/Include/cmsis_gcc.h ****   @{
 356:Drivers/CMSIS/Include/cmsis_gcc.h **** */
 357:Drivers/CMSIS/Include/cmsis_gcc.h **** 
 358:Drivers/CMSIS/Include/cmsis_gcc.h **** /* Define macros for porting to both thumb1 and thumb2.
 359:Drivers/CMSIS/Include/cmsis_gcc.h ****  * For thumb1, use low register (r0-r7), specified by constraint "l"
 360:Drivers/CMSIS/Include/cmsis_gcc.h ****  * Otherwise, use general registers, specified by constraint "r" */
ARM GAS  /tmp/ccin9CG8.s 			page 11


 361:Drivers/CMSIS/Include/cmsis_gcc.h **** #if defined (__thumb__) && !defined (__thumb2__)
 362:Drivers/CMSIS/Include/cmsis_gcc.h **** #define __CMSIS_GCC_OUT_REG(r) "=l" (r)
 363:Drivers/CMSIS/Include/cmsis_gcc.h **** #define __CMSIS_GCC_USE_REG(r) "l" (r)
 364:Drivers/CMSIS/Include/cmsis_gcc.h **** #else
 365:Drivers/CMSIS/Include/cmsis_gcc.h **** #define __CMSIS_GCC_OUT_REG(r) "=r" (r)
 366:Drivers/CMSIS/Include/cmsis_gcc.h **** #define __CMSIS_GCC_USE_REG(r) "r" (r)
 367:Drivers/CMSIS/Include/cmsis_gcc.h **** #endif
 368:Drivers/CMSIS/Include/cmsis_gcc.h **** 
 369:Drivers/CMSIS/Include/cmsis_gcc.h **** /**
 370:Drivers/CMSIS/Include/cmsis_gcc.h ****   \brief   No Operation
 371:Drivers/CMSIS/Include/cmsis_gcc.h ****   \details No Operation does nothing. This instruction can be used for code alignment purposes.
 372:Drivers/CMSIS/Include/cmsis_gcc.h ****  */
 373:Drivers/CMSIS/Include/cmsis_gcc.h **** __attribute__((always_inline)) __STATIC_INLINE void __NOP(void)
 374:Drivers/CMSIS/Include/cmsis_gcc.h **** {
 375:Drivers/CMSIS/Include/cmsis_gcc.h ****   __ASM volatile ("nop");
 376:Drivers/CMSIS/Include/cmsis_gcc.h **** }
 377:Drivers/CMSIS/Include/cmsis_gcc.h **** 
 378:Drivers/CMSIS/Include/cmsis_gcc.h **** 
 379:Drivers/CMSIS/Include/cmsis_gcc.h **** /**
 380:Drivers/CMSIS/Include/cmsis_gcc.h ****   \brief   Wait For Interrupt
 381:Drivers/CMSIS/Include/cmsis_gcc.h ****   \details Wait For Interrupt is a hint instruction that suspends execution until one of a number o
 382:Drivers/CMSIS/Include/cmsis_gcc.h ****  */
 383:Drivers/CMSIS/Include/cmsis_gcc.h **** __attribute__((always_inline)) __STATIC_INLINE void __WFI(void)
 384:Drivers/CMSIS/Include/cmsis_gcc.h **** {
 385:Drivers/CMSIS/Include/cmsis_gcc.h ****   __ASM volatile ("wfi");
 386:Drivers/CMSIS/Include/cmsis_gcc.h **** }
 387:Drivers/CMSIS/Include/cmsis_gcc.h **** 
 388:Drivers/CMSIS/Include/cmsis_gcc.h **** 
 389:Drivers/CMSIS/Include/cmsis_gcc.h **** /**
 390:Drivers/CMSIS/Include/cmsis_gcc.h ****   \brief   Wait For Event
 391:Drivers/CMSIS/Include/cmsis_gcc.h ****   \details Wait For Event is a hint instruction that permits the processor to enter
 392:Drivers/CMSIS/Include/cmsis_gcc.h ****     a low-power state until one of a number of events occurs.
 393:Drivers/CMSIS/Include/cmsis_gcc.h ****  */
 394:Drivers/CMSIS/Include/cmsis_gcc.h **** __attribute__((always_inline)) __STATIC_INLINE void __WFE(void)
 395:Drivers/CMSIS/Include/cmsis_gcc.h **** {
 396:Drivers/CMSIS/Include/cmsis_gcc.h ****   __ASM volatile ("wfe");
 397:Drivers/CMSIS/Include/cmsis_gcc.h **** }
 398:Drivers/CMSIS/Include/cmsis_gcc.h **** 
 399:Drivers/CMSIS/Include/cmsis_gcc.h **** 
 400:Drivers/CMSIS/Include/cmsis_gcc.h **** /**
 401:Drivers/CMSIS/Include/cmsis_gcc.h ****   \brief   Send Event
 402:Drivers/CMSIS/Include/cmsis_gcc.h ****   \details Send Event is a hint instruction. It causes an event to be signaled to the CPU.
 403:Drivers/CMSIS/Include/cmsis_gcc.h ****  */
 404:Drivers/CMSIS/Include/cmsis_gcc.h **** __attribute__((always_inline)) __STATIC_INLINE void __SEV(void)
 405:Drivers/CMSIS/Include/cmsis_gcc.h **** {
 406:Drivers/CMSIS/Include/cmsis_gcc.h ****   __ASM volatile ("sev");
 407:Drivers/CMSIS/Include/cmsis_gcc.h **** }
 408:Drivers/CMSIS/Include/cmsis_gcc.h **** 
 409:Drivers/CMSIS/Include/cmsis_gcc.h **** 
 410:Drivers/CMSIS/Include/cmsis_gcc.h **** /**
 411:Drivers/CMSIS/Include/cmsis_gcc.h ****   \brief   Instruction Synchronization Barrier
 412:Drivers/CMSIS/Include/cmsis_gcc.h ****   \details Instruction Synchronization Barrier flushes the pipeline in the processor,
 413:Drivers/CMSIS/Include/cmsis_gcc.h ****            so that all instructions following the ISB are fetched from cache or memory,
 414:Drivers/CMSIS/Include/cmsis_gcc.h ****            after the instruction has been completed.
 415:Drivers/CMSIS/Include/cmsis_gcc.h ****  */
 416:Drivers/CMSIS/Include/cmsis_gcc.h **** __attribute__((always_inline)) __STATIC_INLINE void __ISB(void)
 417:Drivers/CMSIS/Include/cmsis_gcc.h **** {
ARM GAS  /tmp/ccin9CG8.s 			page 12


 418:Drivers/CMSIS/Include/cmsis_gcc.h ****   __ASM volatile ("isb 0xF":::"memory");
 419:Drivers/CMSIS/Include/cmsis_gcc.h **** }
 420:Drivers/CMSIS/Include/cmsis_gcc.h **** 
 421:Drivers/CMSIS/Include/cmsis_gcc.h **** 
 422:Drivers/CMSIS/Include/cmsis_gcc.h **** /**
 423:Drivers/CMSIS/Include/cmsis_gcc.h ****   \brief   Data Synchronization Barrier
 424:Drivers/CMSIS/Include/cmsis_gcc.h ****   \details Acts as a special kind of Data Memory Barrier.
 425:Drivers/CMSIS/Include/cmsis_gcc.h ****            It completes when all explicit memory accesses before this instruction complete.
 426:Drivers/CMSIS/Include/cmsis_gcc.h ****  */
 427:Drivers/CMSIS/Include/cmsis_gcc.h **** __attribute__((always_inline)) __STATIC_INLINE void __DSB(void)
 428:Drivers/CMSIS/Include/cmsis_gcc.h **** {
 429:Drivers/CMSIS/Include/cmsis_gcc.h ****   __ASM volatile ("dsb 0xF":::"memory");
 430:Drivers/CMSIS/Include/cmsis_gcc.h **** }
 431:Drivers/CMSIS/Include/cmsis_gcc.h **** 
 432:Drivers/CMSIS/Include/cmsis_gcc.h **** 
 433:Drivers/CMSIS/Include/cmsis_gcc.h **** /**
 434:Drivers/CMSIS/Include/cmsis_gcc.h ****   \brief   Data Memory Barrier
 435:Drivers/CMSIS/Include/cmsis_gcc.h ****   \details Ensures the apparent order of the explicit memory operations before
 436:Drivers/CMSIS/Include/cmsis_gcc.h ****            and after the instruction, without ensuring their completion.
 437:Drivers/CMSIS/Include/cmsis_gcc.h ****  */
 438:Drivers/CMSIS/Include/cmsis_gcc.h **** __attribute__((always_inline)) __STATIC_INLINE void __DMB(void)
 439:Drivers/CMSIS/Include/cmsis_gcc.h **** {
 440:Drivers/CMSIS/Include/cmsis_gcc.h ****   __ASM volatile ("dmb 0xF":::"memory");
 441:Drivers/CMSIS/Include/cmsis_gcc.h **** }
 442:Drivers/CMSIS/Include/cmsis_gcc.h **** 
 443:Drivers/CMSIS/Include/cmsis_gcc.h **** 
 444:Drivers/CMSIS/Include/cmsis_gcc.h **** /**
 445:Drivers/CMSIS/Include/cmsis_gcc.h ****   \brief   Reverse byte order (32 bit)
 446:Drivers/CMSIS/Include/cmsis_gcc.h ****   \details Reverses the byte order in integer value.
 447:Drivers/CMSIS/Include/cmsis_gcc.h ****   \param [in]    value  Value to reverse
 448:Drivers/CMSIS/Include/cmsis_gcc.h ****   \return               Reversed value
 449:Drivers/CMSIS/Include/cmsis_gcc.h ****  */
 450:Drivers/CMSIS/Include/cmsis_gcc.h **** __attribute__((always_inline)) __STATIC_INLINE uint32_t __REV(uint32_t value)
 451:Drivers/CMSIS/Include/cmsis_gcc.h **** {
 452:Drivers/CMSIS/Include/cmsis_gcc.h **** #if (__GNUC__ > 4) || (__GNUC__ == 4 && __GNUC_MINOR__ >= 5)
 453:Drivers/CMSIS/Include/cmsis_gcc.h ****   return __builtin_bswap32(value);
 454:Drivers/CMSIS/Include/cmsis_gcc.h **** #else
 455:Drivers/CMSIS/Include/cmsis_gcc.h ****   uint32_t result;
 456:Drivers/CMSIS/Include/cmsis_gcc.h **** 
 457:Drivers/CMSIS/Include/cmsis_gcc.h ****   __ASM volatile ("rev %0, %1" : __CMSIS_GCC_OUT_REG (result) : __CMSIS_GCC_USE_REG (value) );
 458:Drivers/CMSIS/Include/cmsis_gcc.h ****   return(result);
 459:Drivers/CMSIS/Include/cmsis_gcc.h **** #endif
 460:Drivers/CMSIS/Include/cmsis_gcc.h **** }
 461:Drivers/CMSIS/Include/cmsis_gcc.h **** 
 462:Drivers/CMSIS/Include/cmsis_gcc.h **** 
 463:Drivers/CMSIS/Include/cmsis_gcc.h **** /**
 464:Drivers/CMSIS/Include/cmsis_gcc.h ****   \brief   Reverse byte order (16 bit)
 465:Drivers/CMSIS/Include/cmsis_gcc.h ****   \details Reverses the byte order in two unsigned short values.
 466:Drivers/CMSIS/Include/cmsis_gcc.h ****   \param [in]    value  Value to reverse
 467:Drivers/CMSIS/Include/cmsis_gcc.h ****   \return               Reversed value
 468:Drivers/CMSIS/Include/cmsis_gcc.h ****  */
 469:Drivers/CMSIS/Include/cmsis_gcc.h **** __attribute__((always_inline)) __STATIC_INLINE uint32_t __REV16(uint32_t value)
 470:Drivers/CMSIS/Include/cmsis_gcc.h **** {
 471:Drivers/CMSIS/Include/cmsis_gcc.h ****   uint32_t result;
 472:Drivers/CMSIS/Include/cmsis_gcc.h **** 
 473:Drivers/CMSIS/Include/cmsis_gcc.h ****   __ASM volatile ("rev16 %0, %1" : __CMSIS_GCC_OUT_REG (result) : __CMSIS_GCC_USE_REG (value) );
 474:Drivers/CMSIS/Include/cmsis_gcc.h ****   return(result);
ARM GAS  /tmp/ccin9CG8.s 			page 13


 475:Drivers/CMSIS/Include/cmsis_gcc.h **** }
 476:Drivers/CMSIS/Include/cmsis_gcc.h **** 
 477:Drivers/CMSIS/Include/cmsis_gcc.h **** 
 478:Drivers/CMSIS/Include/cmsis_gcc.h **** /**
 479:Drivers/CMSIS/Include/cmsis_gcc.h ****   \brief   Reverse byte order in signed short value
 480:Drivers/CMSIS/Include/cmsis_gcc.h ****   \details Reverses the byte order in a signed short value with sign extension to integer.
 481:Drivers/CMSIS/Include/cmsis_gcc.h ****   \param [in]    value  Value to reverse
 482:Drivers/CMSIS/Include/cmsis_gcc.h ****   \return               Reversed value
 483:Drivers/CMSIS/Include/cmsis_gcc.h ****  */
 484:Drivers/CMSIS/Include/cmsis_gcc.h **** __attribute__((always_inline)) __STATIC_INLINE int32_t __REVSH(int32_t value)
 485:Drivers/CMSIS/Include/cmsis_gcc.h **** {
 486:Drivers/CMSIS/Include/cmsis_gcc.h **** #if (__GNUC__ > 4) || (__GNUC__ == 4 && __GNUC_MINOR__ >= 8)
 487:Drivers/CMSIS/Include/cmsis_gcc.h ****   return (short)__builtin_bswap16(value);
 488:Drivers/CMSIS/Include/cmsis_gcc.h **** #else
 489:Drivers/CMSIS/Include/cmsis_gcc.h ****   int32_t result;
 490:Drivers/CMSIS/Include/cmsis_gcc.h **** 
 491:Drivers/CMSIS/Include/cmsis_gcc.h ****   __ASM volatile ("revsh %0, %1" : __CMSIS_GCC_OUT_REG (result) : __CMSIS_GCC_USE_REG (value) );
 492:Drivers/CMSIS/Include/cmsis_gcc.h ****   return(result);
 493:Drivers/CMSIS/Include/cmsis_gcc.h **** #endif
 494:Drivers/CMSIS/Include/cmsis_gcc.h **** }
 495:Drivers/CMSIS/Include/cmsis_gcc.h **** 
 496:Drivers/CMSIS/Include/cmsis_gcc.h **** 
 497:Drivers/CMSIS/Include/cmsis_gcc.h **** /**
 498:Drivers/CMSIS/Include/cmsis_gcc.h ****   \brief   Rotate Right in unsigned value (32 bit)
 499:Drivers/CMSIS/Include/cmsis_gcc.h ****   \details Rotate Right (immediate) provides the value of the contents of a register rotated by a v
 500:Drivers/CMSIS/Include/cmsis_gcc.h ****   \param [in]    value  Value to rotate
 501:Drivers/CMSIS/Include/cmsis_gcc.h ****   \param [in]    value  Number of Bits to rotate
 502:Drivers/CMSIS/Include/cmsis_gcc.h ****   \return               Rotated value
 503:Drivers/CMSIS/Include/cmsis_gcc.h ****  */
 504:Drivers/CMSIS/Include/cmsis_gcc.h **** __attribute__((always_inline)) __STATIC_INLINE uint32_t __ROR(uint32_t op1, uint32_t op2)
 505:Drivers/CMSIS/Include/cmsis_gcc.h **** {
 506:Drivers/CMSIS/Include/cmsis_gcc.h ****   return (op1 >> op2) | (op1 << (32U - op2));
 507:Drivers/CMSIS/Include/cmsis_gcc.h **** }
 508:Drivers/CMSIS/Include/cmsis_gcc.h **** 
 509:Drivers/CMSIS/Include/cmsis_gcc.h **** 
 510:Drivers/CMSIS/Include/cmsis_gcc.h **** /**
 511:Drivers/CMSIS/Include/cmsis_gcc.h ****   \brief   Breakpoint
 512:Drivers/CMSIS/Include/cmsis_gcc.h ****   \details Causes the processor to enter Debug state.
 513:Drivers/CMSIS/Include/cmsis_gcc.h ****            Debug tools can use this to investigate system state when the instruction at a particula
 514:Drivers/CMSIS/Include/cmsis_gcc.h ****   \param [in]    value  is ignored by the processor.
 515:Drivers/CMSIS/Include/cmsis_gcc.h ****                  If required, a debugger can use it to store additional information about the break
 516:Drivers/CMSIS/Include/cmsis_gcc.h ****  */
 517:Drivers/CMSIS/Include/cmsis_gcc.h **** #define __BKPT(value)                       __ASM volatile ("bkpt "#value)
 518:Drivers/CMSIS/Include/cmsis_gcc.h **** 
 519:Drivers/CMSIS/Include/cmsis_gcc.h **** 
 520:Drivers/CMSIS/Include/cmsis_gcc.h **** /**
 521:Drivers/CMSIS/Include/cmsis_gcc.h ****   \brief   Reverse bit order of value
 522:Drivers/CMSIS/Include/cmsis_gcc.h ****   \details Reverses the bit order of the given value.
 523:Drivers/CMSIS/Include/cmsis_gcc.h ****   \param [in]    value  Value to reverse
 524:Drivers/CMSIS/Include/cmsis_gcc.h ****   \return               Reversed value
 525:Drivers/CMSIS/Include/cmsis_gcc.h ****  */
 526:Drivers/CMSIS/Include/cmsis_gcc.h **** __attribute__((always_inline)) __STATIC_INLINE uint32_t __RBIT(uint32_t value)
 527:Drivers/CMSIS/Include/cmsis_gcc.h **** {
 528:Drivers/CMSIS/Include/cmsis_gcc.h ****   uint32_t result;
 529:Drivers/CMSIS/Include/cmsis_gcc.h **** 
 530:Drivers/CMSIS/Include/cmsis_gcc.h **** #if       (__CORTEX_M >= 0x03U) || (__CORTEX_SC >= 300U)
 531:Drivers/CMSIS/Include/cmsis_gcc.h ****    __ASM volatile ("rbit %0, %1" : "=r" (result) : "r" (value) );
ARM GAS  /tmp/ccin9CG8.s 			page 14


 121              		.loc 2 531 0
 122 0034 7B69     		ldr	r3, [r7, #20]
 123              	@ 531 "Drivers/CMSIS/Include/cmsis_gcc.h" 1
 124 0036 93FAA3F3 		rbit r3, r3
 125              	@ 0 "" 2
 126              		.thumb
 127 003a 3B61     		str	r3, [r7, #16]
 532:Drivers/CMSIS/Include/cmsis_gcc.h **** #else
 533:Drivers/CMSIS/Include/cmsis_gcc.h ****   int32_t s = 4 /*sizeof(v)*/ * 8 - 1; /* extra shift needed at end */
 534:Drivers/CMSIS/Include/cmsis_gcc.h **** 
 535:Drivers/CMSIS/Include/cmsis_gcc.h ****   result = value;                      /* r will be reversed bits of v; first get LSB of v */
 536:Drivers/CMSIS/Include/cmsis_gcc.h ****   for (value >>= 1U; value; value >>= 1U)
 537:Drivers/CMSIS/Include/cmsis_gcc.h ****   {
 538:Drivers/CMSIS/Include/cmsis_gcc.h ****     result <<= 1U;
 539:Drivers/CMSIS/Include/cmsis_gcc.h ****     result |= value & 1U;
 540:Drivers/CMSIS/Include/cmsis_gcc.h ****     s--;
 541:Drivers/CMSIS/Include/cmsis_gcc.h ****   }
 542:Drivers/CMSIS/Include/cmsis_gcc.h ****   result <<= s;                        /* shift when v's highest bits are zero */
 543:Drivers/CMSIS/Include/cmsis_gcc.h **** #endif
 544:Drivers/CMSIS/Include/cmsis_gcc.h ****   return(result);
 128              		.loc 2 544 0
 129 003c 3B69     		ldr	r3, [r7, #16]
 130              	.LBE9:
 131              	.LBE8:
  94:Src/rtc.c     ****     /* Peripheral clock enable */
  95:Src/rtc.c     ****     __HAL_RCC_RTC_ENABLE();
 132              		.loc 1 95 0
 133 003e B3FA83F3 		clz	r3, r3
 134 0042 9B00     		lsls	r3, r3, #2
 135 0044 1A46     		mov	r2, r3
 136 0046 064B     		ldr	r3, .L8+8
 137 0048 1344     		add	r3, r3, r2
 138 004a 1A46     		mov	r2, r3
 139 004c 0123     		movs	r3, #1
 140 004e 1360     		str	r3, [r2]
 141              	.L5:
  96:Src/rtc.c     ****   /* USER CODE BEGIN RTC_MspInit 1 */
  97:Src/rtc.c     **** 
  98:Src/rtc.c     ****   /* USER CODE END RTC_MspInit 1 */
  99:Src/rtc.c     ****   }
 100:Src/rtc.c     **** }
 142              		.loc 1 100 0
 143 0050 1837     		adds	r7, r7, #24
 144              	.LCFI5:
 145              		.cfi_def_cfa_offset 8
 146 0052 BD46     		mov	sp, r7
 147              	.LCFI6:
 148              		.cfi_def_cfa_register 13
 149              		@ sp needed
 150 0054 80BD     		pop	{r7, pc}
 151              	.L9:
 152 0056 00BF     		.align	2
 153              	.L8:
 154 0058 00280040 		.word	1073752064
 155 005c 00100240 		.word	1073876992
 156 0060 00044242 		.word	1111622656
 157              		.cfi_endproc
ARM GAS  /tmp/ccin9CG8.s 			page 15


 158              	.LFE64:
 160              		.section	.text.HAL_RTC_MspDeInit,"ax",%progbits
 161              		.align	2
 162              		.global	HAL_RTC_MspDeInit
 163              		.thumb
 164              		.thumb_func
 166              	HAL_RTC_MspDeInit:
 167              	.LFB65:
 101:Src/rtc.c     **** 
 102:Src/rtc.c     **** void HAL_RTC_MspDeInit(RTC_HandleTypeDef* rtcHandle)
 103:Src/rtc.c     **** {
 168              		.loc 1 103 0
 169              		.cfi_startproc
 170              		@ args = 0, pretend = 0, frame = 16
 171              		@ frame_needed = 1, uses_anonymous_args = 0
 172              		@ link register save eliminated.
 173 0000 80B4     		push	{r7}
 174              	.LCFI7:
 175              		.cfi_def_cfa_offset 4
 176              		.cfi_offset 7, -4
 177 0002 85B0     		sub	sp, sp, #20
 178              	.LCFI8:
 179              		.cfi_def_cfa_offset 24
 180 0004 00AF     		add	r7, sp, #0
 181              	.LCFI9:
 182              		.cfi_def_cfa_register 7
 183 0006 7860     		str	r0, [r7, #4]
 104:Src/rtc.c     **** 
 105:Src/rtc.c     ****   if(rtcHandle->Instance==RTC)
 184              		.loc 1 105 0
 185 0008 7B68     		ldr	r3, [r7, #4]
 186 000a 1B68     		ldr	r3, [r3]
 187 000c 0C4A     		ldr	r2, .L13
 188 000e 9342     		cmp	r3, r2
 189 0010 10D1     		bne	.L10
 190 0012 4FF40043 		mov	r3, #32768
 191 0016 FB60     		str	r3, [r7, #12]
 192              	.LBB10:
 193              	.LBB11:
 531:Drivers/CMSIS/Include/cmsis_gcc.h **** #else
 194              		.loc 2 531 0
 195 0018 FB68     		ldr	r3, [r7, #12]
 196              	@ 531 "Drivers/CMSIS/Include/cmsis_gcc.h" 1
 197 001a 93FAA3F3 		rbit r3, r3
 198              	@ 0 "" 2
 199              		.thumb
 200 001e BB60     		str	r3, [r7, #8]
 201              		.loc 2 544 0
 202 0020 BB68     		ldr	r3, [r7, #8]
 203              	.LBE11:
 204              	.LBE10:
 106:Src/rtc.c     ****   {
 107:Src/rtc.c     ****   /* USER CODE BEGIN RTC_MspDeInit 0 */
 108:Src/rtc.c     **** 
 109:Src/rtc.c     ****   /* USER CODE END RTC_MspDeInit 0 */
 110:Src/rtc.c     ****     /* Peripheral clock disable */
 111:Src/rtc.c     ****     __HAL_RCC_RTC_DISABLE();
ARM GAS  /tmp/ccin9CG8.s 			page 16


 205              		.loc 1 111 0
 206 0022 B3FA83F3 		clz	r3, r3
 207 0026 9B00     		lsls	r3, r3, #2
 208 0028 1A46     		mov	r2, r3
 209 002a 064B     		ldr	r3, .L13+4
 210 002c 1344     		add	r3, r3, r2
 211 002e 1A46     		mov	r2, r3
 212 0030 0023     		movs	r3, #0
 213 0032 1360     		str	r3, [r2]
 214              	.L10:
 112:Src/rtc.c     ****   }
 113:Src/rtc.c     ****   /* USER CODE BEGIN RTC_MspDeInit 1 */
 114:Src/rtc.c     **** 
 115:Src/rtc.c     ****   /* USER CODE END RTC_MspDeInit 1 */
 116:Src/rtc.c     **** } 
 215              		.loc 1 116 0
 216 0034 1437     		adds	r7, r7, #20
 217              	.LCFI10:
 218              		.cfi_def_cfa_offset 4
 219 0036 BD46     		mov	sp, r7
 220              	.LCFI11:
 221              		.cfi_def_cfa_register 13
 222              		@ sp needed
 223 0038 5DF8047B 		ldr	r7, [sp], #4
 224              	.LCFI12:
 225              		.cfi_restore 7
 226              		.cfi_def_cfa_offset 0
 227 003c 7047     		bx	lr
 228              	.L14:
 229 003e 00BF     		.align	2
 230              	.L13:
 231 0040 00280040 		.word	1073752064
 232 0044 00044242 		.word	1111622656
 233              		.cfi_endproc
 234              	.LFE65:
 236              		.text
 237              	.Letext0:
 238              		.file 3 "/usr/include/newlib/machine/_default_types.h"
 239              		.file 4 "/usr/include/newlib/stdint.h"
 240              		.file 5 "Drivers/CMSIS/Device/ST/STM32F1xx/Include/stm32f103xb.h"
 241              		.file 6 "Drivers/CMSIS/Device/ST/STM32F1xx/Include/stm32f1xx.h"
 242              		.file 7 "Drivers/STM32F1xx_HAL_Driver/Inc/stm32f1xx_hal_def.h"
 243              		.file 8 "Drivers/STM32F1xx_HAL_Driver/Inc/stm32f1xx_hal_rtc.h"
 244              		.file 9 "Drivers/CMSIS/Include/core_cm3.h"
ARM GAS  /tmp/ccin9CG8.s 			page 17


DEFINED SYMBOLS
                            *ABS*:0000000000000000 rtc.c
                            *COM*:0000000000000014 hrtc
     /tmp/ccin9CG8.s:20     .text.MX_RTC_Init:0000000000000000 $t
     /tmp/ccin9CG8.s:25     .text.MX_RTC_Init:0000000000000000 MX_RTC_Init
     /tmp/ccin9CG8.s:66     .text.MX_RTC_Init:000000000000002c $d
     /tmp/ccin9CG8.s:72     .text.HAL_RTC_MspInit:0000000000000000 $t
     /tmp/ccin9CG8.s:77     .text.HAL_RTC_MspInit:0000000000000000 HAL_RTC_MspInit
     /tmp/ccin9CG8.s:154    .text.HAL_RTC_MspInit:0000000000000058 $d
     /tmp/ccin9CG8.s:161    .text.HAL_RTC_MspDeInit:0000000000000000 $t
     /tmp/ccin9CG8.s:166    .text.HAL_RTC_MspDeInit:0000000000000000 HAL_RTC_MspDeInit
     /tmp/ccin9CG8.s:231    .text.HAL_RTC_MspDeInit:0000000000000040 $d
                     .debug_frame:0000000000000010 $d

UNDEFINED SYMBOLS
HAL_RTC_Init
Error_Handler
HAL_PWR_EnableBkUpAccess
